[2023-04-16 23:57:10] INFO com.example.PetprojectApplication(StartupInfoLogger.java:55) - Starting PetprojectApplication using Java 1.8.0_333 on DESKTOP-2BVAFLS with PID 8904 (C:\Users\USER\git\petproject_boot\target\classes started by USER in C:\Users\USER\git\petproject_boot)
[2023-04-16 23:57:10] INFO com.example.PetprojectApplication(SpringApplication.java:631) - No active profile set, falling back to 1 default profile: "default"
[2023-04-16 23:57:10] INFO org.springframework.boot.devtools.restart.ChangeableUrls(DeferredLog.java:255) - The Class-Path manifest attribute in C:\Users\USER\.m2\repository\com\oracle\database\jdbc\ojdbc8\21.5.0.0\ojdbc8-21.5.0.0.jar referenced one or more files that do not exist: file:/C:/Users/USER/.m2/repository/com/oracle/database/jdbc/ojdbc8/21.5.0.0/oraclepki.jar
[2023-04-16 23:57:10] INFO org.springframework.boot.devtools.env.DevToolsPropertyDefaultsPostProcessor(DeferredLog.java:255) - Devtools property defaults active! Set 'spring.devtools.add-properties' to 'false' to disable
[2023-04-16 23:57:10] INFO org.springframework.boot.devtools.env.DevToolsPropertyDefaultsPostProcessor(DeferredLog.java:255) - For additional web related logging consider setting the 'logging.level.web' property to 'DEBUG'
[2023-04-16 23:57:11] INFO org.springframework.boot.web.embedded.tomcat.TomcatWebServer(TomcatWebServer.java:108) - Tomcat initialized with port(s): 8093 (http)
[2023-04-16 23:57:11] INFO org.apache.coyote.http11.Http11NioProtocol(DirectJDKLog.java:173) - Initializing ProtocolHandler ["http-nio-8093"]
[2023-04-16 23:57:11] INFO org.apache.catalina.core.StandardService(DirectJDKLog.java:173) - Starting service [Tomcat]
[2023-04-16 23:57:11] INFO org.apache.catalina.core.StandardEngine(DirectJDKLog.java:173) - Starting Servlet engine: [Apache Tomcat/9.0.71]
[2023-04-16 23:57:11] INFO org.apache.catalina.core.ContainerBase.[Tomcat].[localhost].[/app](DirectJDKLog.java:173) - Initializing Spring embedded WebApplicationContext
[2023-04-16 23:57:11] INFO org.springframework.boot.web.servlet.context.ServletWebServerApplicationContext(ServletWebServerApplicationContext.java:292) - Root WebApplicationContext: initialization completed in 1512 ms
[2023-04-16 23:57:12] INFO org.springframework.boot.devtools.autoconfigure.OptionalLiveReloadServer(OptionalLiveReloadServer.java:59) - LiveReload server is running on port 35729
[2023-04-16 23:57:12] INFO org.apache.coyote.http11.Http11NioProtocol(DirectJDKLog.java:173) - Starting ProtocolHandler ["http-nio-8093"]
[2023-04-16 23:57:12] INFO org.springframework.boot.web.embedded.tomcat.TomcatWebServer(TomcatWebServer.java:220) - Tomcat started on port(s): 8093 (http) with context path '/app'
[2023-04-16 23:57:13] INFO com.example.PetprojectApplication(StartupInfoLogger.java:61) - Started PetprojectApplication in 3.468 seconds (JVM running for 4.585)
[2023-04-16 23:57:25] INFO org.springframework.boot.devtools.autoconfigure.LocalDevToolsAutoConfiguration$RestartingClassPathChangeChangedEventListener(LocalDevToolsAutoConfiguration.java:211) - Restarting due to 1 class path change (0 additions, 0 deletions, 1 modification)
[2023-04-16 23:57:25] INFO org.apache.coyote.http11.Http11NioProtocol(DirectJDKLog.java:173) - Pausing ProtocolHandler ["http-nio-8093"]
[2023-04-16 23:57:25] INFO org.apache.catalina.core.StandardService(DirectJDKLog.java:173) - Stopping service [Tomcat]
[2023-04-16 23:57:25] INFO org.apache.coyote.http11.Http11NioProtocol(DirectJDKLog.java:173) - Stopping ProtocolHandler ["http-nio-8093"]
[2023-04-16 23:57:25] INFO org.apache.coyote.http11.Http11NioProtocol(DirectJDKLog.java:173) - Destroying ProtocolHandler ["http-nio-8093"]
[2023-04-16 23:57:25] INFO com.example.PetprojectApplication(StartupInfoLogger.java:55) - Starting PetprojectApplication using Java 1.8.0_333 on DESKTOP-2BVAFLS with PID 8904 (C:\Users\USER\git\petproject_boot\target\classes started by USER in C:\Users\USER\git\petproject_boot)
[2023-04-16 23:57:25] INFO com.example.PetprojectApplication(SpringApplication.java:631) - No active profile set, falling back to 1 default profile: "default"
[2023-04-16 23:57:25] INFO org.springframework.boot.web.embedded.tomcat.TomcatWebServer(TomcatWebServer.java:108) - Tomcat initialized with port(s): 8093 (http)
[2023-04-16 23:57:25] INFO org.apache.coyote.http11.Http11NioProtocol(DirectJDKLog.java:173) - Initializing ProtocolHandler ["http-nio-8093"]
[2023-04-16 23:57:25] INFO org.apache.catalina.core.StandardService(DirectJDKLog.java:173) - Starting service [Tomcat]
[2023-04-16 23:57:25] INFO org.apache.catalina.core.StandardEngine(DirectJDKLog.java:173) - Starting Servlet engine: [Apache Tomcat/9.0.71]
[2023-04-16 23:57:25] INFO org.apache.catalina.core.ContainerBase.[Tomcat].[localhost].[/app](DirectJDKLog.java:173) - Initializing Spring embedded WebApplicationContext
[2023-04-16 23:57:25] INFO org.springframework.boot.web.servlet.context.ServletWebServerApplicationContext(ServletWebServerApplicationContext.java:292) - Root WebApplicationContext: initialization completed in 466 ms
[2023-04-16 23:57:26] INFO org.springframework.boot.devtools.autoconfigure.OptionalLiveReloadServer(OptionalLiveReloadServer.java:59) - LiveReload server is running on port 35729
[2023-04-16 23:57:26] INFO org.apache.coyote.http11.Http11NioProtocol(DirectJDKLog.java:173) - Starting ProtocolHandler ["http-nio-8093"]
[2023-04-16 23:57:26] INFO org.springframework.boot.web.embedded.tomcat.TomcatWebServer(TomcatWebServer.java:220) - Tomcat started on port(s): 8093 (http) with context path '/app'
[2023-04-16 23:57:26] INFO com.example.PetprojectApplication(StartupInfoLogger.java:61) - Started PetprojectApplication in 0.805 seconds (JVM running for 17.754)
[2023-04-16 23:57:26] INFO org.springframework.boot.devtools.autoconfigure.ConditionEvaluationDeltaLoggingListener(ConditionEvaluationDeltaLoggingListener.java:63) - Condition evaluation unchanged
[2023-04-16 23:57:47] INFO org.apache.catalina.core.ContainerBase.[Tomcat].[localhost].[/app](DirectJDKLog.java:173) - Initializing Spring DispatcherServlet 'dispatcherServlet'
[2023-04-16 23:57:47] INFO org.springframework.web.servlet.DispatcherServlet(FrameworkServlet.java:525) - Initializing Servlet 'dispatcherServlet'
[2023-04-16 23:57:47] INFO org.springframework.web.servlet.DispatcherServlet(FrameworkServlet.java:547) - Completed initialization in 1 ms
[2023-04-16 23:58:13] INFO com.zaxxer.hikari.HikariDataSource(HikariDataSource.java:110) - HikariPool-1 - Starting...
[2023-04-16 23:58:13] WARN com.zaxxer.hikari.util.DriverDataSource(DriverDataSource.java:70) - Registered driver with driverClassName=oracle.jdbc.driver.OracleDriver was not found, trying direct instantiation.
[2023-04-16 23:58:14] INFO com.zaxxer.hikari.HikariDataSource(HikariDataSource.java:123) - HikariPool-1 - Start completed.
[2023-04-16 23:58:14] ERROR org.apache.catalina.core.ContainerBase.[Tomcat].[localhost].[/app].[dispatcherServlet](DirectJDKLog.java:175) - Servlet.service() for servlet [dispatcherServlet] in context with path [/app] threw exception [Request processing failed; nested exception is org.apache.ibatis.binding.BindingException: Invalid bound statement (not found): com.example.dao.ItemDAO.totalC] with root cause
org.apache.ibatis.binding.BindingException: Invalid bound statement (not found): com.example.dao.ItemDAO.totalC
	at org.apache.ibatis.binding.MapperMethod$SqlCommand.<init>(MapperMethod.java:235) ~[mybatis-3.5.11.jar:3.5.11]
	at org.apache.ibatis.binding.MapperMethod.<init>(MapperMethod.java:53) ~[mybatis-3.5.11.jar:3.5.11]
	at org.apache.ibatis.binding.MapperProxy.lambda$cachedInvoker$0(MapperProxy.java:108) ~[mybatis-3.5.11.jar:3.5.11]
	at java.util.concurrent.ConcurrentHashMap.computeIfAbsent(Unknown Source) ~[?:1.8.0_333]
	at org.apache.ibatis.util.MapUtil.computeIfAbsent(MapUtil.java:35) ~[mybatis-3.5.11.jar:3.5.11]
	at org.apache.ibatis.binding.MapperProxy.cachedInvoker(MapperProxy.java:95) ~[mybatis-3.5.11.jar:3.5.11]
	at org.apache.ibatis.binding.MapperProxy.invoke(MapperProxy.java:86) ~[mybatis-3.5.11.jar:3.5.11]
	at com.sun.proxy.$Proxy123.totalC(Unknown Source) ~[?:?]
	at com.example.service.ItemService.totalCount(ItemService.java:67) ~[classes/:?]
	at com.example.service.ItemService$$FastClassBySpringCGLIB$$2808ccd8.invoke(<generated>) ~[classes/:?]
	at org.springframework.cglib.proxy.MethodProxy.invoke(MethodProxy.java:218) ~[spring-core-5.3.25.jar:5.3.25]
	at org.springframework.aop.framework.CglibAopProxy$CglibMethodInvocation.invokeJoinpoint(CglibAopProxy.java:793) ~[spring-aop-5.3.25.jar:5.3.25]
	at org.springframework.aop.framework.ReflectiveMethodInvocation.proceed(ReflectiveMethodInvocation.java:163) ~[spring-aop-5.3.25.jar:5.3.25]
	at org.springframework.aop.framework.CglibAopProxy$CglibMethodInvocation.proceed(CglibAopProxy.java:763) ~[spring-aop-5.3.25.jar:5.3.25]
	at org.springframework.transaction.interceptor.TransactionInterceptor$1.proceedWithInvocation(TransactionInterceptor.java:123) ~[spring-tx-5.3.25.jar:5.3.25]
	at org.springframework.transaction.interceptor.TransactionAspectSupport.invokeWithinTransaction(TransactionAspectSupport.java:388) ~[spring-tx-5.3.25.jar:5.3.25]
	at org.springframework.transaction.interceptor.TransactionInterceptor.invoke(TransactionInterceptor.java:119) ~[spring-tx-5.3.25.jar:5.3.25]
	at org.springframework.aop.framework.ReflectiveMethodInvocation.proceed(ReflectiveMethodInvocation.java:186) ~[spring-aop-5.3.25.jar:5.3.25]
	at org.springframework.aop.framework.CglibAopProxy$CglibMethodInvocation.proceed(CglibAopProxy.java:763) ~[spring-aop-5.3.25.jar:5.3.25]
	at org.springframework.aop.framework.CglibAopProxy$DynamicAdvisedInterceptor.intercept(CglibAopProxy.java:708) ~[spring-aop-5.3.25.jar:5.3.25]
	at com.example.service.ItemService$$EnhancerBySpringCGLIB$$db4ad6c5.totalCount(<generated>) ~[classes/:?]
	at com.example.controller.ItemController.searchPaging(ItemController.java:72) ~[classes/:?]
	at sun.reflect.NativeMethodAccessorImpl.invoke0(Native Method) ~[?:1.8.0_333]
	at sun.reflect.NativeMethodAccessorImpl.invoke(Unknown Source) ~[?:1.8.0_333]
	at sun.reflect.DelegatingMethodAccessorImpl.invoke(Unknown Source) ~[?:1.8.0_333]
	at java.lang.reflect.Method.invoke(Unknown Source) ~[?:1.8.0_333]
	at org.springframework.web.method.support.InvocableHandlerMethod.doInvoke(InvocableHandlerMethod.java:205) ~[spring-web-5.3.25.jar:5.3.25]
	at org.springframework.web.method.support.InvocableHandlerMethod.invokeForRequest(InvocableHandlerMethod.java:150) ~[spring-web-5.3.25.jar:5.3.25]
	at org.springframework.web.servlet.mvc.method.annotation.ServletInvocableHandlerMethod.invokeAndHandle(ServletInvocableHandlerMethod.java:117) ~[spring-webmvc-5.3.25.jar:5.3.25]
	at org.springframework.web.servlet.mvc.method.annotation.RequestMappingHandlerAdapter.invokeHandlerMethod(RequestMappingHandlerAdapter.java:895) ~[spring-webmvc-5.3.25.jar:5.3.25]
	at org.springframework.web.servlet.mvc.method.annotation.RequestMappingHandlerAdapter.handleInternal(RequestMappingHandlerAdapter.java:808) ~[spring-webmvc-5.3.25.jar:5.3.25]
	at org.springframework.web.servlet.mvc.method.AbstractHandlerMethodAdapter.handle(AbstractHandlerMethodAdapter.java:87) ~[spring-webmvc-5.3.25.jar:5.3.25]
	at org.springframework.web.servlet.DispatcherServlet.doDispatch(DispatcherServlet.java:1071) ~[spring-webmvc-5.3.25.jar:5.3.25]
	at org.springframework.web.servlet.DispatcherServlet.doService(DispatcherServlet.java:964) ~[spring-webmvc-5.3.25.jar:5.3.25]
	at org.springframework.web.servlet.FrameworkServlet.processRequest(FrameworkServlet.java:1006) ~[spring-webmvc-5.3.25.jar:5.3.25]
	at org.springframework.web.servlet.FrameworkServlet.doPost(FrameworkServlet.java:909) ~[spring-webmvc-5.3.25.jar:5.3.25]
	at javax.servlet.http.HttpServlet.service(HttpServlet.java:696) ~[tomcat-embed-core-9.0.71.jar:4.0.FR]
	at org.springframework.web.servlet.FrameworkServlet.service(FrameworkServlet.java:883) ~[spring-webmvc-5.3.25.jar:5.3.25]
	at javax.servlet.http.HttpServlet.service(HttpServlet.java:779) ~[tomcat-embed-core-9.0.71.jar:4.0.FR]
	at org.apache.catalina.core.ApplicationFilterChain.internalDoFilter(ApplicationFilterChain.java:227) ~[tomcat-embed-core-9.0.71.jar:9.0.71]
	at org.apache.catalina.core.ApplicationFilterChain.doFilter(ApplicationFilterChain.java:162) ~[tomcat-embed-core-9.0.71.jar:9.0.71]
	at org.apache.tomcat.websocket.server.WsFilter.doFilter(WsFilter.java:53) ~[tomcat-embed-websocket-9.0.71.jar:9.0.71]
	at org.apache.catalina.core.ApplicationFilterChain.internalDoFilter(ApplicationFilterChain.java:189) ~[tomcat-embed-core-9.0.71.jar:9.0.71]
	at org.apache.catalina.core.ApplicationFilterChain.doFilter(ApplicationFilterChain.java:162) ~[tomcat-embed-core-9.0.71.jar:9.0.71]
	at org.springframework.web.filter.RequestContextFilter.doFilterInternal(RequestContextFilter.java:100) ~[spring-web-5.3.25.jar:5.3.25]
	at org.springframework.web.filter.OncePerRequestFilter.doFilter(OncePerRequestFilter.java:117) ~[spring-web-5.3.25.jar:5.3.25]
	at org.apache.catalina.core.ApplicationFilterChain.internalDoFilter(ApplicationFilterChain.java:189) ~[tomcat-embed-core-9.0.71.jar:9.0.71]
	at org.apache.catalina.core.ApplicationFilterChain.doFilter(ApplicationFilterChain.java:162) ~[tomcat-embed-core-9.0.71.jar:9.0.71]
	at org.springframework.web.filter.FormContentFilter.doFilterInternal(FormContentFilter.java:93) ~[spring-web-5.3.25.jar:5.3.25]
	at org.springframework.web.filter.OncePerRequestFilter.doFilter(OncePerRequestFilter.java:117) ~[spring-web-5.3.25.jar:5.3.25]
	at org.apache.catalina.core.ApplicationFilterChain.internalDoFilter(ApplicationFilterChain.java:189) ~[tomcat-embed-core-9.0.71.jar:9.0.71]
	at org.apache.catalina.core.ApplicationFilterChain.doFilter(ApplicationFilterChain.java:162) ~[tomcat-embed-core-9.0.71.jar:9.0.71]
	at org.springframework.web.filter.CharacterEncodingFilter.doFilterInternal(CharacterEncodingFilter.java:201) ~[spring-web-5.3.25.jar:5.3.25]
	at org.springframework.web.filter.OncePerRequestFilter.doFilter(OncePerRequestFilter.java:117) ~[spring-web-5.3.25.jar:5.3.25]
	at org.apache.catalina.core.ApplicationFilterChain.internalDoFilter(ApplicationFilterChain.java:189) ~[tomcat-embed-core-9.0.71.jar:9.0.71]
	at org.apache.catalina.core.ApplicationFilterChain.doFilter(ApplicationFilterChain.java:162) ~[tomcat-embed-core-9.0.71.jar:9.0.71]
	at org.apache.catalina.core.StandardWrapperValve.invoke(StandardWrapperValve.java:177) ~[tomcat-embed-core-9.0.71.jar:9.0.71]
	at org.apache.catalina.core.StandardContextValve.invoke(StandardContextValve.java:97) ~[tomcat-embed-core-9.0.71.jar:9.0.71]
	at org.apache.catalina.authenticator.AuthenticatorBase.invoke(AuthenticatorBase.java:541) ~[tomcat-embed-core-9.0.71.jar:9.0.71]
	at org.apache.catalina.core.StandardHostValve.invoke(StandardHostValve.java:135) ~[tomcat-embed-core-9.0.71.jar:9.0.71]
	at org.apache.catalina.valves.ErrorReportValve.invoke(ErrorReportValve.java:92) ~[tomcat-embed-core-9.0.71.jar:9.0.71]
	at org.apache.catalina.core.StandardEngineValve.invoke(StandardEngineValve.java:78) ~[tomcat-embed-core-9.0.71.jar:9.0.71]
	at org.apache.catalina.connector.CoyoteAdapter.service(CoyoteAdapter.java:360) ~[tomcat-embed-core-9.0.71.jar:9.0.71]
	at org.apache.coyote.http11.Http11Processor.service(Http11Processor.java:399) ~[tomcat-embed-core-9.0.71.jar:9.0.71]
	at org.apache.coyote.AbstractProcessorLight.process(AbstractProcessorLight.java:65) ~[tomcat-embed-core-9.0.71.jar:9.0.71]
	at org.apache.coyote.AbstractProtocol$ConnectionHandler.process(AbstractProtocol.java:891) ~[tomcat-embed-core-9.0.71.jar:9.0.71]
	at org.apache.tomcat.util.net.NioEndpoint$SocketProcessor.doRun(NioEndpoint.java:1784) ~[tomcat-embed-core-9.0.71.jar:9.0.71]
	at org.apache.tomcat.util.net.SocketProcessorBase.run(SocketProcessorBase.java:49) ~[tomcat-embed-core-9.0.71.jar:9.0.71]
	at org.apache.tomcat.util.threads.ThreadPoolExecutor.runWorker(ThreadPoolExecutor.java:1191) ~[tomcat-embed-core-9.0.71.jar:9.0.71]
	at org.apache.tomcat.util.threads.ThreadPoolExecutor$Worker.run(ThreadPoolExecutor.java:659) ~[tomcat-embed-core-9.0.71.jar:9.0.71]
	at org.apache.tomcat.util.threads.TaskThread$WrappingRunnable.run(TaskThread.java:61) ~[tomcat-embed-core-9.0.71.jar:9.0.71]
	at java.lang.Thread.run(Unknown Source) ~[?:1.8.0_333]
