[2023-04-08 04:55:36] INFO com.example.PetprojectApplication(StartupInfoLogger.java:55) - Starting PetprojectApplication using Java 1.8.0_333 on BOOK-KCHKG0HGU1 with PID 58008 (C:\Users\gjyal\git\petproject_boot\target\classes started by gjyal in C:\Users\gjyal\git\petproject_boot)
[2023-04-08 04:55:36] INFO com.example.PetprojectApplication(SpringApplication.java:631) - No active profile set, falling back to 1 default profile: "default"
[2023-04-08 04:55:36] INFO org.springframework.boot.devtools.restart.ChangeableUrls(DeferredLog.java:255) - The Class-Path manifest attribute in C:\Users\gjyal\.m2\repository\com\oracle\database\jdbc\ojdbc8\21.5.0.0\ojdbc8-21.5.0.0.jar referenced one or more files that do not exist: file:/C:/Users/gjyal/.m2/repository/com/oracle/database/jdbc/ojdbc8/21.5.0.0/oraclepki.jar
[2023-04-08 04:55:36] INFO org.springframework.boot.devtools.env.DevToolsPropertyDefaultsPostProcessor(DeferredLog.java:255) - Devtools property defaults active! Set 'spring.devtools.add-properties' to 'false' to disable
[2023-04-08 04:55:36] INFO org.springframework.boot.devtools.env.DevToolsPropertyDefaultsPostProcessor(DeferredLog.java:255) - For additional web related logging consider setting the 'logging.level.web' property to 'DEBUG'
[2023-04-08 04:55:37] INFO org.springframework.boot.web.embedded.tomcat.TomcatWebServer(TomcatWebServer.java:108) - Tomcat initialized with port(s): 8093 (http)
[2023-04-08 04:55:37] INFO org.apache.coyote.http11.Http11NioProtocol(DirectJDKLog.java:173) - Initializing ProtocolHandler ["http-nio-8093"]
[2023-04-08 04:55:37] INFO org.apache.catalina.core.StandardService(DirectJDKLog.java:173) - Starting service [Tomcat]
[2023-04-08 04:55:37] INFO org.apache.catalina.core.StandardEngine(DirectJDKLog.java:173) - Starting Servlet engine: [Apache Tomcat/9.0.71]
[2023-04-08 04:55:38] INFO org.apache.catalina.core.ContainerBase.[Tomcat].[localhost].[/app](DirectJDKLog.java:173) - Initializing Spring embedded WebApplicationContext
[2023-04-08 04:55:38] INFO org.springframework.boot.web.servlet.context.ServletWebServerApplicationContext(ServletWebServerApplicationContext.java:292) - Root WebApplicationContext: initialization completed in 1405 ms
[2023-04-08 04:55:38] INFO org.springframework.boot.devtools.autoconfigure.OptionalLiveReloadServer(OptionalLiveReloadServer.java:59) - LiveReload server is running on port 35729
[2023-04-08 04:55:39] INFO org.apache.coyote.http11.Http11NioProtocol(DirectJDKLog.java:173) - Starting ProtocolHandler ["http-nio-8093"]
[2023-04-08 04:55:39] INFO org.springframework.boot.web.embedded.tomcat.TomcatWebServer(TomcatWebServer.java:220) - Tomcat started on port(s): 8093 (http) with context path '/app'
[2023-04-08 04:55:39] INFO com.example.PetprojectApplication(StartupInfoLogger.java:61) - Started PetprojectApplication in 2.983 seconds (JVM running for 4.01)
[2023-04-08 04:55:56] INFO org.apache.catalina.core.ContainerBase.[Tomcat].[localhost].[/app](DirectJDKLog.java:173) - Initializing Spring DispatcherServlet 'dispatcherServlet'
[2023-04-08 04:55:56] INFO org.springframework.web.servlet.DispatcherServlet(FrameworkServlet.java:525) - Initializing Servlet 'dispatcherServlet'
[2023-04-08 04:55:56] INFO org.springframework.web.servlet.DispatcherServlet(FrameworkServlet.java:547) - Completed initialization in 1 ms
[2023-04-08 04:56:07] INFO com.example.controller.MemberController(MemberController.java:67) - /idCheck 주소 : 1
[2023-04-08 04:56:07] INFO com.zaxxer.hikari.HikariDataSource(HikariDataSource.java:110) - HikariPool-1 - Starting...
[2023-04-08 04:56:07] WARN com.zaxxer.hikari.util.DriverDataSource(DriverDataSource.java:70) - Registered driver with driverClassName=oracle.jdbc.driver.OracleDriver was not found, trying direct instantiation.
[2023-04-08 04:56:07] INFO com.zaxxer.hikari.HikariDataSource(HikariDataSource.java:123) - HikariPool-1 - Start completed.
[2023-04-08 04:56:07] ERROR org.apache.catalina.core.ContainerBase.[Tomcat].[localhost].[/app].[dispatcherServlet](DirectJDKLog.java:175) - Servlet.service() for servlet [dispatcherServlet] in context with path [/app] threw exception [Request processing failed; nested exception is org.mybatis.spring.MyBatisSystemException: nested exception is org.apache.ibatis.executor.ExecutorException: A query was run and no Result Maps were found for the Mapped Statement 'com.example.dao.MemberDAO.idCheck'.  It's likely that neither a Result Type nor a Result Map was specified.] with root cause
org.apache.ibatis.executor.ExecutorException: A query was run and no Result Maps were found for the Mapped Statement 'com.example.dao.MemberDAO.idCheck'.  It's likely that neither a Result Type nor a Result Map was specified.
	at org.apache.ibatis.executor.resultset.DefaultResultSetHandler.validateResultMapsCount(DefaultResultSetHandler.java:296) ~[mybatis-3.5.11.jar:3.5.11]
	at org.apache.ibatis.executor.resultset.DefaultResultSetHandler.handleResultSets(DefaultResultSetHandler.java:198) ~[mybatis-3.5.11.jar:3.5.11]
	at org.apache.ibatis.executor.statement.PreparedStatementHandler.query(PreparedStatementHandler.java:65) ~[mybatis-3.5.11.jar:3.5.11]
	at org.apache.ibatis.executor.statement.RoutingStatementHandler.query(RoutingStatementHandler.java:79) ~[mybatis-3.5.11.jar:3.5.11]
	at org.apache.ibatis.executor.SimpleExecutor.doQuery(SimpleExecutor.java:63) ~[mybatis-3.5.11.jar:3.5.11]
	at org.apache.ibatis.executor.BaseExecutor.queryFromDatabase(BaseExecutor.java:325) ~[mybatis-3.5.11.jar:3.5.11]
	at org.apache.ibatis.executor.BaseExecutor.query(BaseExecutor.java:156) ~[mybatis-3.5.11.jar:3.5.11]
	at org.apache.ibatis.executor.CachingExecutor.query(CachingExecutor.java:109) ~[mybatis-3.5.11.jar:3.5.11]
	at org.apache.ibatis.executor.CachingExecutor.query(CachingExecutor.java:89) ~[mybatis-3.5.11.jar:3.5.11]
	at org.apache.ibatis.session.defaults.DefaultSqlSession.selectList(DefaultSqlSession.java:151) ~[mybatis-3.5.11.jar:3.5.11]
	at org.apache.ibatis.session.defaults.DefaultSqlSession.selectList(DefaultSqlSession.java:145) ~[mybatis-3.5.11.jar:3.5.11]
	at org.apache.ibatis.session.defaults.DefaultSqlSession.selectList(DefaultSqlSession.java:140) ~[mybatis-3.5.11.jar:3.5.11]
	at org.apache.ibatis.session.defaults.DefaultSqlSession.selectOne(DefaultSqlSession.java:76) ~[mybatis-3.5.11.jar:3.5.11]
	at sun.reflect.NativeMethodAccessorImpl.invoke0(Native Method) ~[?:1.8.0_333]
	at sun.reflect.NativeMethodAccessorImpl.invoke(Unknown Source) ~[?:1.8.0_333]
	at sun.reflect.DelegatingMethodAccessorImpl.invoke(Unknown Source) ~[?:1.8.0_333]
	at java.lang.reflect.Method.invoke(Unknown Source) ~[?:1.8.0_333]
	at org.mybatis.spring.SqlSessionTemplate$SqlSessionInterceptor.invoke(SqlSessionTemplate.java:425) ~[mybatis-spring-2.1.0.jar:2.1.0]
	at com.sun.proxy.$Proxy93.selectOne(Unknown Source) ~[?:?]
	at org.mybatis.spring.SqlSessionTemplate.selectOne(SqlSessionTemplate.java:160) ~[mybatis-spring-2.1.0.jar:2.1.0]
	at org.apache.ibatis.binding.MapperMethod.execute(MapperMethod.java:87) ~[mybatis-3.5.11.jar:3.5.11]
	at org.apache.ibatis.binding.MapperProxy$PlainMethodInvoker.invoke(MapperProxy.java:145) ~[mybatis-3.5.11.jar:3.5.11]
	at org.apache.ibatis.binding.MapperProxy.invoke(MapperProxy.java:86) ~[mybatis-3.5.11.jar:3.5.11]
	at com.sun.proxy.$Proxy94.idCheck(Unknown Source) ~[?:?]
	at com.example.service.MemberService.idCheck(MemberService.java:42) ~[classes/:?]
	at com.example.controller.MemberController.idCheck(MemberController.java:69) ~[classes/:?]
	at sun.reflect.NativeMethodAccessorImpl.invoke0(Native Method) ~[?:1.8.0_333]
	at sun.reflect.NativeMethodAccessorImpl.invoke(Unknown Source) ~[?:1.8.0_333]
	at sun.reflect.DelegatingMethodAccessorImpl.invoke(Unknown Source) ~[?:1.8.0_333]
	at java.lang.reflect.Method.invoke(Unknown Source) ~[?:1.8.0_333]
	at org.springframework.web.method.support.InvocableHandlerMethod.doInvoke(InvocableHandlerMethod.java:205) ~[spring-web-5.3.25.jar:5.3.25]
	at org.springframework.web.method.support.InvocableHandlerMethod.invokeForRequest(InvocableHandlerMethod.java:150) ~[spring-web-5.3.25.jar:5.3.25]
	at org.springframework.web.servlet.mvc.method.annotation.ServletInvocableHandlerMethod.invokeAndHandle(ServletInvocableHandlerMethod.java:117) ~[spring-webmvc-5.3.25.jar:5.3.25]
	at org.springframework.web.servlet.mvc.method.annotation.RequestMappingHandlerAdapter.invokeHandlerMethod(RequestMappingHandlerAdapter.java:895) ~[spring-webmvc-5.3.25.jar:5.3.25]
	at org.springframework.web.servlet.mvc.method.annotation.RequestMappingHandlerAdapter.handleInternal(RequestMappingHandlerAdapter.java:808) ~[spring-webmvc-5.3.25.jar:5.3.25]
	at org.springframework.web.servlet.mvc.method.AbstractHandlerMethodAdapter.handle(AbstractHandlerMethodAdapter.java:87) ~[spring-webmvc-5.3.25.jar:5.3.25]
	at org.springframework.web.servlet.DispatcherServlet.doDispatch(DispatcherServlet.java:1071) ~[spring-webmvc-5.3.25.jar:5.3.25]
	at org.springframework.web.servlet.DispatcherServlet.doService(DispatcherServlet.java:964) ~[spring-webmvc-5.3.25.jar:5.3.25]
	at org.springframework.web.servlet.FrameworkServlet.processRequest(FrameworkServlet.java:1006) ~[spring-webmvc-5.3.25.jar:5.3.25]
	at org.springframework.web.servlet.FrameworkServlet.doPost(FrameworkServlet.java:909) ~[spring-webmvc-5.3.25.jar:5.3.25]
	at javax.servlet.http.HttpServlet.service(HttpServlet.java:696) ~[tomcat-embed-core-9.0.71.jar:4.0.FR]
	at org.springframework.web.servlet.FrameworkServlet.service(FrameworkServlet.java:883) ~[spring-webmvc-5.3.25.jar:5.3.25]
	at javax.servlet.http.HttpServlet.service(HttpServlet.java:779) ~[tomcat-embed-core-9.0.71.jar:4.0.FR]
	at org.apache.catalina.core.ApplicationFilterChain.internalDoFilter(ApplicationFilterChain.java:227) ~[tomcat-embed-core-9.0.71.jar:9.0.71]
	at org.apache.catalina.core.ApplicationFilterChain.doFilter(ApplicationFilterChain.java:162) ~[tomcat-embed-core-9.0.71.jar:9.0.71]
	at org.apache.tomcat.websocket.server.WsFilter.doFilter(WsFilter.java:53) ~[tomcat-embed-websocket-9.0.71.jar:9.0.71]
	at org.apache.catalina.core.ApplicationFilterChain.internalDoFilter(ApplicationFilterChain.java:189) ~[tomcat-embed-core-9.0.71.jar:9.0.71]
	at org.apache.catalina.core.ApplicationFilterChain.doFilter(ApplicationFilterChain.java:162) ~[tomcat-embed-core-9.0.71.jar:9.0.71]
	at org.springframework.web.filter.RequestContextFilter.doFilterInternal(RequestContextFilter.java:100) ~[spring-web-5.3.25.jar:5.3.25]
	at org.springframework.web.filter.OncePerRequestFilter.doFilter(OncePerRequestFilter.java:117) ~[spring-web-5.3.25.jar:5.3.25]
	at org.apache.catalina.core.ApplicationFilterChain.internalDoFilter(ApplicationFilterChain.java:189) ~[tomcat-embed-core-9.0.71.jar:9.0.71]
	at org.apache.catalina.core.ApplicationFilterChain.doFilter(ApplicationFilterChain.java:162) ~[tomcat-embed-core-9.0.71.jar:9.0.71]
	at org.springframework.web.filter.FormContentFilter.doFilterInternal(FormContentFilter.java:93) ~[spring-web-5.3.25.jar:5.3.25]
	at org.springframework.web.filter.OncePerRequestFilter.doFilter(OncePerRequestFilter.java:117) ~[spring-web-5.3.25.jar:5.3.25]
	at org.apache.catalina.core.ApplicationFilterChain.internalDoFilter(ApplicationFilterChain.java:189) ~[tomcat-embed-core-9.0.71.jar:9.0.71]
	at org.apache.catalina.core.ApplicationFilterChain.doFilter(ApplicationFilterChain.java:162) ~[tomcat-embed-core-9.0.71.jar:9.0.71]
	at org.springframework.web.filter.CharacterEncodingFilter.doFilterInternal(CharacterEncodingFilter.java:201) ~[spring-web-5.3.25.jar:5.3.25]
	at org.springframework.web.filter.OncePerRequestFilter.doFilter(OncePerRequestFilter.java:117) ~[spring-web-5.3.25.jar:5.3.25]
	at org.apache.catalina.core.ApplicationFilterChain.internalDoFilter(ApplicationFilterChain.java:189) ~[tomcat-embed-core-9.0.71.jar:9.0.71]
	at org.apache.catalina.core.ApplicationFilterChain.doFilter(ApplicationFilterChain.java:162) ~[tomcat-embed-core-9.0.71.jar:9.0.71]
	at org.apache.catalina.core.StandardWrapperValve.invoke(StandardWrapperValve.java:177) ~[tomcat-embed-core-9.0.71.jar:9.0.71]
	at org.apache.catalina.core.StandardContextValve.invoke(StandardContextValve.java:97) ~[tomcat-embed-core-9.0.71.jar:9.0.71]
	at org.apache.catalina.authenticator.AuthenticatorBase.invoke(AuthenticatorBase.java:541) ~[tomcat-embed-core-9.0.71.jar:9.0.71]
	at org.apache.catalina.core.StandardHostValve.invoke(StandardHostValve.java:135) ~[tomcat-embed-core-9.0.71.jar:9.0.71]
	at org.apache.catalina.valves.ErrorReportValve.invoke(ErrorReportValve.java:92) ~[tomcat-embed-core-9.0.71.jar:9.0.71]
	at org.apache.catalina.core.StandardEngineValve.invoke(StandardEngineValve.java:78) ~[tomcat-embed-core-9.0.71.jar:9.0.71]
	at org.apache.catalina.connector.CoyoteAdapter.service(CoyoteAdapter.java:360) ~[tomcat-embed-core-9.0.71.jar:9.0.71]
	at org.apache.coyote.http11.Http11Processor.service(Http11Processor.java:399) ~[tomcat-embed-core-9.0.71.jar:9.0.71]
	at org.apache.coyote.AbstractProcessorLight.process(AbstractProcessorLight.java:65) ~[tomcat-embed-core-9.0.71.jar:9.0.71]
	at org.apache.coyote.AbstractProtocol$ConnectionHandler.process(AbstractProtocol.java:891) ~[tomcat-embed-core-9.0.71.jar:9.0.71]
	at org.apache.tomcat.util.net.NioEndpoint$SocketProcessor.doRun(NioEndpoint.java:1784) ~[tomcat-embed-core-9.0.71.jar:9.0.71]
	at org.apache.tomcat.util.net.SocketProcessorBase.run(SocketProcessorBase.java:49) ~[tomcat-embed-core-9.0.71.jar:9.0.71]
	at org.apache.tomcat.util.threads.ThreadPoolExecutor.runWorker(ThreadPoolExecutor.java:1191) ~[tomcat-embed-core-9.0.71.jar:9.0.71]
	at org.apache.tomcat.util.threads.ThreadPoolExecutor$Worker.run(ThreadPoolExecutor.java:659) ~[tomcat-embed-core-9.0.71.jar:9.0.71]
	at org.apache.tomcat.util.threads.TaskThread$WrappingRunnable.run(TaskThread.java:61) ~[tomcat-embed-core-9.0.71.jar:9.0.71]
	at java.lang.Thread.run(Unknown Source) ~[?:1.8.0_333]
[2023-04-08 04:56:55] INFO org.springframework.boot.devtools.autoconfigure.LocalDevToolsAutoConfiguration$RestartingClassPathChangeChangedEventListener(LocalDevToolsAutoConfiguration.java:211) - Restarting due to 1 class path change (0 additions, 0 deletions, 1 modification)
[2023-04-08 04:56:56] INFO org.apache.coyote.http11.Http11NioProtocol(DirectJDKLog.java:173) - Pausing ProtocolHandler ["http-nio-8093"]
[2023-04-08 04:56:56] INFO org.apache.catalina.core.StandardService(DirectJDKLog.java:173) - Stopping service [Tomcat]
[2023-04-08 04:56:56] INFO org.apache.catalina.core.ContainerBase.[Tomcat].[localhost].[/app](DirectJDKLog.java:173) - Destroying Spring FrameworkServlet 'dispatcherServlet'
[2023-04-08 04:56:56] WARN org.apache.catalina.loader.WebappClassLoaderBase(DirectJDKLog.java:173) - The web application [app] appears to have started a thread named [oracle.jdbc.driver.BlockSource.ThreadedCachingBlockSource.BlockReleaser] but has failed to stop it. This is very likely to create a memory leak. Stack trace of thread:
 sun.misc.Unsafe.park(Native Method)
 java.util.concurrent.locks.LockSupport.parkNanos(Unknown Source)
 java.util.concurrent.locks.AbstractQueuedSynchronizer$ConditionObject.awaitNanos(Unknown Source)
 oracle.jdbc.internal.Monitor$WaitableMonitor.monitorWait(Monitor.java:259)
 oracle.jdbc.internal.Monitor$WaitableMonitor.monitorWait(Monitor.java:241)
 oracle.jdbc.driver.BlockSource$ThreadedCachingBlockSource$BlockReleaser.run(BlockSource.java:346)
[2023-04-08 04:56:56] WARN org.apache.catalina.loader.WebappClassLoaderBase(DirectJDKLog.java:173) - The web application [app] appears to have started a thread named [InterruptTimer] but has failed to stop it. This is very likely to create a memory leak. Stack trace of thread:
 java.lang.Object.wait(Native Method)
 java.util.TimerThread.mainLoop(Unknown Source)
 java.util.TimerThread.run(Unknown Source)
[2023-04-08 04:56:56] WARN org.apache.catalina.loader.WebappClassLoaderBase(DirectJDKLog.java:173) - The web application [app] appears to have started a thread named [OJDBC-WORKER-THREAD-1] but has failed to stop it. This is very likely to create a memory leak. Stack trace of thread:
 sun.misc.Unsafe.park(Native Method)
 java.util.concurrent.locks.LockSupport.parkNanos(Unknown Source)
 java.util.concurrent.SynchronousQueue$TransferStack.awaitFulfill(Unknown Source)
 java.util.concurrent.SynchronousQueue$TransferStack.transfer(Unknown Source)
 java.util.concurrent.SynchronousQueue.poll(Unknown Source)
 java.util.concurrent.ThreadPoolExecutor.getTask(Unknown Source)
 java.util.concurrent.ThreadPoolExecutor.runWorker(Unknown Source)
 java.util.concurrent.ThreadPoolExecutor$Worker.run(Unknown Source)
 java.lang.Thread.run(Unknown Source)
[2023-04-08 04:56:56] WARN org.apache.catalina.loader.WebappClassLoaderBase(DirectJDKLog.java:173) - The web application [app] appears to have started a thread named [HikariPool-1 housekeeper] but has failed to stop it. This is very likely to create a memory leak. Stack trace of thread:
 sun.misc.Unsafe.park(Native Method)
 java.util.concurrent.locks.LockSupport.parkNanos(Unknown Source)
 java.util.concurrent.locks.AbstractQueuedSynchronizer$ConditionObject.awaitNanos(Unknown Source)
 java.util.concurrent.ScheduledThreadPoolExecutor$DelayedWorkQueue.take(Unknown Source)
 java.util.concurrent.ScheduledThreadPoolExecutor$DelayedWorkQueue.take(Unknown Source)
 java.util.concurrent.ThreadPoolExecutor.getTask(Unknown Source)
 java.util.concurrent.ThreadPoolExecutor.runWorker(Unknown Source)
 java.util.concurrent.ThreadPoolExecutor$Worker.run(Unknown Source)
 java.lang.Thread.run(Unknown Source)
[2023-04-08 04:56:56] INFO org.apache.coyote.http11.Http11NioProtocol(DirectJDKLog.java:173) - Stopping ProtocolHandler ["http-nio-8093"]
[2023-04-08 04:56:56] INFO org.apache.coyote.http11.Http11NioProtocol(DirectJDKLog.java:173) - Destroying ProtocolHandler ["http-nio-8093"]
[2023-04-08 04:56:56] INFO com.zaxxer.hikari.HikariDataSource(HikariDataSource.java:350) - HikariPool-1 - Shutdown initiated...
[2023-04-08 04:56:56] INFO com.zaxxer.hikari.HikariDataSource(HikariDataSource.java:352) - HikariPool-1 - Shutdown completed.
[2023-04-08 04:56:56] INFO com.example.PetprojectApplication(StartupInfoLogger.java:55) - Starting PetprojectApplication using Java 1.8.0_333 on BOOK-KCHKG0HGU1 with PID 58008 (C:\Users\gjyal\git\petproject_boot\target\classes started by gjyal in C:\Users\gjyal\git\petproject_boot)
[2023-04-08 04:56:56] INFO com.example.PetprojectApplication(SpringApplication.java:631) - No active profile set, falling back to 1 default profile: "default"
[2023-04-08 04:56:56] INFO org.springframework.boot.web.embedded.tomcat.TomcatWebServer(TomcatWebServer.java:108) - Tomcat initialized with port(s): 8093 (http)
[2023-04-08 04:56:56] INFO org.apache.coyote.http11.Http11NioProtocol(DirectJDKLog.java:173) - Initializing ProtocolHandler ["http-nio-8093"]
[2023-04-08 04:56:56] INFO org.apache.catalina.core.StandardService(DirectJDKLog.java:173) - Starting service [Tomcat]
[2023-04-08 04:56:56] INFO org.apache.catalina.core.StandardEngine(DirectJDKLog.java:173) - Starting Servlet engine: [Apache Tomcat/9.0.71]
[2023-04-08 04:56:56] INFO org.apache.catalina.core.ContainerBase.[Tomcat].[localhost].[/app](DirectJDKLog.java:173) - Initializing Spring embedded WebApplicationContext
[2023-04-08 04:56:56] INFO org.springframework.boot.web.servlet.context.ServletWebServerApplicationContext(ServletWebServerApplicationContext.java:292) - Root WebApplicationContext: initialization completed in 355 ms
[2023-04-08 04:56:56] INFO org.springframework.boot.devtools.autoconfigure.OptionalLiveReloadServer(OptionalLiveReloadServer.java:59) - LiveReload server is running on port 35729
[2023-04-08 04:56:56] INFO org.apache.coyote.http11.Http11NioProtocol(DirectJDKLog.java:173) - Starting ProtocolHandler ["http-nio-8093"]
[2023-04-08 04:56:56] INFO org.springframework.boot.web.embedded.tomcat.TomcatWebServer(TomcatWebServer.java:220) - Tomcat started on port(s): 8093 (http) with context path '/app'
[2023-04-08 04:56:56] INFO com.example.PetprojectApplication(StartupInfoLogger.java:61) - Started PetprojectApplication in 0.708 seconds (JVM running for 81.686)
[2023-04-08 04:56:56] INFO org.springframework.boot.devtools.autoconfigure.ConditionEvaluationDeltaLoggingListener(ConditionEvaluationDeltaLoggingListener.java:63) - Condition evaluation unchanged
[2023-04-08 04:56:58] INFO org.apache.catalina.core.ContainerBase.[Tomcat].[localhost].[/app](DirectJDKLog.java:173) - Initializing Spring DispatcherServlet 'dispatcherServlet'
[2023-04-08 04:56:58] INFO org.springframework.web.servlet.DispatcherServlet(FrameworkServlet.java:525) - Initializing Servlet 'dispatcherServlet'
[2023-04-08 04:56:58] INFO org.springframework.web.servlet.DispatcherServlet(FrameworkServlet.java:547) - Completed initialization in 2 ms
[2023-04-08 04:57:08] INFO com.example.controller.MemberController(MemberController.java:67) - /idCheck 주소 : 1
[2023-04-08 04:57:08] INFO com.zaxxer.hikari.HikariDataSource(HikariDataSource.java:110) - HikariPool-2 - Starting...
[2023-04-08 04:57:08] WARN com.zaxxer.hikari.util.DriverDataSource(DriverDataSource.java:70) - Registered driver with driverClassName=oracle.jdbc.driver.OracleDriver was not found, trying direct instantiation.
[2023-04-08 04:57:08] INFO com.zaxxer.hikari.HikariDataSource(HikariDataSource.java:123) - HikariPool-2 - Start completed.
[2023-04-08 04:57:08] INFO com.example.controller.MemberController(MemberController.java:70) - /idCheck id count 1
[2023-04-08 04:57:12] INFO com.example.controller.MemberController(MemberController.java:67) - /idCheck 주소 : 12
[2023-04-08 04:57:12] INFO com.example.controller.MemberController(MemberController.java:70) - /idCheck id count 0
[2023-04-08 04:57:13] INFO com.example.controller.MemberController(MemberController.java:67) - /idCheck 주소 : 123
[2023-04-08 04:57:13] INFO com.example.controller.MemberController(MemberController.java:70) - /idCheck id count 0
[2023-04-08 04:57:14] INFO com.example.controller.MemberController(MemberController.java:67) - /idCheck 주소 : 1234
[2023-04-08 04:57:14] INFO com.example.controller.MemberController(MemberController.java:70) - /idCheck id count 0
[2023-04-08 04:57:20] INFO com.example.controller.MemberController(MemberController.java:67) - /idCheck 주소 : 1
[2023-04-08 04:57:20] INFO com.example.controller.MemberController(MemberController.java:70) - /idCheck id count 1
[2023-04-08 04:57:21] INFO com.example.controller.MemberController(MemberController.java:67) - /idCheck 주소 : 12
[2023-04-08 04:57:21] INFO com.example.controller.MemberController(MemberController.java:70) - /idCheck id count 0
[2023-04-08 04:57:22] INFO com.example.controller.MemberController(MemberController.java:67) - /idCheck 주소 : 1
[2023-04-08 04:57:22] INFO com.example.controller.MemberController(MemberController.java:70) - /idCheck id count 1
[2023-04-08 04:57:22] WARN org.springframework.web.servlet.PageNotFound(DispatcherServlet.java:1282) - No mapping for POST /app/member/idCheck/
[2023-04-08 04:57:22] WARN org.springframework.web.servlet.PageNotFound(DispatcherServlet.java:1282) - No mapping for POST /app/member/idCheck/
[2023-04-08 04:57:22] INFO com.example.controller.MemberController(MemberController.java:67) - /idCheck 주소 : 2
[2023-04-08 04:57:22] INFO com.example.controller.MemberController(MemberController.java:70) - /idCheck id count 1
[2023-04-08 04:57:23] WARN org.springframework.web.servlet.PageNotFound(DispatcherServlet.java:1282) - No mapping for POST /app/member/idCheck/
[2023-04-08 04:57:24] INFO com.example.controller.MemberController(MemberController.java:67) - /idCheck 주소 : 3
[2023-04-08 04:57:24] INFO com.example.controller.MemberController(MemberController.java:70) - /idCheck id count 0
[2023-04-08 04:57:25] WARN org.springframework.web.servlet.PageNotFound(DispatcherServlet.java:1282) - No mapping for POST /app/member/idCheck/
[2023-04-08 04:57:25] INFO com.example.controller.MemberController(MemberController.java:67) - /idCheck 주소 : 4
[2023-04-08 04:57:25] INFO com.example.controller.MemberController(MemberController.java:70) - /idCheck id count 0
[2023-04-08 04:57:27] INFO com.example.controller.MemberController(MemberController.java:67) - /idCheck 주소 : 45
[2023-04-08 04:57:27] INFO com.example.controller.MemberController(MemberController.java:70) - /idCheck id count 0
[2023-04-08 04:57:27] INFO com.example.controller.MemberController(MemberController.java:67) - /idCheck 주소 : 4
[2023-04-08 04:57:27] INFO com.example.controller.MemberController(MemberController.java:70) - /idCheck id count 0
[2023-04-08 04:57:27] WARN org.springframework.web.servlet.PageNotFound(DispatcherServlet.java:1282) - No mapping for POST /app/member/idCheck/
[2023-04-08 04:57:28] WARN org.springframework.web.servlet.PageNotFound(DispatcherServlet.java:1282) - No mapping for POST /app/member/idCheck/
[2023-04-08 04:59:18] INFO org.springframework.boot.devtools.autoconfigure.LocalDevToolsAutoConfiguration$RestartingClassPathChangeChangedEventListener(LocalDevToolsAutoConfiguration.java:211) - Restarting due to 1 class path change (0 additions, 0 deletions, 1 modification)
[2023-04-08 04:59:18] INFO org.apache.coyote.http11.Http11NioProtocol(DirectJDKLog.java:173) - Pausing ProtocolHandler ["http-nio-8093"]
[2023-04-08 04:59:18] INFO org.apache.catalina.core.StandardService(DirectJDKLog.java:173) - Stopping service [Tomcat]
[2023-04-08 04:59:18] INFO org.apache.catalina.core.ContainerBase.[Tomcat].[localhost].[/app](DirectJDKLog.java:173) - Destroying Spring FrameworkServlet 'dispatcherServlet'
[2023-04-08 04:59:18] WARN org.apache.catalina.loader.WebappClassLoaderBase(DirectJDKLog.java:173) - The web application [app] appears to have started a thread named [HikariPool-2 housekeeper] but has failed to stop it. This is very likely to create a memory leak. Stack trace of thread:
 sun.misc.Unsafe.park(Native Method)
 java.util.concurrent.locks.LockSupport.parkNanos(Unknown Source)
 java.util.concurrent.locks.AbstractQueuedSynchronizer$ConditionObject.awaitNanos(Unknown Source)
 java.util.concurrent.ScheduledThreadPoolExecutor$DelayedWorkQueue.take(Unknown Source)
 java.util.concurrent.ScheduledThreadPoolExecutor$DelayedWorkQueue.take(Unknown Source)
 java.util.concurrent.ThreadPoolExecutor.getTask(Unknown Source)
 java.util.concurrent.ThreadPoolExecutor.runWorker(Unknown Source)
 java.util.concurrent.ThreadPoolExecutor$Worker.run(Unknown Source)
 java.lang.Thread.run(Unknown Source)
[2023-04-08 04:59:18] INFO org.apache.coyote.http11.Http11NioProtocol(DirectJDKLog.java:173) - Stopping ProtocolHandler ["http-nio-8093"]
[2023-04-08 04:59:18] INFO org.apache.coyote.http11.Http11NioProtocol(DirectJDKLog.java:173) - Destroying ProtocolHandler ["http-nio-8093"]
[2023-04-08 04:59:18] INFO com.zaxxer.hikari.HikariDataSource(HikariDataSource.java:350) - HikariPool-2 - Shutdown initiated...
[2023-04-08 04:59:18] INFO com.zaxxer.hikari.HikariDataSource(HikariDataSource.java:352) - HikariPool-2 - Shutdown completed.
[2023-04-08 04:59:18] INFO com.example.PetprojectApplication(StartupInfoLogger.java:55) - Starting PetprojectApplication using Java 1.8.0_333 on BOOK-KCHKG0HGU1 with PID 58008 (C:\Users\gjyal\git\petproject_boot\target\classes started by gjyal in C:\Users\gjyal\git\petproject_boot)
[2023-04-08 04:59:18] INFO com.example.PetprojectApplication(SpringApplication.java:631) - No active profile set, falling back to 1 default profile: "default"
[2023-04-08 04:59:19] INFO org.springframework.boot.web.embedded.tomcat.TomcatWebServer(TomcatWebServer.java:108) - Tomcat initialized with port(s): 8093 (http)
[2023-04-08 04:59:19] INFO org.apache.coyote.http11.Http11NioProtocol(DirectJDKLog.java:173) - Initializing ProtocolHandler ["http-nio-8093"]
[2023-04-08 04:59:19] INFO org.apache.catalina.core.StandardService(DirectJDKLog.java:173) - Starting service [Tomcat]
[2023-04-08 04:59:19] INFO org.apache.catalina.core.StandardEngine(DirectJDKLog.java:173) - Starting Servlet engine: [Apache Tomcat/9.0.71]
[2023-04-08 04:59:19] INFO org.apache.catalina.core.ContainerBase.[Tomcat].[localhost].[/app](DirectJDKLog.java:173) - Initializing Spring embedded WebApplicationContext
[2023-04-08 04:59:19] INFO org.springframework.boot.web.servlet.context.ServletWebServerApplicationContext(ServletWebServerApplicationContext.java:292) - Root WebApplicationContext: initialization completed in 282 ms
[2023-04-08 04:59:19] INFO org.springframework.boot.devtools.autoconfigure.OptionalLiveReloadServer(OptionalLiveReloadServer.java:59) - LiveReload server is running on port 35729
[2023-04-08 04:59:19] INFO org.apache.coyote.http11.Http11NioProtocol(DirectJDKLog.java:173) - Starting ProtocolHandler ["http-nio-8093"]
[2023-04-08 04:59:19] INFO org.springframework.boot.web.embedded.tomcat.TomcatWebServer(TomcatWebServer.java:220) - Tomcat started on port(s): 8093 (http) with context path '/app'
[2023-04-08 04:59:19] INFO com.example.PetprojectApplication(StartupInfoLogger.java:61) - Started PetprojectApplication in 0.546 seconds (JVM running for 224.099)
[2023-04-08 04:59:19] INFO org.springframework.boot.devtools.autoconfigure.ConditionEvaluationDeltaLoggingListener(ConditionEvaluationDeltaLoggingListener.java:63) - Condition evaluation unchanged
[2023-04-08 05:57:20] INFO org.springframework.boot.devtools.autoconfigure.LocalDevToolsAutoConfiguration$RestartingClassPathChangeChangedEventListener(LocalDevToolsAutoConfiguration.java:211) - Restarting due to 1 class path change (0 additions, 0 deletions, 1 modification)
[2023-04-08 05:57:20] INFO org.apache.coyote.http11.Http11NioProtocol(DirectJDKLog.java:173) - Pausing ProtocolHandler ["http-nio-8093"]
[2023-04-08 05:57:20] INFO org.apache.catalina.core.StandardService(DirectJDKLog.java:173) - Stopping service [Tomcat]
[2023-04-08 05:57:20] INFO org.apache.coyote.http11.Http11NioProtocol(DirectJDKLog.java:173) - Stopping ProtocolHandler ["http-nio-8093"]
[2023-04-08 05:57:20] INFO org.apache.coyote.http11.Http11NioProtocol(DirectJDKLog.java:173) - Destroying ProtocolHandler ["http-nio-8093"]
[2023-04-08 05:57:20] INFO com.example.PetprojectApplication(StartupInfoLogger.java:55) - Starting PetprojectApplication using Java 1.8.0_333 on BOOK-KCHKG0HGU1 with PID 58008 (C:\Users\gjyal\git\petproject_boot\target\classes started by gjyal in C:\Users\gjyal\git\petproject_boot)
[2023-04-08 05:57:20] INFO com.example.PetprojectApplication(SpringApplication.java:631) - No active profile set, falling back to 1 default profile: "default"
[2023-04-08 05:57:20] INFO org.springframework.boot.web.embedded.tomcat.TomcatWebServer(TomcatWebServer.java:108) - Tomcat initialized with port(s): 8093 (http)
[2023-04-08 05:57:20] INFO org.apache.coyote.http11.Http11NioProtocol(DirectJDKLog.java:173) - Initializing ProtocolHandler ["http-nio-8093"]
[2023-04-08 05:57:20] INFO org.apache.catalina.core.StandardService(DirectJDKLog.java:173) - Starting service [Tomcat]
[2023-04-08 05:57:20] INFO org.apache.catalina.core.StandardEngine(DirectJDKLog.java:173) - Starting Servlet engine: [Apache Tomcat/9.0.71]
[2023-04-08 05:57:20] INFO org.apache.catalina.core.ContainerBase.[Tomcat].[localhost].[/app](DirectJDKLog.java:173) - Initializing Spring embedded WebApplicationContext
[2023-04-08 05:57:20] INFO org.springframework.boot.web.servlet.context.ServletWebServerApplicationContext(ServletWebServerApplicationContext.java:292) - Root WebApplicationContext: initialization completed in 292 ms
[2023-04-08 05:57:20] INFO org.springframework.boot.devtools.autoconfigure.OptionalLiveReloadServer(OptionalLiveReloadServer.java:59) - LiveReload server is running on port 35729
[2023-04-08 05:57:20] INFO org.apache.coyote.http11.Http11NioProtocol(DirectJDKLog.java:173) - Starting ProtocolHandler ["http-nio-8093"]
[2023-04-08 05:57:20] INFO org.springframework.boot.web.embedded.tomcat.TomcatWebServer(TomcatWebServer.java:220) - Tomcat started on port(s): 8093 (http) with context path '/app'
[2023-04-08 05:57:20] INFO com.example.PetprojectApplication(StartupInfoLogger.java:61) - Started PetprojectApplication in 0.538 seconds (JVM running for 3705.966)
[2023-04-08 05:57:20] INFO org.springframework.boot.devtools.autoconfigure.ConditionEvaluationDeltaLoggingListener(ConditionEvaluationDeltaLoggingListener.java:63) - Condition evaluation unchanged
[2023-04-08 05:58:03] INFO org.springframework.boot.devtools.autoconfigure.LocalDevToolsAutoConfiguration$RestartingClassPathChangeChangedEventListener(LocalDevToolsAutoConfiguration.java:211) - Restarting due to 1 class path change (0 additions, 0 deletions, 1 modification)
[2023-04-08 05:58:03] INFO org.apache.coyote.http11.Http11NioProtocol(DirectJDKLog.java:173) - Pausing ProtocolHandler ["http-nio-8093"]
[2023-04-08 05:58:03] INFO org.apache.catalina.core.StandardService(DirectJDKLog.java:173) - Stopping service [Tomcat]
[2023-04-08 05:58:03] INFO org.apache.coyote.http11.Http11NioProtocol(DirectJDKLog.java:173) - Stopping ProtocolHandler ["http-nio-8093"]
[2023-04-08 05:58:03] INFO org.apache.coyote.http11.Http11NioProtocol(DirectJDKLog.java:173) - Destroying ProtocolHandler ["http-nio-8093"]
[2023-04-08 05:58:04] INFO com.example.PetprojectApplication(StartupInfoLogger.java:55) - Starting PetprojectApplication using Java 1.8.0_333 on BOOK-KCHKG0HGU1 with PID 58008 (C:\Users\gjyal\git\petproject_boot\target\classes started by gjyal in C:\Users\gjyal\git\petproject_boot)
[2023-04-08 05:58:04] INFO com.example.PetprojectApplication(SpringApplication.java:631) - No active profile set, falling back to 1 default profile: "default"
[2023-04-08 05:58:04] INFO org.springframework.boot.web.embedded.tomcat.TomcatWebServer(TomcatWebServer.java:108) - Tomcat initialized with port(s): 8093 (http)
[2023-04-08 05:58:04] INFO org.apache.coyote.http11.Http11NioProtocol(DirectJDKLog.java:173) - Initializing ProtocolHandler ["http-nio-8093"]
[2023-04-08 05:58:04] INFO org.apache.catalina.core.StandardService(DirectJDKLog.java:173) - Starting service [Tomcat]
[2023-04-08 05:58:04] INFO org.apache.catalina.core.StandardEngine(DirectJDKLog.java:173) - Starting Servlet engine: [Apache Tomcat/9.0.71]
[2023-04-08 05:58:04] INFO org.apache.catalina.core.ContainerBase.[Tomcat].[localhost].[/app](DirectJDKLog.java:173) - Initializing Spring embedded WebApplicationContext
[2023-04-08 05:58:04] INFO org.springframework.boot.web.servlet.context.ServletWebServerApplicationContext(ServletWebServerApplicationContext.java:292) - Root WebApplicationContext: initialization completed in 317 ms
[2023-04-08 05:58:04] INFO org.springframework.boot.devtools.autoconfigure.OptionalLiveReloadServer(OptionalLiveReloadServer.java:59) - LiveReload server is running on port 35729
[2023-04-08 05:58:04] INFO org.apache.coyote.http11.Http11NioProtocol(DirectJDKLog.java:173) - Starting ProtocolHandler ["http-nio-8093"]
[2023-04-08 05:58:04] INFO org.springframework.boot.web.embedded.tomcat.TomcatWebServer(TomcatWebServer.java:220) - Tomcat started on port(s): 8093 (http) with context path '/app'
[2023-04-08 05:58:04] INFO com.example.PetprojectApplication(StartupInfoLogger.java:61) - Started PetprojectApplication in 0.587 seconds (JVM running for 3749.671)
[2023-04-08 05:58:04] INFO org.springframework.boot.devtools.autoconfigure.ConditionEvaluationDeltaLoggingListener(ConditionEvaluationDeltaLoggingListener.java:63) - Condition evaluation unchanged
[2023-04-08 06:05:03] INFO org.springframework.boot.devtools.autoconfigure.LocalDevToolsAutoConfiguration$RestartingClassPathChangeChangedEventListener(LocalDevToolsAutoConfiguration.java:211) - Restarting due to 1 class path change (0 additions, 0 deletions, 1 modification)
[2023-04-08 06:05:03] INFO org.apache.coyote.http11.Http11NioProtocol(DirectJDKLog.java:173) - Pausing ProtocolHandler ["http-nio-8093"]
[2023-04-08 06:05:03] INFO org.apache.catalina.core.StandardService(DirectJDKLog.java:173) - Stopping service [Tomcat]
[2023-04-08 06:05:03] INFO org.apache.coyote.http11.Http11NioProtocol(DirectJDKLog.java:173) - Stopping ProtocolHandler ["http-nio-8093"]
[2023-04-08 06:05:03] INFO org.apache.coyote.http11.Http11NioProtocol(DirectJDKLog.java:173) - Destroying ProtocolHandler ["http-nio-8093"]
[2023-04-08 06:05:03] INFO com.example.PetprojectApplication(StartupInfoLogger.java:55) - Starting PetprojectApplication using Java 1.8.0_333 on BOOK-KCHKG0HGU1 with PID 58008 (C:\Users\gjyal\git\petproject_boot\target\classes started by gjyal in C:\Users\gjyal\git\petproject_boot)
[2023-04-08 06:05:03] INFO com.example.PetprojectApplication(SpringApplication.java:631) - No active profile set, falling back to 1 default profile: "default"
[2023-04-08 06:05:03] INFO org.springframework.boot.web.embedded.tomcat.TomcatWebServer(TomcatWebServer.java:108) - Tomcat initialized with port(s): 8093 (http)
[2023-04-08 06:05:03] INFO org.apache.coyote.http11.Http11NioProtocol(DirectJDKLog.java:173) - Initializing ProtocolHandler ["http-nio-8093"]
[2023-04-08 06:05:03] INFO org.apache.catalina.core.StandardService(DirectJDKLog.java:173) - Starting service [Tomcat]
[2023-04-08 06:05:03] INFO org.apache.catalina.core.StandardEngine(DirectJDKLog.java:173) - Starting Servlet engine: [Apache Tomcat/9.0.71]
[2023-04-08 06:05:03] INFO org.apache.catalina.core.ContainerBase.[Tomcat].[localhost].[/app](DirectJDKLog.java:173) - Initializing Spring embedded WebApplicationContext
[2023-04-08 06:05:03] INFO org.springframework.boot.web.servlet.context.ServletWebServerApplicationContext(ServletWebServerApplicationContext.java:292) - Root WebApplicationContext: initialization completed in 301 ms
[2023-04-08 06:05:03] INFO org.springframework.boot.devtools.autoconfigure.OptionalLiveReloadServer(OptionalLiveReloadServer.java:59) - LiveReload server is running on port 35729
[2023-04-08 06:05:03] INFO org.apache.coyote.http11.Http11NioProtocol(DirectJDKLog.java:173) - Starting ProtocolHandler ["http-nio-8093"]
[2023-04-08 06:05:03] INFO org.springframework.boot.web.embedded.tomcat.TomcatWebServer(TomcatWebServer.java:220) - Tomcat started on port(s): 8093 (http) with context path '/app'
[2023-04-08 06:05:03] INFO com.example.PetprojectApplication(StartupInfoLogger.java:61) - Started PetprojectApplication in 0.547 seconds (JVM running for 4168.97)
[2023-04-08 06:05:03] INFO org.springframework.boot.devtools.autoconfigure.ConditionEvaluationDeltaLoggingListener(ConditionEvaluationDeltaLoggingListener.java:63) - Condition evaluation unchanged
[2023-04-08 06:06:16] INFO org.springframework.boot.devtools.autoconfigure.LocalDevToolsAutoConfiguration$RestartingClassPathChangeChangedEventListener(LocalDevToolsAutoConfiguration.java:211) - Restarting due to 1 class path change (0 additions, 0 deletions, 1 modification)
[2023-04-08 06:06:16] INFO org.apache.coyote.http11.Http11NioProtocol(DirectJDKLog.java:173) - Pausing ProtocolHandler ["http-nio-8093"]
[2023-04-08 06:06:16] INFO org.apache.catalina.core.StandardService(DirectJDKLog.java:173) - Stopping service [Tomcat]
[2023-04-08 06:06:16] INFO org.apache.coyote.http11.Http11NioProtocol(DirectJDKLog.java:173) - Stopping ProtocolHandler ["http-nio-8093"]
[2023-04-08 06:06:16] INFO org.apache.coyote.http11.Http11NioProtocol(DirectJDKLog.java:173) - Destroying ProtocolHandler ["http-nio-8093"]
[2023-04-08 06:06:16] INFO com.example.PetprojectApplication(StartupInfoLogger.java:55) - Starting PetprojectApplication using Java 1.8.0_333 on BOOK-KCHKG0HGU1 with PID 58008 (C:\Users\gjyal\git\petproject_boot\target\classes started by gjyal in C:\Users\gjyal\git\petproject_boot)
[2023-04-08 06:06:16] INFO com.example.PetprojectApplication(SpringApplication.java:631) - No active profile set, falling back to 1 default profile: "default"
[2023-04-08 06:06:16] INFO org.springframework.boot.web.embedded.tomcat.TomcatWebServer(TomcatWebServer.java:108) - Tomcat initialized with port(s): 8093 (http)
[2023-04-08 06:06:16] INFO org.apache.coyote.http11.Http11NioProtocol(DirectJDKLog.java:173) - Initializing ProtocolHandler ["http-nio-8093"]
[2023-04-08 06:06:16] INFO org.apache.catalina.core.StandardService(DirectJDKLog.java:173) - Starting service [Tomcat]
[2023-04-08 06:06:16] INFO org.apache.catalina.core.StandardEngine(DirectJDKLog.java:173) - Starting Servlet engine: [Apache Tomcat/9.0.71]
[2023-04-08 06:06:16] INFO org.apache.catalina.core.ContainerBase.[Tomcat].[localhost].[/app](DirectJDKLog.java:173) - Initializing Spring embedded WebApplicationContext
[2023-04-08 06:06:16] INFO org.springframework.boot.web.servlet.context.ServletWebServerApplicationContext(ServletWebServerApplicationContext.java:292) - Root WebApplicationContext: initialization completed in 274 ms
[2023-04-08 06:06:17] INFO org.springframework.boot.devtools.autoconfigure.OptionalLiveReloadServer(OptionalLiveReloadServer.java:59) - LiveReload server is running on port 35729
[2023-04-08 06:06:17] INFO org.apache.coyote.http11.Http11NioProtocol(DirectJDKLog.java:173) - Starting ProtocolHandler ["http-nio-8093"]
[2023-04-08 06:06:17] INFO org.springframework.boot.web.embedded.tomcat.TomcatWebServer(TomcatWebServer.java:220) - Tomcat started on port(s): 8093 (http) with context path '/app'
[2023-04-08 06:06:17] INFO com.example.PetprojectApplication(StartupInfoLogger.java:61) - Started PetprojectApplication in 0.493 seconds (JVM running for 4242.211)
[2023-04-08 06:06:17] INFO org.springframework.boot.devtools.autoconfigure.ConditionEvaluationDeltaLoggingListener(ConditionEvaluationDeltaLoggingListener.java:63) - Condition evaluation unchanged
[2023-04-08 06:07:04] INFO org.apache.catalina.core.ContainerBase.[Tomcat].[localhost].[/app](DirectJDKLog.java:173) - Initializing Spring DispatcherServlet 'dispatcherServlet'
[2023-04-08 06:07:04] INFO org.springframework.web.servlet.DispatcherServlet(FrameworkServlet.java:525) - Initializing Servlet 'dispatcherServlet'
[2023-04-08 06:07:04] INFO org.springframework.web.servlet.DispatcherServlet(FrameworkServlet.java:547) - Completed initialization in 1 ms
[2023-04-08 06:07:08] INFO com.example.controller.MemberController(MemberController.java:66) - /idCheck 주소 : 3
[2023-04-08 06:07:08] INFO com.zaxxer.hikari.HikariDataSource(HikariDataSource.java:110) - HikariPool-3 - Starting...
[2023-04-08 06:07:08] WARN com.zaxxer.hikari.util.DriverDataSource(DriverDataSource.java:70) - Registered driver with driverClassName=oracle.jdbc.driver.OracleDriver was not found, trying direct instantiation.
[2023-04-08 06:07:08] INFO com.zaxxer.hikari.HikariDataSource(HikariDataSource.java:123) - HikariPool-3 - Start completed.
[2023-04-08 06:07:08] INFO com.example.controller.MemberController(MemberController.java:69) - /idCheck id count 0
[2023-04-08 06:08:18] INFO com.example.controller.MemberController(MemberController.java:54) - insert 갯수 : 1
[2023-04-08 06:08:44] WARN org.springframework.web.servlet.mvc.support.DefaultHandlerExceptionResolver(AbstractHandlerExceptionResolver.java:208) - Resolved [org.springframework.web.HttpMediaTypeNotSupportedException: Content type 'application/x-www-form-urlencoded;charset=UTF-8' not supported]
[2023-04-08 06:11:26] INFO org.springframework.boot.devtools.autoconfigure.LocalDevToolsAutoConfiguration$RestartingClassPathChangeChangedEventListener(LocalDevToolsAutoConfiguration.java:211) - Restarting due to 1 class path change (0 additions, 0 deletions, 1 modification)
[2023-04-08 06:11:26] INFO org.apache.coyote.http11.Http11NioProtocol(DirectJDKLog.java:173) - Pausing ProtocolHandler ["http-nio-8093"]
[2023-04-08 06:11:26] INFO org.apache.catalina.core.StandardService(DirectJDKLog.java:173) - Stopping service [Tomcat]
[2023-04-08 06:11:26] INFO org.apache.catalina.core.ContainerBase.[Tomcat].[localhost].[/app](DirectJDKLog.java:173) - Destroying Spring FrameworkServlet 'dispatcherServlet'
[2023-04-08 06:11:26] WARN org.apache.catalina.loader.WebappClassLoaderBase(DirectJDKLog.java:173) - The web application [app] appears to have started a thread named [HikariPool-3 housekeeper] but has failed to stop it. This is very likely to create a memory leak. Stack trace of thread:
 sun.misc.Unsafe.park(Native Method)
 java.util.concurrent.locks.LockSupport.parkNanos(Unknown Source)
 java.util.concurrent.locks.AbstractQueuedSynchronizer$ConditionObject.awaitNanos(Unknown Source)
 java.util.concurrent.ScheduledThreadPoolExecutor$DelayedWorkQueue.take(Unknown Source)
 java.util.concurrent.ScheduledThreadPoolExecutor$DelayedWorkQueue.take(Unknown Source)
 java.util.concurrent.ThreadPoolExecutor.getTask(Unknown Source)
 java.util.concurrent.ThreadPoolExecutor.runWorker(Unknown Source)
 java.util.concurrent.ThreadPoolExecutor$Worker.run(Unknown Source)
 java.lang.Thread.run(Unknown Source)
[2023-04-08 06:11:26] INFO org.apache.coyote.http11.Http11NioProtocol(DirectJDKLog.java:173) - Stopping ProtocolHandler ["http-nio-8093"]
[2023-04-08 06:11:26] INFO org.apache.coyote.http11.Http11NioProtocol(DirectJDKLog.java:173) - Destroying ProtocolHandler ["http-nio-8093"]
[2023-04-08 06:11:26] INFO com.zaxxer.hikari.HikariDataSource(HikariDataSource.java:350) - HikariPool-3 - Shutdown initiated...
[2023-04-08 06:11:26] INFO com.zaxxer.hikari.HikariDataSource(HikariDataSource.java:352) - HikariPool-3 - Shutdown completed.
[2023-04-08 06:11:26] INFO com.example.PetprojectApplication(StartupInfoLogger.java:55) - Starting PetprojectApplication using Java 1.8.0_333 on BOOK-KCHKG0HGU1 with PID 58008 (C:\Users\gjyal\git\petproject_boot\target\classes started by gjyal in C:\Users\gjyal\git\petproject_boot)
[2023-04-08 06:11:26] INFO com.example.PetprojectApplication(SpringApplication.java:631) - No active profile set, falling back to 1 default profile: "default"
[2023-04-08 06:11:27] INFO org.springframework.boot.web.embedded.tomcat.TomcatWebServer(TomcatWebServer.java:108) - Tomcat initialized with port(s): 8093 (http)
[2023-04-08 06:11:27] INFO org.apache.coyote.http11.Http11NioProtocol(DirectJDKLog.java:173) - Initializing ProtocolHandler ["http-nio-8093"]
[2023-04-08 06:11:27] INFO org.apache.catalina.core.StandardService(DirectJDKLog.java:173) - Starting service [Tomcat]
[2023-04-08 06:11:27] INFO org.apache.catalina.core.StandardEngine(DirectJDKLog.java:173) - Starting Servlet engine: [Apache Tomcat/9.0.71]
[2023-04-08 06:11:27] INFO org.apache.catalina.core.ContainerBase.[Tomcat].[localhost].[/app](DirectJDKLog.java:173) - Initializing Spring embedded WebApplicationContext
[2023-04-08 06:11:27] INFO org.springframework.boot.web.servlet.context.ServletWebServerApplicationContext(ServletWebServerApplicationContext.java:292) - Root WebApplicationContext: initialization completed in 282 ms
[2023-04-08 06:11:27] INFO org.springframework.boot.devtools.autoconfigure.OptionalLiveReloadServer(OptionalLiveReloadServer.java:59) - LiveReload server is running on port 35729
[2023-04-08 06:11:27] INFO org.apache.coyote.http11.Http11NioProtocol(DirectJDKLog.java:173) - Starting ProtocolHandler ["http-nio-8093"]
[2023-04-08 06:11:27] INFO org.springframework.boot.web.embedded.tomcat.TomcatWebServer(TomcatWebServer.java:220) - Tomcat started on port(s): 8093 (http) with context path '/app'
[2023-04-08 06:11:27] INFO com.example.PetprojectApplication(StartupInfoLogger.java:61) - Started PetprojectApplication in 0.516 seconds (JVM running for 4552.496)
[2023-04-08 06:11:27] INFO org.springframework.boot.devtools.autoconfigure.ConditionEvaluationDeltaLoggingListener(ConditionEvaluationDeltaLoggingListener.java:63) - Condition evaluation unchanged
[2023-04-08 06:13:48] INFO org.springframework.boot.devtools.autoconfigure.LocalDevToolsAutoConfiguration$RestartingClassPathChangeChangedEventListener(LocalDevToolsAutoConfiguration.java:211) - Restarting due to 1 class path change (0 additions, 0 deletions, 1 modification)
[2023-04-08 06:13:48] INFO org.apache.coyote.http11.Http11NioProtocol(DirectJDKLog.java:173) - Pausing ProtocolHandler ["http-nio-8093"]
[2023-04-08 06:13:48] INFO org.apache.catalina.core.StandardService(DirectJDKLog.java:173) - Stopping service [Tomcat]
[2023-04-08 06:13:48] INFO org.apache.coyote.http11.Http11NioProtocol(DirectJDKLog.java:173) - Stopping ProtocolHandler ["http-nio-8093"]
[2023-04-08 06:13:48] INFO org.apache.coyote.http11.Http11NioProtocol(DirectJDKLog.java:173) - Destroying ProtocolHandler ["http-nio-8093"]
[2023-04-08 06:13:48] INFO com.example.PetprojectApplication(StartupInfoLogger.java:55) - Starting PetprojectApplication using Java 1.8.0_333 on BOOK-KCHKG0HGU1 with PID 58008 (C:\Users\gjyal\git\petproject_boot\target\classes started by gjyal in C:\Users\gjyal\git\petproject_boot)
[2023-04-08 06:13:48] INFO com.example.PetprojectApplication(SpringApplication.java:631) - No active profile set, falling back to 1 default profile: "default"
[2023-04-08 06:13:48] INFO org.springframework.boot.web.embedded.tomcat.TomcatWebServer(TomcatWebServer.java:108) - Tomcat initialized with port(s): 8093 (http)
[2023-04-08 06:13:48] INFO org.apache.coyote.http11.Http11NioProtocol(DirectJDKLog.java:173) - Initializing ProtocolHandler ["http-nio-8093"]
[2023-04-08 06:13:48] INFO org.apache.catalina.core.StandardService(DirectJDKLog.java:173) - Starting service [Tomcat]
[2023-04-08 06:13:48] INFO org.apache.catalina.core.StandardEngine(DirectJDKLog.java:173) - Starting Servlet engine: [Apache Tomcat/9.0.71]
[2023-04-08 06:13:48] INFO org.apache.catalina.core.ContainerBase.[Tomcat].[localhost].[/app](DirectJDKLog.java:173) - Initializing Spring embedded WebApplicationContext
[2023-04-08 06:13:48] INFO org.springframework.boot.web.servlet.context.ServletWebServerApplicationContext(ServletWebServerApplicationContext.java:292) - Root WebApplicationContext: initialization completed in 309 ms
[2023-04-08 06:13:48] INFO org.springframework.boot.devtools.autoconfigure.OptionalLiveReloadServer(OptionalLiveReloadServer.java:59) - LiveReload server is running on port 35729
[2023-04-08 06:13:48] INFO org.apache.coyote.http11.Http11NioProtocol(DirectJDKLog.java:173) - Starting ProtocolHandler ["http-nio-8093"]
[2023-04-08 06:13:48] INFO org.springframework.boot.web.embedded.tomcat.TomcatWebServer(TomcatWebServer.java:220) - Tomcat started on port(s): 8093 (http) with context path '/app'
[2023-04-08 06:13:48] INFO com.example.PetprojectApplication(StartupInfoLogger.java:61) - Started PetprojectApplication in 0.53 seconds (JVM running for 4693.875)
[2023-04-08 06:13:48] INFO org.springframework.boot.devtools.autoconfigure.ConditionEvaluationDeltaLoggingListener(ConditionEvaluationDeltaLoggingListener.java:63) - Condition evaluation unchanged
[2023-04-08 06:14:14] INFO org.apache.catalina.core.ContainerBase.[Tomcat].[localhost].[/app](DirectJDKLog.java:173) - Initializing Spring DispatcherServlet 'dispatcherServlet'
[2023-04-08 06:14:14] INFO org.springframework.web.servlet.DispatcherServlet(FrameworkServlet.java:525) - Initializing Servlet 'dispatcherServlet'
[2023-04-08 06:14:14] INFO org.springframework.web.servlet.DispatcherServlet(FrameworkServlet.java:547) - Completed initialization in 2 ms
[2023-04-08 06:14:19] WARN org.springframework.web.servlet.mvc.support.DefaultHandlerExceptionResolver(AbstractHandlerExceptionResolver.java:208) - Resolved [org.springframework.web.HttpMediaTypeNotSupportedException: Content type 'application/x-www-form-urlencoded;charset=UTF-8' not supported]
[2023-04-08 06:22:42] WARN org.springframework.web.servlet.PageNotFound(DispatcherServlet.java:1282) - No mapping for POST /app/member/member/login
[2023-04-08 06:23:22] INFO com.zaxxer.hikari.HikariDataSource(HikariDataSource.java:110) - HikariPool-4 - Starting...
[2023-04-08 06:23:22] WARN com.zaxxer.hikari.util.DriverDataSource(DriverDataSource.java:70) - Registered driver with driverClassName=oracle.jdbc.driver.OracleDriver was not found, trying direct instantiation.
[2023-04-08 06:23:22] INFO com.zaxxer.hikari.HikariDataSource(HikariDataSource.java:123) - HikariPool-4 - Start completed.
[2023-04-08 06:23:22] INFO com.example.controller.MemberController(MemberController.java:99) - db에서 가져온  memberDTO MemberDTO [mbId=3, pw=3bafbf08882a2d10133093a1b8433f50563b93c14acd05b79028eb1d12799027241450980651994501423a66c276ae26c43b739bc65c4e16b10c3af6c202aebb, nm=3, post=13536, addr1=경기 성남시 분당구 판교역로2번길 1 (백현동), addr2=경기 성남시 분당구 백현동 582-6, tel1=010, tel2=3333, tel3=3333, email1=3333, email2=naver.com]
[2023-04-08 06:24:45] INFO org.springframework.boot.devtools.autoconfigure.LocalDevToolsAutoConfiguration$RestartingClassPathChangeChangedEventListener(LocalDevToolsAutoConfiguration.java:211) - Restarting due to 1 class path change (0 additions, 0 deletions, 1 modification)
[2023-04-08 06:24:46] INFO org.apache.coyote.http11.Http11NioProtocol(DirectJDKLog.java:173) - Pausing ProtocolHandler ["http-nio-8093"]
[2023-04-08 06:24:46] INFO org.apache.catalina.core.StandardService(DirectJDKLog.java:173) - Stopping service [Tomcat]
[2023-04-08 06:24:46] INFO org.apache.catalina.core.ContainerBase.[Tomcat].[localhost].[/app](DirectJDKLog.java:173) - Destroying Spring FrameworkServlet 'dispatcherServlet'
[2023-04-08 06:24:46] WARN org.apache.catalina.loader.WebappClassLoaderBase(DirectJDKLog.java:173) - The web application [app] appears to have started a thread named [HikariPool-4 housekeeper] but has failed to stop it. This is very likely to create a memory leak. Stack trace of thread:
 sun.misc.Unsafe.park(Native Method)
 java.util.concurrent.locks.LockSupport.parkNanos(Unknown Source)
 java.util.concurrent.locks.AbstractQueuedSynchronizer$ConditionObject.awaitNanos(Unknown Source)
 java.util.concurrent.ScheduledThreadPoolExecutor$DelayedWorkQueue.take(Unknown Source)
 java.util.concurrent.ScheduledThreadPoolExecutor$DelayedWorkQueue.take(Unknown Source)
 java.util.concurrent.ThreadPoolExecutor.getTask(Unknown Source)
 java.util.concurrent.ThreadPoolExecutor.runWorker(Unknown Source)
 java.util.concurrent.ThreadPoolExecutor$Worker.run(Unknown Source)
 java.lang.Thread.run(Unknown Source)
[2023-04-08 06:24:46] INFO org.apache.coyote.http11.Http11NioProtocol(DirectJDKLog.java:173) - Stopping ProtocolHandler ["http-nio-8093"]
[2023-04-08 06:24:46] INFO org.apache.coyote.http11.Http11NioProtocol(DirectJDKLog.java:173) - Destroying ProtocolHandler ["http-nio-8093"]
[2023-04-08 06:24:46] INFO com.zaxxer.hikari.HikariDataSource(HikariDataSource.java:350) - HikariPool-4 - Shutdown initiated...
[2023-04-08 06:24:46] INFO com.zaxxer.hikari.HikariDataSource(HikariDataSource.java:352) - HikariPool-4 - Shutdown completed.
[2023-04-08 06:24:46] INFO com.example.PetprojectApplication(StartupInfoLogger.java:55) - Starting PetprojectApplication using Java 1.8.0_333 on BOOK-KCHKG0HGU1 with PID 58008 (C:\Users\gjyal\git\petproject_boot\target\classes started by gjyal in C:\Users\gjyal\git\petproject_boot)
[2023-04-08 06:24:46] INFO com.example.PetprojectApplication(SpringApplication.java:631) - No active profile set, falling back to 1 default profile: "default"
[2023-04-08 06:24:46] INFO org.springframework.boot.web.embedded.tomcat.TomcatWebServer(TomcatWebServer.java:108) - Tomcat initialized with port(s): 8093 (http)
[2023-04-08 06:24:46] INFO org.apache.coyote.http11.Http11NioProtocol(DirectJDKLog.java:173) - Initializing ProtocolHandler ["http-nio-8093"]
[2023-04-08 06:24:46] INFO org.apache.catalina.core.StandardService(DirectJDKLog.java:173) - Starting service [Tomcat]
[2023-04-08 06:24:46] INFO org.apache.catalina.core.StandardEngine(DirectJDKLog.java:173) - Starting Servlet engine: [Apache Tomcat/9.0.71]
[2023-04-08 06:24:46] INFO org.apache.catalina.core.ContainerBase.[Tomcat].[localhost].[/app](DirectJDKLog.java:173) - Initializing Spring embedded WebApplicationContext
[2023-04-08 06:24:46] INFO org.springframework.boot.web.servlet.context.ServletWebServerApplicationContext(ServletWebServerApplicationContext.java:292) - Root WebApplicationContext: initialization completed in 272 ms
[2023-04-08 06:24:46] INFO org.springframework.boot.devtools.autoconfigure.OptionalLiveReloadServer(OptionalLiveReloadServer.java:59) - LiveReload server is running on port 35729
[2023-04-08 06:24:46] INFO org.apache.coyote.http11.Http11NioProtocol(DirectJDKLog.java:173) - Starting ProtocolHandler ["http-nio-8093"]
[2023-04-08 06:24:46] INFO org.springframework.boot.web.embedded.tomcat.TomcatWebServer(TomcatWebServer.java:220) - Tomcat started on port(s): 8093 (http) with context path '/app'
[2023-04-08 06:24:46] INFO com.example.PetprojectApplication(StartupInfoLogger.java:61) - Started PetprojectApplication in 0.534 seconds (JVM running for 5351.807)
[2023-04-08 06:24:46] INFO org.springframework.boot.devtools.autoconfigure.ConditionEvaluationDeltaLoggingListener(ConditionEvaluationDeltaLoggingListener.java:63) - Condition evaluation unchanged
[2023-04-08 06:26:02] INFO org.apache.catalina.core.ContainerBase.[Tomcat].[localhost].[/app](DirectJDKLog.java:173) - Initializing Spring DispatcherServlet 'dispatcherServlet'
[2023-04-08 06:26:02] INFO org.springframework.web.servlet.DispatcherServlet(FrameworkServlet.java:525) - Initializing Servlet 'dispatcherServlet'
[2023-04-08 06:26:02] INFO org.springframework.web.servlet.DispatcherServlet(FrameworkServlet.java:547) - Completed initialization in 1 ms
[2023-04-08 06:26:05] INFO com.zaxxer.hikari.HikariDataSource(HikariDataSource.java:110) - HikariPool-5 - Starting...
[2023-04-08 06:26:05] WARN com.zaxxer.hikari.util.DriverDataSource(DriverDataSource.java:70) - Registered driver with driverClassName=oracle.jdbc.driver.OracleDriver was not found, trying direct instantiation.
[2023-04-08 06:26:05] INFO com.zaxxer.hikari.HikariDataSource(HikariDataSource.java:123) - HikariPool-5 - Start completed.
[2023-04-08 06:26:05] INFO com.example.controller.MemberController(MemberController.java:99) - db에서 가져온  memberDTO null
[2023-04-08 06:26:21] INFO com.example.controller.MemberController(MemberController.java:99) - db에서 가져온  memberDTO null
[2023-04-08 06:27:09] INFO com.example.controller.MemberController(MemberController.java:99) - db에서 가져온  memberDTO null
[2023-04-08 06:27:16] INFO com.example.controller.MemberController(MemberController.java:99) - db에서 가져온  memberDTO MemberDTO [mbId=3, pw=3bafbf08882a2d10133093a1b8433f50563b93c14acd05b79028eb1d12799027241450980651994501423a66c276ae26c43b739bc65c4e16b10c3af6c202aebb, nm=3, post=13536, addr1=경기 성남시 분당구 판교역로2번길 1 (백현동), addr2=경기 성남시 분당구 백현동 582-6, tel1=010, tel2=3333, tel3=3333, email1=3333, email2=naver.com]
[2023-04-08 06:28:14] INFO com.example.controller.MemberController(MemberController.java:99) - db에서 가져온  memberDTO MemberDTO [mbId=2, pw=40b244112641dd78dd4f93b6c9190dd46e0099194d5a44257b7efad6ef9ff4683da1eda0244448cb343aa688f5d3efd7314dafe580ac0bcbf115aeca9e8dc114, nm=2, post=5573, addr1=서울 송파구 도곡로 434 (잠실동), addr2=서울 송파구 잠실동 305-15, tel1=010, tel2=2222, tel3=2222, email1=2222, email2=gmail.com]
[2023-04-08 06:28:20] INFO com.example.controller.MemberController(MemberController.java:99) - db에서 가져온  memberDTO null
[2023-04-08 06:31:18] INFO org.springframework.boot.admin.SpringApplicationAdminMXBeanRegistrar$SpringApplicationAdmin(SpringApplicationAdminMXBeanRegistrar.java:159) - Application shutdown requested.
[2023-04-08 06:31:18] INFO org.apache.coyote.http11.Http11NioProtocol(DirectJDKLog.java:173) - Pausing ProtocolHandler ["http-nio-8093"]
[2023-04-08 06:31:18] INFO org.apache.catalina.core.StandardService(DirectJDKLog.java:173) - Stopping service [Tomcat]
[2023-04-08 06:31:18] INFO org.apache.catalina.core.ContainerBase.[Tomcat].[localhost].[/app](DirectJDKLog.java:173) - Destroying Spring FrameworkServlet 'dispatcherServlet'
[2023-04-08 06:31:18] WARN org.apache.catalina.loader.WebappClassLoaderBase(DirectJDKLog.java:173) - The web application [app] appears to have started a thread named [HikariPool-5 housekeeper] but has failed to stop it. This is very likely to create a memory leak. Stack trace of thread:
 sun.misc.Unsafe.park(Native Method)
 java.util.concurrent.locks.LockSupport.parkNanos(Unknown Source)
 java.util.concurrent.locks.AbstractQueuedSynchronizer$ConditionObject.awaitNanos(Unknown Source)
 java.util.concurrent.ScheduledThreadPoolExecutor$DelayedWorkQueue.take(Unknown Source)
 java.util.concurrent.ScheduledThreadPoolExecutor$DelayedWorkQueue.take(Unknown Source)
 java.util.concurrent.ThreadPoolExecutor.getTask(Unknown Source)
 java.util.concurrent.ThreadPoolExecutor.runWorker(Unknown Source)
 java.util.concurrent.ThreadPoolExecutor$Worker.run(Unknown Source)
 java.lang.Thread.run(Unknown Source)
[2023-04-08 06:31:18] INFO org.apache.coyote.http11.Http11NioProtocol(DirectJDKLog.java:173) - Stopping ProtocolHandler ["http-nio-8093"]
[2023-04-08 06:31:18] INFO org.apache.coyote.http11.Http11NioProtocol(DirectJDKLog.java:173) - Destroying ProtocolHandler ["http-nio-8093"]
[2023-04-08 06:31:18] INFO com.zaxxer.hikari.HikariDataSource(HikariDataSource.java:350) - HikariPool-5 - Shutdown initiated...
[2023-04-08 06:31:18] INFO com.zaxxer.hikari.HikariDataSource(HikariDataSource.java:352) - HikariPool-5 - Shutdown completed.
[2023-04-08 09:04:09] INFO com.example.PetprojectApplication(StartupInfoLogger.java:55) - Starting PetprojectApplication using Java 1.8.0_333 on BOOK-KCHKG0HGU1 with PID 54180 (C:\Users\gjyal\git\petproject_boot\target\classes started by gjyal in C:\Users\gjyal\git\petproject_boot)
[2023-04-08 09:04:09] INFO com.example.PetprojectApplication(SpringApplication.java:631) - No active profile set, falling back to 1 default profile: "default"
[2023-04-08 09:04:09] INFO org.springframework.boot.devtools.restart.ChangeableUrls(DeferredLog.java:255) - The Class-Path manifest attribute in C:\Users\gjyal\.m2\repository\com\oracle\database\jdbc\ojdbc8\21.5.0.0\ojdbc8-21.5.0.0.jar referenced one or more files that do not exist: file:/C:/Users/gjyal/.m2/repository/com/oracle/database/jdbc/ojdbc8/21.5.0.0/oraclepki.jar
[2023-04-08 09:04:09] INFO org.springframework.boot.devtools.env.DevToolsPropertyDefaultsPostProcessor(DeferredLog.java:255) - Devtools property defaults active! Set 'spring.devtools.add-properties' to 'false' to disable
[2023-04-08 09:04:09] INFO org.springframework.boot.devtools.env.DevToolsPropertyDefaultsPostProcessor(DeferredLog.java:255) - For additional web related logging consider setting the 'logging.level.web' property to 'DEBUG'
[2023-04-08 09:04:11] INFO org.springframework.boot.web.embedded.tomcat.TomcatWebServer(TomcatWebServer.java:108) - Tomcat initialized with port(s): 8093 (http)
[2023-04-08 09:04:11] INFO org.apache.coyote.http11.Http11NioProtocol(DirectJDKLog.java:173) - Initializing ProtocolHandler ["http-nio-8093"]
[2023-04-08 09:04:11] INFO org.apache.catalina.core.StandardService(DirectJDKLog.java:173) - Starting service [Tomcat]
[2023-04-08 09:04:11] INFO org.apache.catalina.core.StandardEngine(DirectJDKLog.java:173) - Starting Servlet engine: [Apache Tomcat/9.0.71]
[2023-04-08 09:04:11] INFO org.apache.catalina.core.ContainerBase.[Tomcat].[localhost].[/app](DirectJDKLog.java:173) - Initializing Spring embedded WebApplicationContext
[2023-04-08 09:04:11] INFO org.springframework.boot.web.servlet.context.ServletWebServerApplicationContext(ServletWebServerApplicationContext.java:292) - Root WebApplicationContext: initialization completed in 2054 ms
[2023-04-08 09:04:12] INFO org.springframework.boot.devtools.autoconfigure.OptionalLiveReloadServer(OptionalLiveReloadServer.java:59) - LiveReload server is running on port 35729
[2023-04-08 09:04:12] INFO org.apache.coyote.http11.Http11NioProtocol(DirectJDKLog.java:173) - Starting ProtocolHandler ["http-nio-8093"]
[2023-04-08 09:04:12] INFO org.springframework.boot.web.embedded.tomcat.TomcatWebServer(TomcatWebServer.java:220) - Tomcat started on port(s): 8093 (http) with context path '/app'
[2023-04-08 09:04:13] INFO com.example.PetprojectApplication(StartupInfoLogger.java:61) - Started PetprojectApplication in 4.022 seconds (JVM running for 5.239)
[2023-04-08 09:07:50] INFO org.apache.catalina.core.ContainerBase.[Tomcat].[localhost].[/app](DirectJDKLog.java:173) - Initializing Spring DispatcherServlet 'dispatcherServlet'
[2023-04-08 09:07:50] INFO org.springframework.web.servlet.DispatcherServlet(FrameworkServlet.java:525) - Initializing Servlet 'dispatcherServlet'
[2023-04-08 09:07:50] INFO org.springframework.web.servlet.DispatcherServlet(FrameworkServlet.java:547) - Completed initialization in 2 ms
[2023-04-08 09:08:54] INFO com.zaxxer.hikari.HikariDataSource(HikariDataSource.java:110) - HikariPool-1 - Starting...
[2023-04-08 09:08:54] WARN com.zaxxer.hikari.util.DriverDataSource(DriverDataSource.java:70) - Registered driver with driverClassName=oracle.jdbc.driver.OracleDriver was not found, trying direct instantiation.
[2023-04-08 09:08:54] INFO com.zaxxer.hikari.HikariDataSource(HikariDataSource.java:123) - HikariPool-1 - Start completed.
[2023-04-08 09:08:54] INFO com.example.controller.MemberController(MemberController.java:99) - db에서 가져온  memberDTO MemberDTO [mbId=2, pw=40b244112641dd78dd4f93b6c9190dd46e0099194d5a44257b7efad6ef9ff4683da1eda0244448cb343aa688f5d3efd7314dafe580ac0bcbf115aeca9e8dc114, nm=2, post=5573, addr1=서울 송파구 도곡로 434 (잠실동), addr2=서울 송파구 잠실동 305-15, tel1=010, tel2=2222, tel3=2222, email1=2222, email2=gmail.com]
[2023-04-08 09:09:02] INFO com.example.controller.MemberController(MemberController.java:99) - db에서 가져온  memberDTO null
[2023-04-08 09:09:57] INFO com.example.controller.MemberController(MemberController.java:99) - db에서 가져온  memberDTO MemberDTO [mbId=3, pw=3bafbf08882a2d10133093a1b8433f50563b93c14acd05b79028eb1d12799027241450980651994501423a66c276ae26c43b739bc65c4e16b10c3af6c202aebb, nm=3, post=13536, addr1=경기 성남시 분당구 판교역로2번길 1 (백현동), addr2=경기 성남시 분당구 백현동 582-6, tel1=010, tel2=3333, tel3=3333, email1=3333, email2=naver.com]
[2023-04-08 09:10:04] INFO com.example.controller.MemberController(MemberController.java:99) - db에서 가져온  memberDTO null
[2023-04-08 09:12:00] INFO com.example.controller.MemberController(MemberController.java:66) - /idCheck 주소 : 1
[2023-04-08 09:12:00] INFO com.example.controller.MemberController(MemberController.java:69) - /idCheck id count 0
[2023-04-08 09:12:15] INFO com.example.controller.MemberController(MemberController.java:54) - insert 갯수 : 1
[2023-04-08 09:12:30] INFO com.example.controller.MemberController(MemberController.java:99) - db에서 가져온  memberDTO MemberDTO [mbId=1, pw=4dff4ea340f0a823f15d3f4f01ab62eae0e5da579ccb851f8db9dfe84c58b2b37b89903a740e1ee172da793a6e79d560e5f7f9bd058a12a280433ed6fa46510a, nm=1, post=13536, addr1=경기 성남시 분당구 판교역로2번길 1 (백현동), addr2=경기 성남시 분당구 백현동 582-6, tel1=010, tel2=1111, tel3=1111, email1=1111, email2=gmail.com]
[2023-04-08 09:12:46] INFO com.example.controller.MemberController(MemberController.java:99) - db에서 가져온  memberDTO MemberDTO [mbId=2, pw=40b244112641dd78dd4f93b6c9190dd46e0099194d5a44257b7efad6ef9ff4683da1eda0244448cb343aa688f5d3efd7314dafe580ac0bcbf115aeca9e8dc114, nm=2, post=5573, addr1=서울 송파구 도곡로 434 (잠실동), addr2=서울 송파구 잠실동 305-15, tel1=010, tel2=2222, tel3=2222, email1=2222, email2=gmail.com]
[2023-04-08 09:12:53] INFO com.example.controller.MemberController(MemberController.java:99) - db에서 가져온  memberDTO MemberDTO [mbId=3, pw=3bafbf08882a2d10133093a1b8433f50563b93c14acd05b79028eb1d12799027241450980651994501423a66c276ae26c43b739bc65c4e16b10c3af6c202aebb, nm=3, post=13536, addr1=경기 성남시 분당구 판교역로2번길 1 (백현동), addr2=경기 성남시 분당구 백현동 582-6, tel1=010, tel2=3333, tel3=3333, email1=3333, email2=naver.com]
[2023-04-08 10:33:50] WARN com.zaxxer.hikari.pool.HikariPool(HikariPool.java:788) - HikariPool-1 - Thread starvation or clock leap detected (housekeeper delta=54s108ms598µs500ns).
[2023-04-08 10:44:15] INFO org.springframework.boot.devtools.autoconfigure.LocalDevToolsAutoConfiguration$RestartingClassPathChangeChangedEventListener(LocalDevToolsAutoConfiguration.java:211) - Restarting due to 1 class path change (0 additions, 0 deletions, 1 modification)
[2023-04-08 10:44:15] INFO org.apache.coyote.http11.Http11NioProtocol(DirectJDKLog.java:173) - Pausing ProtocolHandler ["http-nio-8093"]
[2023-04-08 10:44:15] INFO org.apache.catalina.core.StandardService(DirectJDKLog.java:173) - Stopping service [Tomcat]
[2023-04-08 10:44:15] INFO org.apache.catalina.core.ContainerBase.[Tomcat].[localhost].[/app](DirectJDKLog.java:173) - Destroying Spring FrameworkServlet 'dispatcherServlet'
[2023-04-08 10:44:15] WARN org.apache.catalina.loader.WebappClassLoaderBase(DirectJDKLog.java:173) - The web application [app] appears to have started a thread named [oracle.jdbc.driver.BlockSource.ThreadedCachingBlockSource.BlockReleaser] but has failed to stop it. This is very likely to create a memory leak. Stack trace of thread:
 sun.misc.Unsafe.park(Native Method)
 java.util.concurrent.locks.LockSupport.parkNanos(Unknown Source)
 java.util.concurrent.locks.AbstractQueuedSynchronizer$ConditionObject.awaitNanos(Unknown Source)
 oracle.jdbc.internal.Monitor$WaitableMonitor.monitorWait(Monitor.java:259)
 oracle.jdbc.internal.Monitor$WaitableMonitor.monitorWait(Monitor.java:241)
 oracle.jdbc.driver.BlockSource$ThreadedCachingBlockSource$BlockReleaser.run(BlockSource.java:346)
[2023-04-08 10:44:15] WARN org.apache.catalina.loader.WebappClassLoaderBase(DirectJDKLog.java:173) - The web application [app] appears to have started a thread named [InterruptTimer] but has failed to stop it. This is very likely to create a memory leak. Stack trace of thread:
 java.lang.Object.wait(Native Method)
 java.util.TimerThread.mainLoop(Unknown Source)
 java.util.TimerThread.run(Unknown Source)
[2023-04-08 10:44:15] WARN org.apache.catalina.loader.WebappClassLoaderBase(DirectJDKLog.java:173) - The web application [app] appears to have started a thread named [HikariPool-1 housekeeper] but has failed to stop it. This is very likely to create a memory leak. Stack trace of thread:
 sun.misc.Unsafe.park(Native Method)
 java.util.concurrent.locks.LockSupport.parkNanos(Unknown Source)
 java.util.concurrent.locks.AbstractQueuedSynchronizer$ConditionObject.awaitNanos(Unknown Source)
 java.util.concurrent.ScheduledThreadPoolExecutor$DelayedWorkQueue.take(Unknown Source)
 java.util.concurrent.ScheduledThreadPoolExecutor$DelayedWorkQueue.take(Unknown Source)
 java.util.concurrent.ThreadPoolExecutor.getTask(Unknown Source)
 java.util.concurrent.ThreadPoolExecutor.runWorker(Unknown Source)
 java.util.concurrent.ThreadPoolExecutor$Worker.run(Unknown Source)
 java.lang.Thread.run(Unknown Source)
[2023-04-08 10:44:15] INFO org.apache.coyote.http11.Http11NioProtocol(DirectJDKLog.java:173) - Stopping ProtocolHandler ["http-nio-8093"]
[2023-04-08 10:44:15] INFO org.apache.coyote.http11.Http11NioProtocol(DirectJDKLog.java:173) - Destroying ProtocolHandler ["http-nio-8093"]
[2023-04-08 10:44:15] INFO com.zaxxer.hikari.HikariDataSource(HikariDataSource.java:350) - HikariPool-1 - Shutdown initiated...
[2023-04-08 10:44:15] INFO com.zaxxer.hikari.HikariDataSource(HikariDataSource.java:352) - HikariPool-1 - Shutdown completed.
[2023-04-08 10:44:15] INFO com.example.PetprojectApplication(StartupInfoLogger.java:55) - Starting PetprojectApplication using Java 1.8.0_333 on BOOK-KCHKG0HGU1 with PID 54180 (C:\Users\gjyal\git\petproject_boot\target\classes started by gjyal in C:\Users\gjyal\git\petproject_boot)
[2023-04-08 10:44:15] INFO com.example.PetprojectApplication(SpringApplication.java:631) - No active profile set, falling back to 1 default profile: "default"
[2023-04-08 10:44:15] INFO org.springframework.boot.web.embedded.tomcat.TomcatWebServer(TomcatWebServer.java:108) - Tomcat initialized with port(s): 8093 (http)
[2023-04-08 10:44:15] INFO org.apache.coyote.http11.Http11NioProtocol(DirectJDKLog.java:173) - Initializing ProtocolHandler ["http-nio-8093"]
[2023-04-08 10:44:15] INFO org.apache.catalina.core.StandardService(DirectJDKLog.java:173) - Starting service [Tomcat]
[2023-04-08 10:44:15] INFO org.apache.catalina.core.StandardEngine(DirectJDKLog.java:173) - Starting Servlet engine: [Apache Tomcat/9.0.71]
[2023-04-08 10:44:15] INFO org.apache.catalina.core.ContainerBase.[Tomcat].[localhost].[/app](DirectJDKLog.java:173) - Initializing Spring embedded WebApplicationContext
[2023-04-08 10:44:15] INFO org.springframework.boot.web.servlet.context.ServletWebServerApplicationContext(ServletWebServerApplicationContext.java:292) - Root WebApplicationContext: initialization completed in 465 ms
[2023-04-08 10:44:16] INFO org.springframework.boot.devtools.autoconfigure.OptionalLiveReloadServer(OptionalLiveReloadServer.java:59) - LiveReload server is running on port 35729
[2023-04-08 10:44:16] INFO org.apache.coyote.http11.Http11NioProtocol(DirectJDKLog.java:173) - Starting ProtocolHandler ["http-nio-8093"]
[2023-04-08 10:44:16] INFO org.springframework.boot.web.embedded.tomcat.TomcatWebServer(TomcatWebServer.java:220) - Tomcat started on port(s): 8093 (http) with context path '/app'
[2023-04-08 10:44:16] INFO com.example.PetprojectApplication(StartupInfoLogger.java:61) - Started PetprojectApplication in 0.856 seconds (JVM running for 6008.993)
[2023-04-08 10:44:16] INFO org.springframework.boot.devtools.autoconfigure.ConditionEvaluationDeltaLoggingListener(ConditionEvaluationDeltaLoggingListener.java:63) - Condition evaluation unchanged
[2023-04-08 10:44:58] INFO org.springframework.boot.devtools.autoconfigure.LocalDevToolsAutoConfiguration$RestartingClassPathChangeChangedEventListener(LocalDevToolsAutoConfiguration.java:211) - Restarting due to 1 class path change (0 additions, 0 deletions, 1 modification)
[2023-04-08 10:44:58] INFO org.apache.coyote.http11.Http11NioProtocol(DirectJDKLog.java:173) - Pausing ProtocolHandler ["http-nio-8093"]
[2023-04-08 10:44:58] INFO org.apache.catalina.core.StandardService(DirectJDKLog.java:173) - Stopping service [Tomcat]
[2023-04-08 10:44:58] INFO org.apache.coyote.http11.Http11NioProtocol(DirectJDKLog.java:173) - Stopping ProtocolHandler ["http-nio-8093"]
[2023-04-08 10:44:58] INFO org.apache.coyote.http11.Http11NioProtocol(DirectJDKLog.java:173) - Destroying ProtocolHandler ["http-nio-8093"]
[2023-04-08 10:44:58] INFO com.example.PetprojectApplication(StartupInfoLogger.java:55) - Starting PetprojectApplication using Java 1.8.0_333 on BOOK-KCHKG0HGU1 with PID 54180 (C:\Users\gjyal\git\petproject_boot\target\classes started by gjyal in C:\Users\gjyal\git\petproject_boot)
[2023-04-08 10:44:58] INFO com.example.PetprojectApplication(SpringApplication.java:631) - No active profile set, falling back to 1 default profile: "default"
[2023-04-08 10:44:58] INFO org.springframework.boot.web.embedded.tomcat.TomcatWebServer(TomcatWebServer.java:108) - Tomcat initialized with port(s): 8093 (http)
[2023-04-08 10:44:58] INFO org.apache.coyote.http11.Http11NioProtocol(DirectJDKLog.java:173) - Initializing ProtocolHandler ["http-nio-8093"]
[2023-04-08 10:44:58] INFO org.apache.catalina.core.StandardService(DirectJDKLog.java:173) - Starting service [Tomcat]
[2023-04-08 10:44:58] INFO org.apache.catalina.core.StandardEngine(DirectJDKLog.java:173) - Starting Servlet engine: [Apache Tomcat/9.0.71]
[2023-04-08 10:44:58] INFO org.apache.catalina.core.ContainerBase.[Tomcat].[localhost].[/app](DirectJDKLog.java:173) - Initializing Spring embedded WebApplicationContext
[2023-04-08 10:44:58] INFO org.springframework.boot.web.servlet.context.ServletWebServerApplicationContext(ServletWebServerApplicationContext.java:292) - Root WebApplicationContext: initialization completed in 407 ms
[2023-04-08 10:44:59] INFO org.springframework.boot.devtools.autoconfigure.OptionalLiveReloadServer(OptionalLiveReloadServer.java:59) - LiveReload server is running on port 35729
[2023-04-08 10:44:59] INFO org.apache.coyote.http11.Http11NioProtocol(DirectJDKLog.java:173) - Starting ProtocolHandler ["http-nio-8093"]
[2023-04-08 10:44:59] INFO org.springframework.boot.web.embedded.tomcat.TomcatWebServer(TomcatWebServer.java:220) - Tomcat started on port(s): 8093 (http) with context path '/app'
[2023-04-08 10:44:59] INFO com.example.PetprojectApplication(StartupInfoLogger.java:61) - Started PetprojectApplication in 0.757 seconds (JVM running for 6051.822)
[2023-04-08 10:44:59] INFO org.springframework.boot.devtools.autoconfigure.ConditionEvaluationDeltaLoggingListener(ConditionEvaluationDeltaLoggingListener.java:63) - Condition evaluation unchanged
[2023-04-08 10:45:05] INFO org.springframework.boot.devtools.autoconfigure.LocalDevToolsAutoConfiguration$RestartingClassPathChangeChangedEventListener(LocalDevToolsAutoConfiguration.java:211) - Restarting due to 1 class path change (0 additions, 0 deletions, 1 modification)
[2023-04-08 10:45:05] INFO org.apache.coyote.http11.Http11NioProtocol(DirectJDKLog.java:173) - Pausing ProtocolHandler ["http-nio-8093"]
[2023-04-08 10:45:05] INFO org.apache.catalina.core.StandardService(DirectJDKLog.java:173) - Stopping service [Tomcat]
[2023-04-08 10:45:05] INFO org.apache.coyote.http11.Http11NioProtocol(DirectJDKLog.java:173) - Stopping ProtocolHandler ["http-nio-8093"]
[2023-04-08 10:45:05] INFO org.apache.coyote.http11.Http11NioProtocol(DirectJDKLog.java:173) - Destroying ProtocolHandler ["http-nio-8093"]
[2023-04-08 10:45:05] INFO com.example.PetprojectApplication(StartupInfoLogger.java:55) - Starting PetprojectApplication using Java 1.8.0_333 on BOOK-KCHKG0HGU1 with PID 54180 (C:\Users\gjyal\git\petproject_boot\target\classes started by gjyal in C:\Users\gjyal\git\petproject_boot)
[2023-04-08 10:45:05] INFO com.example.PetprojectApplication(SpringApplication.java:631) - No active profile set, falling back to 1 default profile: "default"
[2023-04-08 10:45:05] INFO org.springframework.boot.web.embedded.tomcat.TomcatWebServer(TomcatWebServer.java:108) - Tomcat initialized with port(s): 8093 (http)
[2023-04-08 10:45:05] INFO org.apache.coyote.http11.Http11NioProtocol(DirectJDKLog.java:173) - Initializing ProtocolHandler ["http-nio-8093"]
[2023-04-08 10:45:05] INFO org.apache.catalina.core.StandardService(DirectJDKLog.java:173) - Starting service [Tomcat]
[2023-04-08 10:45:05] INFO org.apache.catalina.core.StandardEngine(DirectJDKLog.java:173) - Starting Servlet engine: [Apache Tomcat/9.0.71]
[2023-04-08 10:45:05] INFO org.apache.catalina.core.ContainerBase.[Tomcat].[localhost].[/app](DirectJDKLog.java:173) - Initializing Spring embedded WebApplicationContext
[2023-04-08 10:45:05] INFO org.springframework.boot.web.servlet.context.ServletWebServerApplicationContext(ServletWebServerApplicationContext.java:292) - Root WebApplicationContext: initialization completed in 367 ms
[2023-04-08 10:45:05] INFO org.springframework.boot.devtools.autoconfigure.OptionalLiveReloadServer(OptionalLiveReloadServer.java:59) - LiveReload server is running on port 35729
[2023-04-08 10:45:05] INFO org.apache.coyote.http11.Http11NioProtocol(DirectJDKLog.java:173) - Starting ProtocolHandler ["http-nio-8093"]
[2023-04-08 10:45:05] INFO org.springframework.boot.web.embedded.tomcat.TomcatWebServer(TomcatWebServer.java:220) - Tomcat started on port(s): 8093 (http) with context path '/app'
[2023-04-08 10:45:06] INFO com.example.PetprojectApplication(StartupInfoLogger.java:61) - Started PetprojectApplication in 0.712 seconds (JVM running for 6058.691)
[2023-04-08 10:45:06] INFO org.springframework.boot.devtools.autoconfigure.ConditionEvaluationDeltaLoggingListener(ConditionEvaluationDeltaLoggingListener.java:63) - Condition evaluation unchanged
[2023-04-08 10:45:54] INFO org.apache.catalina.core.ContainerBase.[Tomcat].[localhost].[/app](DirectJDKLog.java:173) - Initializing Spring DispatcherServlet 'dispatcherServlet'
[2023-04-08 10:45:54] INFO org.springframework.web.servlet.DispatcherServlet(FrameworkServlet.java:525) - Initializing Servlet 'dispatcherServlet'
[2023-04-08 10:45:54] INFO org.springframework.web.servlet.DispatcherServlet(FrameworkServlet.java:547) - Completed initialization in 1 ms
[2023-04-08 10:46:17] INFO com.zaxxer.hikari.HikariDataSource(HikariDataSource.java:110) - HikariPool-2 - Starting...
[2023-04-08 10:46:17] WARN com.zaxxer.hikari.util.DriverDataSource(DriverDataSource.java:70) - Registered driver with driverClassName=oracle.jdbc.driver.OracleDriver was not found, trying direct instantiation.
[2023-04-08 10:46:17] INFO com.zaxxer.hikari.HikariDataSource(HikariDataSource.java:123) - HikariPool-2 - Start completed.
[2023-04-08 10:46:17] INFO com.example.controller.MemberController(MemberController.java:103) - db에서 가져온  memberDTO MemberDTO [mbId=1, pw=4dff4ea340f0a823f15d3f4f01ab62eae0e5da579ccb851f8db9dfe84c58b2b37b89903a740e1ee172da793a6e79d560e5f7f9bd058a12a280433ed6fa46510a, nm=1, post=13536, addr1=경기 성남시 분당구 판교역로2번길 1 (백현동), addr2=경기 성남시 분당구 백현동 582-6, tel1=010, tel2=1111, tel3=1111, email1=1111, email2=gmail.com]
[2023-04-08 10:47:19] INFO com.example.controller.MemberController(MemberController.java:70) - /idCheck 주소 : 1
[2023-04-08 10:47:19] INFO com.example.controller.MemberController(MemberController.java:73) - /idCheck id count 1
[2023-04-08 12:53:28] WARN com.zaxxer.hikari.pool.HikariPool(HikariPool.java:788) - HikariPool-2 - Thread starvation or clock leap detected (housekeeper delta=1m39s486ms926µs500ns).
[2023-04-08 14:01:21] WARN com.zaxxer.hikari.pool.HikariPool(HikariPool.java:788) - HikariPool-2 - Thread starvation or clock leap detected (housekeeper delta=42m53s308ms675µs400ns).
[2023-04-08 14:21:11] WARN com.zaxxer.hikari.pool.HikariPool(HikariPool.java:788) - HikariPool-2 - Thread starvation or clock leap detected (housekeeper delta=15m19s516ms743µs500ns).
[2023-04-08 14:30:04] INFO com.example.controller.MemberController(MemberController.java:103) - db에서 가져온  memberDTO MemberDTO [mbId=1, pw=4dff4ea340f0a823f15d3f4f01ab62eae0e5da579ccb851f8db9dfe84c58b2b37b89903a740e1ee172da793a6e79d560e5f7f9bd058a12a280433ed6fa46510a, nm=1, post=13536, addr1=경기 성남시 분당구 판교역로2번길 1 (백현동), addr2=경기 성남시 분당구 백현동 582-6, tel1=010, tel2=1111, tel3=1111, email1=1111, email2=gmail.com]
[2023-04-08 14:30:10] INFO com.example.controller.MemberController(MemberController.java:103) - db에서 가져온  memberDTO MemberDTO [mbId=2, pw=40b244112641dd78dd4f93b6c9190dd46e0099194d5a44257b7efad6ef9ff4683da1eda0244448cb343aa688f5d3efd7314dafe580ac0bcbf115aeca9e8dc114, nm=2, post=5573, addr1=서울 송파구 도곡로 434 (잠실동), addr2=서울 송파구 잠실동 305-15, tel1=010, tel2=2222, tel3=2222, email1=2222, email2=gmail.com]
[2023-04-08 14:30:16] INFO com.example.controller.MemberController(MemberController.java:103) - db에서 가져온  memberDTO MemberDTO [mbId=3, pw=3bafbf08882a2d10133093a1b8433f50563b93c14acd05b79028eb1d12799027241450980651994501423a66c276ae26c43b739bc65c4e16b10c3af6c202aebb, nm=3, post=13536, addr1=경기 성남시 분당구 판교역로2번길 1 (백현동), addr2=경기 성남시 분당구 백현동 582-6, tel1=010, tel2=3333, tel3=3333, email1=3333, email2=naver.com]
[2023-04-08 15:35:40] WARN com.zaxxer.hikari.pool.HikariPool(HikariPool.java:788) - HikariPool-2 - Thread starvation or clock leap detected (housekeeper delta=1m28s6ms540µs500ns).
[2023-04-08 17:42:25] WARN com.zaxxer.hikari.pool.HikariPool(HikariPool.java:788) - HikariPool-2 - Thread starvation or clock leap detected (housekeeper delta=1m43s979ms887µs).
[2023-04-08 18:29:19] WARN com.zaxxer.hikari.pool.HikariPool(HikariPool.java:788) - HikariPool-2 - Thread starvation or clock leap detected (housekeeper delta=3m53s834ms909µs500ns).
[2023-04-08 18:30:36] WARN com.zaxxer.hikari.pool.HikariPool(HikariPool.java:788) - HikariPool-2 - Thread starvation or clock leap detected (housekeeper delta=1m17s38ms821µs100ns).
[2023-04-08 18:33:10] WARN com.zaxxer.hikari.pool.HikariPool(HikariPool.java:788) - HikariPool-2 - Thread starvation or clock leap detected (housekeeper delta=2m34s160ms426µs400ns).
[2023-04-08 18:34:16] WARN com.zaxxer.hikari.pool.HikariPool(HikariPool.java:788) - HikariPool-2 - Thread starvation or clock leap detected (housekeeper delta=1m6s106ms546µs).
[2023-04-08 18:44:35] WARN com.zaxxer.hikari.pool.HikariPool(HikariPool.java:788) - HikariPool-2 - Thread starvation or clock leap detected (housekeeper delta=4m20s107ms108µs100ns).
[2023-04-08 19:34:07] WARN com.zaxxer.hikari.pool.HikariPool(HikariPool.java:788) - HikariPool-2 - Thread starvation or clock leap detected (housekeeper delta=49m31s804ms365µs500ns).
[2023-04-08 19:37:39] WARN com.zaxxer.hikari.pool.HikariPool(HikariPool.java:788) - HikariPool-2 - Thread starvation or clock leap detected (housekeeper delta=57s700ms356µs900ns).
