[2023-04-13 00:01:01] INFO org.springframework.boot.devtools.autoconfigure.LocalDevToolsAutoConfiguration$RestartingClassPathChangeChangedEventListener(LocalDevToolsAutoConfiguration.java:211) - Restarting due to 1 class path change (0 additions, 0 deletions, 1 modification)
[2023-04-13 00:01:01] INFO org.apache.coyote.http11.Http11NioProtocol(DirectJDKLog.java:173) - Pausing ProtocolHandler ["http-nio-8093"]
[2023-04-13 00:01:01] INFO org.apache.catalina.core.StandardService(DirectJDKLog.java:173) - Stopping service [Tomcat]
[2023-04-13 00:01:01] INFO org.apache.catalina.core.ContainerBase.[Tomcat-1].[localhost].[/app](DirectJDKLog.java:173) - Destroying Spring FrameworkServlet 'dispatcherServlet'
[2023-04-13 00:01:01] WARN org.apache.catalina.loader.WebappClassLoaderBase(DirectJDKLog.java:173) - The web application [app] appears to have started a thread named [HikariPool-6 housekeeper] but has failed to stop it. This is very likely to create a memory leak. Stack trace of thread:
 sun.misc.Unsafe.park(Native Method)
 java.util.concurrent.locks.LockSupport.parkNanos(Unknown Source)
 java.util.concurrent.locks.AbstractQueuedSynchronizer$ConditionObject.awaitNanos(Unknown Source)
 java.util.concurrent.ScheduledThreadPoolExecutor$DelayedWorkQueue.take(Unknown Source)
 java.util.concurrent.ScheduledThreadPoolExecutor$DelayedWorkQueue.take(Unknown Source)
 java.util.concurrent.ThreadPoolExecutor.getTask(Unknown Source)
 java.util.concurrent.ThreadPoolExecutor.runWorker(Unknown Source)
 java.util.concurrent.ThreadPoolExecutor$Worker.run(Unknown Source)
 java.lang.Thread.run(Unknown Source)
[2023-04-13 00:01:01] INFO org.apache.coyote.http11.Http11NioProtocol(DirectJDKLog.java:173) - Stopping ProtocolHandler ["http-nio-8093"]
[2023-04-13 00:01:01] INFO org.apache.coyote.http11.Http11NioProtocol(DirectJDKLog.java:173) - Destroying ProtocolHandler ["http-nio-8093"]
[2023-04-13 00:01:01] INFO com.zaxxer.hikari.HikariDataSource(HikariDataSource.java:350) - HikariPool-6 - Shutdown initiated...
[2023-04-13 00:01:01] INFO com.zaxxer.hikari.HikariDataSource(HikariDataSource.java:352) - HikariPool-6 - Shutdown completed.
[2023-04-13 00:01:01] INFO com.example.PetprojectApplication(StartupInfoLogger.java:55) - Starting PetprojectApplication using Java 1.8.0_333 on DESKTOP-HUJUVSS with PID 4416 (C:\Users\Administrator\git\PerPro_boot\petproject_boot\target\classes started by Max in C:\Users\Administrator\git\PerPro_boot\petproject_boot)
[2023-04-13 00:01:01] INFO com.example.PetprojectApplication(SpringApplication.java:631) - No active profile set, falling back to 1 default profile: "default"
[2023-04-13 00:01:02] INFO org.springframework.boot.web.embedded.tomcat.TomcatWebServer(TomcatWebServer.java:108) - Tomcat initialized with port(s): 8093 (http)
[2023-04-13 00:01:02] INFO org.apache.coyote.http11.Http11NioProtocol(DirectJDKLog.java:173) - Initializing ProtocolHandler ["http-nio-8093"]
[2023-04-13 00:01:02] INFO org.apache.catalina.core.StandardService(DirectJDKLog.java:173) - Starting service [Tomcat]
[2023-04-13 00:01:02] INFO org.apache.catalina.core.StandardEngine(DirectJDKLog.java:173) - Starting Servlet engine: [Apache Tomcat/9.0.71]
[2023-04-13 00:01:02] INFO org.apache.catalina.core.ContainerBase.[Tomcat-1].[localhost].[/app](DirectJDKLog.java:173) - Initializing Spring embedded WebApplicationContext
[2023-04-13 00:01:02] INFO org.springframework.boot.web.servlet.context.ServletWebServerApplicationContext(ServletWebServerApplicationContext.java:292) - Root WebApplicationContext: initialization completed in 233 ms
[2023-04-13 00:01:02] INFO org.springframework.boot.devtools.autoconfigure.OptionalLiveReloadServer(OptionalLiveReloadServer.java:59) - LiveReload server is running on port 35729
[2023-04-13 00:01:02] INFO org.apache.coyote.http11.Http11NioProtocol(DirectJDKLog.java:173) - Starting ProtocolHandler ["http-nio-8093"]
[2023-04-13 00:01:02] INFO org.springframework.boot.web.embedded.tomcat.TomcatWebServer(TomcatWebServer.java:220) - Tomcat started on port(s): 8093 (http) with context path '/app'
[2023-04-13 00:01:02] INFO com.example.PetprojectApplication(StartupInfoLogger.java:61) - Started PetprojectApplication in 0.479 seconds (JVM running for 1546.467)
[2023-04-13 00:01:02] INFO org.springframework.boot.devtools.autoconfigure.ConditionEvaluationDeltaLoggingListener(ConditionEvaluationDeltaLoggingListener.java:63) - Condition evaluation unchanged
[2023-04-13 00:01:28] INFO org.springframework.boot.devtools.autoconfigure.LocalDevToolsAutoConfiguration$RestartingClassPathChangeChangedEventListener(LocalDevToolsAutoConfiguration.java:211) - Restarting due to 1 class path change (0 additions, 0 deletions, 1 modification)
[2023-04-13 00:01:28] INFO org.apache.coyote.http11.Http11NioProtocol(DirectJDKLog.java:173) - Pausing ProtocolHandler ["http-nio-8093"]
[2023-04-13 00:01:28] INFO org.apache.catalina.core.StandardService(DirectJDKLog.java:173) - Stopping service [Tomcat]
[2023-04-13 00:01:28] INFO org.apache.coyote.http11.Http11NioProtocol(DirectJDKLog.java:173) - Stopping ProtocolHandler ["http-nio-8093"]
[2023-04-13 00:01:28] INFO org.apache.coyote.http11.Http11NioProtocol(DirectJDKLog.java:173) - Destroying ProtocolHandler ["http-nio-8093"]
[2023-04-13 00:01:28] INFO com.example.PetprojectApplication(StartupInfoLogger.java:55) - Starting PetprojectApplication using Java 1.8.0_333 on DESKTOP-HUJUVSS with PID 4416 (C:\Users\Administrator\git\PerPro_boot\petproject_boot\target\classes started by Max in C:\Users\Administrator\git\PerPro_boot\petproject_boot)
[2023-04-13 00:01:28] INFO com.example.PetprojectApplication(SpringApplication.java:631) - No active profile set, falling back to 1 default profile: "default"
[2023-04-13 00:01:29] INFO org.springframework.boot.web.embedded.tomcat.TomcatWebServer(TomcatWebServer.java:108) - Tomcat initialized with port(s): 8093 (http)
[2023-04-13 00:01:29] INFO org.apache.coyote.http11.Http11NioProtocol(DirectJDKLog.java:173) - Initializing ProtocolHandler ["http-nio-8093"]
[2023-04-13 00:01:29] INFO org.apache.catalina.core.StandardService(DirectJDKLog.java:173) - Starting service [Tomcat]
[2023-04-13 00:01:29] INFO org.apache.catalina.core.StandardEngine(DirectJDKLog.java:173) - Starting Servlet engine: [Apache Tomcat/9.0.71]
[2023-04-13 00:01:29] INFO org.apache.catalina.core.ContainerBase.[Tomcat-1].[localhost].[/app](DirectJDKLog.java:173) - Initializing Spring embedded WebApplicationContext
[2023-04-13 00:01:29] INFO org.springframework.boot.web.servlet.context.ServletWebServerApplicationContext(ServletWebServerApplicationContext.java:292) - Root WebApplicationContext: initialization completed in 206 ms
[2023-04-13 00:01:29] INFO org.springframework.boot.devtools.autoconfigure.OptionalLiveReloadServer(OptionalLiveReloadServer.java:59) - LiveReload server is running on port 35729
[2023-04-13 00:01:29] INFO org.apache.coyote.http11.Http11NioProtocol(DirectJDKLog.java:173) - Starting ProtocolHandler ["http-nio-8093"]
[2023-04-13 00:01:29] INFO org.springframework.boot.web.embedded.tomcat.TomcatWebServer(TomcatWebServer.java:220) - Tomcat started on port(s): 8093 (http) with context path '/app'
[2023-04-13 00:01:29] INFO com.example.PetprojectApplication(StartupInfoLogger.java:61) - Started PetprojectApplication in 0.466 seconds (JVM running for 1573.411)
[2023-04-13 00:01:29] INFO org.springframework.boot.devtools.autoconfigure.ConditionEvaluationDeltaLoggingListener(ConditionEvaluationDeltaLoggingListener.java:63) - Condition evaluation unchanged
[2023-04-13 00:01:30] INFO org.springframework.boot.devtools.autoconfigure.LocalDevToolsAutoConfiguration$RestartingClassPathChangeChangedEventListener(LocalDevToolsAutoConfiguration.java:211) - Restarting due to 1 class path change (0 additions, 0 deletions, 1 modification)
[2023-04-13 00:01:30] INFO org.apache.coyote.http11.Http11NioProtocol(DirectJDKLog.java:173) - Pausing ProtocolHandler ["http-nio-8093"]
[2023-04-13 00:01:30] INFO org.apache.catalina.core.StandardService(DirectJDKLog.java:173) - Stopping service [Tomcat]
[2023-04-13 00:01:30] INFO org.apache.coyote.http11.Http11NioProtocol(DirectJDKLog.java:173) - Stopping ProtocolHandler ["http-nio-8093"]
[2023-04-13 00:01:30] INFO org.apache.coyote.http11.Http11NioProtocol(DirectJDKLog.java:173) - Destroying ProtocolHandler ["http-nio-8093"]
[2023-04-13 00:01:30] INFO com.example.PetprojectApplication(StartupInfoLogger.java:55) - Starting PetprojectApplication using Java 1.8.0_333 on DESKTOP-HUJUVSS with PID 4416 (C:\Users\Administrator\git\PerPro_boot\petproject_boot\target\classes started by Max in C:\Users\Administrator\git\PerPro_boot\petproject_boot)
[2023-04-13 00:01:30] INFO com.example.PetprojectApplication(SpringApplication.java:631) - No active profile set, falling back to 1 default profile: "default"
[2023-04-13 00:01:31] INFO org.springframework.boot.web.embedded.tomcat.TomcatWebServer(TomcatWebServer.java:108) - Tomcat initialized with port(s): 8093 (http)
[2023-04-13 00:01:31] INFO org.apache.coyote.http11.Http11NioProtocol(DirectJDKLog.java:173) - Initializing ProtocolHandler ["http-nio-8093"]
[2023-04-13 00:01:31] INFO org.apache.catalina.core.StandardService(DirectJDKLog.java:173) - Starting service [Tomcat]
[2023-04-13 00:01:31] INFO org.apache.catalina.core.StandardEngine(DirectJDKLog.java:173) - Starting Servlet engine: [Apache Tomcat/9.0.71]
[2023-04-13 00:01:31] INFO org.apache.catalina.core.ContainerBase.[Tomcat-1].[localhost].[/app](DirectJDKLog.java:173) - Initializing Spring embedded WebApplicationContext
[2023-04-13 00:01:31] INFO org.springframework.boot.web.servlet.context.ServletWebServerApplicationContext(ServletWebServerApplicationContext.java:292) - Root WebApplicationContext: initialization completed in 218 ms
[2023-04-13 00:01:31] INFO org.springframework.boot.devtools.autoconfigure.OptionalLiveReloadServer(OptionalLiveReloadServer.java:59) - LiveReload server is running on port 35729
[2023-04-13 00:01:31] INFO org.apache.coyote.http11.Http11NioProtocol(DirectJDKLog.java:173) - Starting ProtocolHandler ["http-nio-8093"]
[2023-04-13 00:01:31] INFO org.springframework.boot.web.embedded.tomcat.TomcatWebServer(TomcatWebServer.java:220) - Tomcat started on port(s): 8093 (http) with context path '/app'
[2023-04-13 00:01:31] INFO com.example.PetprojectApplication(StartupInfoLogger.java:61) - Started PetprojectApplication in 0.452 seconds (JVM running for 1575.448)
[2023-04-13 00:01:31] INFO org.springframework.boot.devtools.autoconfigure.ConditionEvaluationDeltaLoggingListener(ConditionEvaluationDeltaLoggingListener.java:63) - Condition evaluation unchanged
[2023-04-13 00:02:32] INFO org.springframework.boot.devtools.autoconfigure.LocalDevToolsAutoConfiguration$RestartingClassPathChangeChangedEventListener(LocalDevToolsAutoConfiguration.java:211) - Restarting due to 1 class path change (0 additions, 0 deletions, 1 modification)
[2023-04-13 00:02:32] INFO org.apache.coyote.http11.Http11NioProtocol(DirectJDKLog.java:173) - Pausing ProtocolHandler ["http-nio-8093"]
[2023-04-13 00:02:32] INFO org.apache.catalina.core.StandardService(DirectJDKLog.java:173) - Stopping service [Tomcat]
[2023-04-13 00:02:32] INFO org.apache.coyote.http11.Http11NioProtocol(DirectJDKLog.java:173) - Stopping ProtocolHandler ["http-nio-8093"]
[2023-04-13 00:02:32] INFO org.apache.coyote.http11.Http11NioProtocol(DirectJDKLog.java:173) - Destroying ProtocolHandler ["http-nio-8093"]
[2023-04-13 00:02:32] INFO com.example.PetprojectApplication(StartupInfoLogger.java:55) - Starting PetprojectApplication using Java 1.8.0_333 on DESKTOP-HUJUVSS with PID 4416 (C:\Users\Administrator\git\PerPro_boot\petproject_boot\target\classes started by Max in C:\Users\Administrator\git\PerPro_boot\petproject_boot)
[2023-04-13 00:02:32] INFO com.example.PetprojectApplication(SpringApplication.java:631) - No active profile set, falling back to 1 default profile: "default"
[2023-04-13 00:02:33] INFO org.springframework.boot.web.embedded.tomcat.TomcatWebServer(TomcatWebServer.java:108) - Tomcat initialized with port(s): 8093 (http)
[2023-04-13 00:02:33] INFO org.apache.coyote.http11.Http11NioProtocol(DirectJDKLog.java:173) - Initializing ProtocolHandler ["http-nio-8093"]
[2023-04-13 00:02:33] INFO org.apache.catalina.core.StandardService(DirectJDKLog.java:173) - Starting service [Tomcat]
[2023-04-13 00:02:33] INFO org.apache.catalina.core.StandardEngine(DirectJDKLog.java:173) - Starting Servlet engine: [Apache Tomcat/9.0.71]
[2023-04-13 00:02:33] INFO org.apache.catalina.core.ContainerBase.[Tomcat-1].[localhost].[/app](DirectJDKLog.java:173) - Initializing Spring embedded WebApplicationContext
[2023-04-13 00:02:33] INFO org.springframework.boot.web.servlet.context.ServletWebServerApplicationContext(ServletWebServerApplicationContext.java:292) - Root WebApplicationContext: initialization completed in 234 ms
[2023-04-13 00:02:33] INFO org.springframework.boot.devtools.autoconfigure.OptionalLiveReloadServer(OptionalLiveReloadServer.java:59) - LiveReload server is running on port 35729
[2023-04-13 00:02:33] INFO org.apache.coyote.http11.Http11NioProtocol(DirectJDKLog.java:173) - Starting ProtocolHandler ["http-nio-8093"]
[2023-04-13 00:02:33] INFO org.springframework.boot.web.embedded.tomcat.TomcatWebServer(TomcatWebServer.java:220) - Tomcat started on port(s): 8093 (http) with context path '/app'
[2023-04-13 00:02:33] INFO com.example.PetprojectApplication(StartupInfoLogger.java:61) - Started PetprojectApplication in 0.474 seconds (JVM running for 1637.361)
[2023-04-13 00:02:33] INFO org.springframework.boot.devtools.autoconfigure.ConditionEvaluationDeltaLoggingListener(ConditionEvaluationDeltaLoggingListener.java:63) - Condition evaluation unchanged
[2023-04-13 00:02:52] INFO org.springframework.boot.devtools.autoconfigure.LocalDevToolsAutoConfiguration$RestartingClassPathChangeChangedEventListener(LocalDevToolsAutoConfiguration.java:211) - Restarting due to 1 class path change (0 additions, 0 deletions, 1 modification)
[2023-04-13 00:02:52] INFO org.apache.coyote.http11.Http11NioProtocol(DirectJDKLog.java:173) - Pausing ProtocolHandler ["http-nio-8093"]
[2023-04-13 00:02:52] INFO org.apache.catalina.core.StandardService(DirectJDKLog.java:173) - Stopping service [Tomcat]
[2023-04-13 00:02:52] INFO org.apache.coyote.http11.Http11NioProtocol(DirectJDKLog.java:173) - Stopping ProtocolHandler ["http-nio-8093"]
[2023-04-13 00:02:52] INFO org.apache.coyote.http11.Http11NioProtocol(DirectJDKLog.java:173) - Destroying ProtocolHandler ["http-nio-8093"]
[2023-04-13 00:02:52] INFO com.example.PetprojectApplication(StartupInfoLogger.java:55) - Starting PetprojectApplication using Java 1.8.0_333 on DESKTOP-HUJUVSS with PID 4416 (C:\Users\Administrator\git\PerPro_boot\petproject_boot\target\classes started by Max in C:\Users\Administrator\git\PerPro_boot\petproject_boot)
[2023-04-13 00:02:52] INFO com.example.PetprojectApplication(SpringApplication.java:631) - No active profile set, falling back to 1 default profile: "default"
[2023-04-13 00:02:52] INFO org.springframework.boot.web.embedded.tomcat.TomcatWebServer(TomcatWebServer.java:108) - Tomcat initialized with port(s): 8093 (http)
[2023-04-13 00:02:52] INFO org.apache.coyote.http11.Http11NioProtocol(DirectJDKLog.java:173) - Initializing ProtocolHandler ["http-nio-8093"]
[2023-04-13 00:02:52] INFO org.apache.catalina.core.StandardService(DirectJDKLog.java:173) - Starting service [Tomcat]
[2023-04-13 00:02:52] INFO org.apache.catalina.core.StandardEngine(DirectJDKLog.java:173) - Starting Servlet engine: [Apache Tomcat/9.0.71]
[2023-04-13 00:02:52] INFO org.apache.catalina.core.ContainerBase.[Tomcat-1].[localhost].[/app](DirectJDKLog.java:173) - Initializing Spring embedded WebApplicationContext
[2023-04-13 00:02:52] INFO org.springframework.boot.web.servlet.context.ServletWebServerApplicationContext(ServletWebServerApplicationContext.java:292) - Root WebApplicationContext: initialization completed in 218 ms
[2023-04-13 00:02:52] INFO org.springframework.boot.devtools.autoconfigure.OptionalLiveReloadServer(OptionalLiveReloadServer.java:59) - LiveReload server is running on port 35729
[2023-04-13 00:02:52] INFO org.apache.coyote.http11.Http11NioProtocol(DirectJDKLog.java:173) - Starting ProtocolHandler ["http-nio-8093"]
[2023-04-13 00:02:52] INFO org.springframework.boot.web.embedded.tomcat.TomcatWebServer(TomcatWebServer.java:220) - Tomcat started on port(s): 8093 (http) with context path '/app'
[2023-04-13 00:02:52] INFO com.example.PetprojectApplication(StartupInfoLogger.java:61) - Started PetprojectApplication in 0.46 seconds (JVM running for 1656.953)
[2023-04-13 00:02:52] INFO org.springframework.boot.devtools.autoconfigure.ConditionEvaluationDeltaLoggingListener(ConditionEvaluationDeltaLoggingListener.java:63) - Condition evaluation unchanged
[2023-04-13 00:03:31] INFO org.springframework.boot.devtools.autoconfigure.LocalDevToolsAutoConfiguration$RestartingClassPathChangeChangedEventListener(LocalDevToolsAutoConfiguration.java:211) - Restarting due to 1 class path change (0 additions, 0 deletions, 1 modification)
[2023-04-13 00:03:31] INFO org.apache.coyote.http11.Http11NioProtocol(DirectJDKLog.java:173) - Pausing ProtocolHandler ["http-nio-8093"]
[2023-04-13 00:03:31] INFO org.apache.catalina.core.StandardService(DirectJDKLog.java:173) - Stopping service [Tomcat]
[2023-04-13 00:03:31] INFO org.apache.coyote.http11.Http11NioProtocol(DirectJDKLog.java:173) - Stopping ProtocolHandler ["http-nio-8093"]
[2023-04-13 00:03:31] INFO org.apache.coyote.http11.Http11NioProtocol(DirectJDKLog.java:173) - Destroying ProtocolHandler ["http-nio-8093"]
[2023-04-13 00:03:31] INFO com.example.PetprojectApplication(StartupInfoLogger.java:55) - Starting PetprojectApplication using Java 1.8.0_333 on DESKTOP-HUJUVSS with PID 4416 (C:\Users\Administrator\git\PerPro_boot\petproject_boot\target\classes started by Max in C:\Users\Administrator\git\PerPro_boot\petproject_boot)
[2023-04-13 00:03:31] INFO com.example.PetprojectApplication(SpringApplication.java:631) - No active profile set, falling back to 1 default profile: "default"
[2023-04-13 00:03:31] INFO org.springframework.boot.web.embedded.tomcat.TomcatWebServer(TomcatWebServer.java:108) - Tomcat initialized with port(s): 8093 (http)
[2023-04-13 00:03:31] INFO org.apache.coyote.http11.Http11NioProtocol(DirectJDKLog.java:173) - Initializing ProtocolHandler ["http-nio-8093"]
[2023-04-13 00:03:31] INFO org.apache.catalina.core.StandardService(DirectJDKLog.java:173) - Starting service [Tomcat]
[2023-04-13 00:03:31] INFO org.apache.catalina.core.StandardEngine(DirectJDKLog.java:173) - Starting Servlet engine: [Apache Tomcat/9.0.71]
[2023-04-13 00:03:31] INFO org.apache.catalina.core.ContainerBase.[Tomcat-1].[localhost].[/app](DirectJDKLog.java:173) - Initializing Spring embedded WebApplicationContext
[2023-04-13 00:03:31] INFO org.springframework.boot.web.servlet.context.ServletWebServerApplicationContext(ServletWebServerApplicationContext.java:292) - Root WebApplicationContext: initialization completed in 258 ms
[2023-04-13 00:03:32] INFO org.springframework.boot.devtools.autoconfigure.OptionalLiveReloadServer(OptionalLiveReloadServer.java:59) - LiveReload server is running on port 35729
[2023-04-13 00:03:32] INFO org.apache.coyote.http11.Http11NioProtocol(DirectJDKLog.java:173) - Starting ProtocolHandler ["http-nio-8093"]
[2023-04-13 00:03:32] INFO org.springframework.boot.web.embedded.tomcat.TomcatWebServer(TomcatWebServer.java:220) - Tomcat started on port(s): 8093 (http) with context path '/app'
[2023-04-13 00:03:32] INFO com.example.PetprojectApplication(StartupInfoLogger.java:61) - Started PetprojectApplication in 0.499 seconds (JVM running for 1696.223)
[2023-04-13 00:03:32] INFO org.springframework.boot.devtools.autoconfigure.ConditionEvaluationDeltaLoggingListener(ConditionEvaluationDeltaLoggingListener.java:63) - Condition evaluation unchanged
[2023-04-13 00:03:36] INFO org.apache.catalina.core.ContainerBase.[Tomcat-1].[localhost].[/app](DirectJDKLog.java:173) - Initializing Spring DispatcherServlet 'dispatcherServlet'
[2023-04-13 00:03:36] INFO org.springframework.web.servlet.DispatcherServlet(FrameworkServlet.java:525) - Initializing Servlet 'dispatcherServlet'
[2023-04-13 00:03:36] INFO org.springframework.web.servlet.DispatcherServlet(FrameworkServlet.java:547) - Completed initialization in 1 ms
[2023-04-13 00:03:36] INFO com.zaxxer.hikari.HikariDataSource(HikariDataSource.java:110) - HikariPool-7 - Starting...
[2023-04-13 00:03:36] WARN com.zaxxer.hikari.util.DriverDataSource(DriverDataSource.java:70) - Registered driver with driverClassName=oracle.jdbc.driver.OracleDriver was not found, trying direct instantiation.
[2023-04-13 00:03:36] INFO com.zaxxer.hikari.HikariDataSource(HikariDataSource.java:123) - HikariPool-7 - Start completed.
[2023-04-13 00:03:36] ERROR org.apache.catalina.core.ContainerBase.[Tomcat-1].[localhost].[/app].[dispatcherServlet](DirectJDKLog.java:175) - Servlet.service() for servlet [dispatcherServlet] in context with path [/app] threw exception [Request processing failed; nested exception is org.springframework.jdbc.BadSqlGrammarException: Error selecting key or setting result to parameter object. Cause: java.sql.SQLSyntaxErrorException: ORA-00904: "ORD_CD": invalid identifier

; bad SQL grammar []; nested exception is java.sql.SQLSyntaxErrorException: ORA-00904: "ORD_CD": invalid identifier
] with root cause
oracle.jdbc.OracleDatabaseException: ORA-00904: "ORD_CD": invalid identifier

	at oracle.jdbc.driver.T4CTTIoer11.processError(T4CTTIoer11.java:637) ~[ojdbc8-21.5.0.0.jar:21.5.0.0.0]
	at oracle.jdbc.driver.T4CTTIoer11.processError(T4CTTIoer11.java:564) ~[ojdbc8-21.5.0.0.jar:21.5.0.0.0]
	at oracle.jdbc.driver.T4C8Oall.processError(T4C8Oall.java:1151) ~[ojdbc8-21.5.0.0.jar:21.5.0.0.0]
	at oracle.jdbc.driver.T4CTTIfun.receive(T4CTTIfun.java:771) ~[ojdbc8-21.5.0.0.jar:21.5.0.0.0]
	at oracle.jdbc.driver.T4CTTIfun.doRPC(T4CTTIfun.java:299) ~[ojdbc8-21.5.0.0.jar:21.5.0.0.0]
	at oracle.jdbc.driver.T4C8Oall.doOALL(T4C8Oall.java:498) ~[ojdbc8-21.5.0.0.jar:21.5.0.0.0]
	at oracle.jdbc.driver.T4CPreparedStatement.doOall8(T4CPreparedStatement.java:152) ~[ojdbc8-21.5.0.0.jar:21.5.0.0.0]
	at oracle.jdbc.driver.T4CPreparedStatement.executeForDescribe(T4CPreparedStatement.java:937) ~[ojdbc8-21.5.0.0.jar:21.5.0.0.0]
	at oracle.jdbc.driver.OracleStatement.prepareDefineBufferAndExecute(OracleStatement.java:1172) ~[ojdbc8-21.5.0.0.jar:21.5.0.0.0]
	at oracle.jdbc.driver.OracleStatement.executeMaybeDescribe(OracleStatement.java:1101) ~[ojdbc8-21.5.0.0.jar:21.5.0.0.0]
	at oracle.jdbc.driver.OracleStatement.executeSQLSelect(OracleStatement.java:1426) ~[ojdbc8-21.5.0.0.jar:21.5.0.0.0]
	at oracle.jdbc.driver.OracleStatement.doExecuteWithTimeout(OracleStatement.java:1309) ~[ojdbc8-21.5.0.0.jar:21.5.0.0.0]
	at oracle.jdbc.driver.OraclePreparedStatement.executeInternal(OraclePreparedStatement.java:3746) ~[ojdbc8-21.5.0.0.jar:21.5.0.0.0]
	at oracle.jdbc.driver.OraclePreparedStatement.execute(OraclePreparedStatement.java:3941) ~[ojdbc8-21.5.0.0.jar:21.5.0.0.0]
	at oracle.jdbc.driver.OraclePreparedStatementWrapper.execute(OraclePreparedStatementWrapper.java:1010) ~[ojdbc8-21.5.0.0.jar:21.5.0.0.0]
	at com.zaxxer.hikari.pool.ProxyPreparedStatement.execute(ProxyPreparedStatement.java:44) ~[HikariCP-4.0.3.jar:?]
	at com.zaxxer.hikari.pool.HikariProxyPreparedStatement.execute(HikariProxyPreparedStatement.java) ~[HikariCP-4.0.3.jar:?]
	at org.apache.ibatis.executor.statement.PreparedStatementHandler.query(PreparedStatementHandler.java:64) ~[mybatis-3.5.11.jar:3.5.11]
	at org.apache.ibatis.executor.statement.RoutingStatementHandler.query(RoutingStatementHandler.java:79) ~[mybatis-3.5.11.jar:3.5.11]
	at org.apache.ibatis.executor.SimpleExecutor.doQuery(SimpleExecutor.java:63) ~[mybatis-3.5.11.jar:3.5.11]
	at org.apache.ibatis.executor.BaseExecutor.queryFromDatabase(BaseExecutor.java:325) ~[mybatis-3.5.11.jar:3.5.11]
	at org.apache.ibatis.executor.BaseExecutor.query(BaseExecutor.java:156) ~[mybatis-3.5.11.jar:3.5.11]
	at org.apache.ibatis.executor.CachingExecutor.query(CachingExecutor.java:109) ~[mybatis-3.5.11.jar:3.5.11]
	at org.apache.ibatis.executor.CachingExecutor.query(CachingExecutor.java:89) ~[mybatis-3.5.11.jar:3.5.11]
	at org.apache.ibatis.executor.keygen.SelectKeyGenerator.processGeneratedKeys(SelectKeyGenerator.java:67) ~[mybatis-3.5.11.jar:3.5.11]
	at org.apache.ibatis.executor.keygen.SelectKeyGenerator.processBefore(SelectKeyGenerator.java:47) ~[mybatis-3.5.11.jar:3.5.11]
	at org.apache.ibatis.executor.statement.BaseStatementHandler.generateKeys(BaseStatementHandler.java:141) ~[mybatis-3.5.11.jar:3.5.11]
	at org.apache.ibatis.executor.statement.BaseStatementHandler.<init>(BaseStatementHandler.java:63) ~[mybatis-3.5.11.jar:3.5.11]
	at org.apache.ibatis.executor.statement.PreparedStatementHandler.<init>(PreparedStatementHandler.java:41) ~[mybatis-3.5.11.jar:3.5.11]
	at org.apache.ibatis.executor.statement.RoutingStatementHandler.<init>(RoutingStatementHandler.java:46) ~[mybatis-3.5.11.jar:3.5.11]
	at org.apache.ibatis.session.Configuration.newStatementHandler(Configuration.java:690) ~[mybatis-3.5.11.jar:3.5.11]
	at org.apache.ibatis.executor.SimpleExecutor.doUpdate(SimpleExecutor.java:48) ~[mybatis-3.5.11.jar:3.5.11]
	at org.apache.ibatis.executor.BaseExecutor.update(BaseExecutor.java:117) ~[mybatis-3.5.11.jar:3.5.11]
	at org.apache.ibatis.executor.CachingExecutor.update(CachingExecutor.java:76) ~[mybatis-3.5.11.jar:3.5.11]
	at org.apache.ibatis.session.defaults.DefaultSqlSession.update(DefaultSqlSession.java:194) ~[mybatis-3.5.11.jar:3.5.11]
	at org.apache.ibatis.session.defaults.DefaultSqlSession.insert(DefaultSqlSession.java:181) ~[mybatis-3.5.11.jar:3.5.11]
	at sun.reflect.GeneratedMethodAccessor259.invoke(Unknown Source) ~[?:?]
	at sun.reflect.DelegatingMethodAccessorImpl.invoke(Unknown Source) ~[?:1.8.0_333]
	at java.lang.reflect.Method.invoke(Unknown Source) ~[?:1.8.0_333]
	at org.mybatis.spring.SqlSessionTemplate$SqlSessionInterceptor.invoke(SqlSessionTemplate.java:425) ~[mybatis-spring-2.1.0.jar:2.1.0]
	at com.sun.proxy.$Proxy93.insert(Unknown Source) ~[?:?]
	at org.mybatis.spring.SqlSessionTemplate.insert(SqlSessionTemplate.java:272) ~[mybatis-spring-2.1.0.jar:2.1.0]
	at org.apache.ibatis.binding.MapperMethod.execute(MapperMethod.java:62) ~[mybatis-3.5.11.jar:3.5.11]
	at org.apache.ibatis.binding.MapperProxy$PlainMethodInvoker.invoke(MapperProxy.java:145) ~[mybatis-3.5.11.jar:3.5.11]
	at org.apache.ibatis.binding.MapperProxy.invoke(MapperProxy.java:86) ~[mybatis-3.5.11.jar:3.5.11]
	at com.sun.proxy.$Proxy610.orderDone(Unknown Source) ~[?:?]
	at com.example.service.OrderService.orderDone(OrderService.java:81) ~[classes/:?]
	at com.example.service.OrderService$$FastClassBySpringCGLIB$$cb74591.invoke(<generated>) ~[classes/:?]
	at org.springframework.cglib.proxy.MethodProxy.invoke(MethodProxy.java:218) ~[spring-core-5.3.25.jar:5.3.25]
	at org.springframework.aop.framework.CglibAopProxy$CglibMethodInvocation.invokeJoinpoint(CglibAopProxy.java:793) ~[spring-aop-5.3.25.jar:5.3.25]
	at org.springframework.aop.framework.ReflectiveMethodInvocation.proceed(ReflectiveMethodInvocation.java:163) ~[spring-aop-5.3.25.jar:5.3.25]
	at org.springframework.aop.framework.CglibAopProxy$CglibMethodInvocation.proceed(CglibAopProxy.java:763) ~[spring-aop-5.3.25.jar:5.3.25]
	at org.springframework.transaction.interceptor.TransactionInterceptor$1.proceedWithInvocation(TransactionInterceptor.java:123) ~[spring-tx-5.3.25.jar:5.3.25]
	at org.springframework.transaction.interceptor.TransactionAspectSupport.invokeWithinTransaction(TransactionAspectSupport.java:388) ~[spring-tx-5.3.25.jar:5.3.25]
	at org.springframework.transaction.interceptor.TransactionInterceptor.invoke(TransactionInterceptor.java:119) ~[spring-tx-5.3.25.jar:5.3.25]
	at org.springframework.aop.framework.ReflectiveMethodInvocation.proceed(ReflectiveMethodInvocation.java:186) ~[spring-aop-5.3.25.jar:5.3.25]
	at org.springframework.aop.framework.CglibAopProxy$CglibMethodInvocation.proceed(CglibAopProxy.java:763) ~[spring-aop-5.3.25.jar:5.3.25]
	at org.springframework.aop.framework.CglibAopProxy$DynamicAdvisedInterceptor.intercept(CglibAopProxy.java:708) ~[spring-aop-5.3.25.jar:5.3.25]
	at com.example.service.OrderService$$EnhancerBySpringCGLIB$$b88ff096.orderDone(<generated>) ~[classes/:?]
	at com.example.controller.OrderController.orderDone(OrderController.java:80) ~[classes/:?]
	at sun.reflect.NativeMethodAccessorImpl.invoke0(Native Method) ~[?:1.8.0_333]
	at sun.reflect.NativeMethodAccessorImpl.invoke(Unknown Source) ~[?:1.8.0_333]
	at sun.reflect.DelegatingMethodAccessorImpl.invoke(Unknown Source) ~[?:1.8.0_333]
	at java.lang.reflect.Method.invoke(Unknown Source) ~[?:1.8.0_333]
	at org.springframework.web.method.support.InvocableHandlerMethod.doInvoke(InvocableHandlerMethod.java:205) ~[spring-web-5.3.25.jar:5.3.25]
	at org.springframework.web.method.support.InvocableHandlerMethod.invokeForRequest(InvocableHandlerMethod.java:150) ~[spring-web-5.3.25.jar:5.3.25]
	at org.springframework.web.servlet.mvc.method.annotation.ServletInvocableHandlerMethod.invokeAndHandle(ServletInvocableHandlerMethod.java:117) ~[spring-webmvc-5.3.25.jar:5.3.25]
	at org.springframework.web.servlet.mvc.method.annotation.RequestMappingHandlerAdapter.invokeHandlerMethod(RequestMappingHandlerAdapter.java:895) ~[spring-webmvc-5.3.25.jar:5.3.25]
	at org.springframework.web.servlet.mvc.method.annotation.RequestMappingHandlerAdapter.handleInternal(RequestMappingHandlerAdapter.java:808) ~[spring-webmvc-5.3.25.jar:5.3.25]
	at org.springframework.web.servlet.mvc.method.AbstractHandlerMethodAdapter.handle(AbstractHandlerMethodAdapter.java:87) ~[spring-webmvc-5.3.25.jar:5.3.25]
	at org.springframework.web.servlet.DispatcherServlet.doDispatch(DispatcherServlet.java:1071) ~[spring-webmvc-5.3.25.jar:5.3.25]
	at org.springframework.web.servlet.DispatcherServlet.doService(DispatcherServlet.java:964) ~[spring-webmvc-5.3.25.jar:5.3.25]
	at org.springframework.web.servlet.FrameworkServlet.processRequest(FrameworkServlet.java:1006) ~[spring-webmvc-5.3.25.jar:5.3.25]
	at org.springframework.web.servlet.FrameworkServlet.doPost(FrameworkServlet.java:909) ~[spring-webmvc-5.3.25.jar:5.3.25]
	at javax.servlet.http.HttpServlet.service(HttpServlet.java:696) ~[tomcat-embed-core-9.0.71.jar:4.0.FR]
	at org.springframework.web.servlet.FrameworkServlet.service(FrameworkServlet.java:883) ~[spring-webmvc-5.3.25.jar:5.3.25]
	at javax.servlet.http.HttpServlet.service(HttpServlet.java:779) ~[tomcat-embed-core-9.0.71.jar:4.0.FR]
	at org.apache.catalina.core.ApplicationFilterChain.internalDoFilter(ApplicationFilterChain.java:227) ~[tomcat-embed-core-9.0.71.jar:9.0.71]
	at org.apache.catalina.core.ApplicationFilterChain.doFilter(ApplicationFilterChain.java:162) ~[tomcat-embed-core-9.0.71.jar:9.0.71]
	at org.apache.tomcat.websocket.server.WsFilter.doFilter(WsFilter.java:53) ~[tomcat-embed-websocket-9.0.71.jar:9.0.71]
	at org.apache.catalina.core.ApplicationFilterChain.internalDoFilter(ApplicationFilterChain.java:189) ~[tomcat-embed-core-9.0.71.jar:9.0.71]
	at org.apache.catalina.core.ApplicationFilterChain.doFilter(ApplicationFilterChain.java:162) ~[tomcat-embed-core-9.0.71.jar:9.0.71]
	at org.springframework.web.filter.RequestContextFilter.doFilterInternal(RequestContextFilter.java:100) ~[spring-web-5.3.25.jar:5.3.25]
	at org.springframework.web.filter.OncePerRequestFilter.doFilter(OncePerRequestFilter.java:117) ~[spring-web-5.3.25.jar:5.3.25]
	at org.apache.catalina.core.ApplicationFilterChain.internalDoFilter(ApplicationFilterChain.java:189) ~[tomcat-embed-core-9.0.71.jar:9.0.71]
	at org.apache.catalina.core.ApplicationFilterChain.doFilter(ApplicationFilterChain.java:162) ~[tomcat-embed-core-9.0.71.jar:9.0.71]
	at org.springframework.web.filter.FormContentFilter.doFilterInternal(FormContentFilter.java:93) ~[spring-web-5.3.25.jar:5.3.25]
	at org.springframework.web.filter.OncePerRequestFilter.doFilter(OncePerRequestFilter.java:117) ~[spring-web-5.3.25.jar:5.3.25]
	at org.apache.catalina.core.ApplicationFilterChain.internalDoFilter(ApplicationFilterChain.java:189) ~[tomcat-embed-core-9.0.71.jar:9.0.71]
	at org.apache.catalina.core.ApplicationFilterChain.doFilter(ApplicationFilterChain.java:162) ~[tomcat-embed-core-9.0.71.jar:9.0.71]
	at org.springframework.web.filter.CharacterEncodingFilter.doFilterInternal(CharacterEncodingFilter.java:201) ~[spring-web-5.3.25.jar:5.3.25]
	at org.springframework.web.filter.OncePerRequestFilter.doFilter(OncePerRequestFilter.java:117) ~[spring-web-5.3.25.jar:5.3.25]
	at org.apache.catalina.core.ApplicationFilterChain.internalDoFilter(ApplicationFilterChain.java:189) ~[tomcat-embed-core-9.0.71.jar:9.0.71]
	at org.apache.catalina.core.ApplicationFilterChain.doFilter(ApplicationFilterChain.java:162) ~[tomcat-embed-core-9.0.71.jar:9.0.71]
	at org.apache.catalina.core.StandardWrapperValve.invoke(StandardWrapperValve.java:177) ~[tomcat-embed-core-9.0.71.jar:9.0.71]
	at org.apache.catalina.core.StandardContextValve.invoke(StandardContextValve.java:97) ~[tomcat-embed-core-9.0.71.jar:9.0.71]
	at org.apache.catalina.authenticator.AuthenticatorBase.invoke(AuthenticatorBase.java:541) ~[tomcat-embed-core-9.0.71.jar:9.0.71]
	at org.apache.catalina.core.StandardHostValve.invoke(StandardHostValve.java:135) ~[tomcat-embed-core-9.0.71.jar:9.0.71]
	at org.apache.catalina.valves.ErrorReportValve.invoke(ErrorReportValve.java:92) ~[tomcat-embed-core-9.0.71.jar:9.0.71]
	at org.apache.catalina.core.StandardEngineValve.invoke(StandardEngineValve.java:78) ~[tomcat-embed-core-9.0.71.jar:9.0.71]
	at org.apache.catalina.connector.CoyoteAdapter.service(CoyoteAdapter.java:360) ~[tomcat-embed-core-9.0.71.jar:9.0.71]
	at org.apache.coyote.http11.Http11Processor.service(Http11Processor.java:399) ~[tomcat-embed-core-9.0.71.jar:9.0.71]
	at org.apache.coyote.AbstractProcessorLight.process(AbstractProcessorLight.java:65) ~[tomcat-embed-core-9.0.71.jar:9.0.71]
	at org.apache.coyote.AbstractProtocol$ConnectionHandler.process(AbstractProtocol.java:891) ~[tomcat-embed-core-9.0.71.jar:9.0.71]
	at org.apache.tomcat.util.net.NioEndpoint$SocketProcessor.doRun(NioEndpoint.java:1784) ~[tomcat-embed-core-9.0.71.jar:9.0.71]
	at org.apache.tomcat.util.net.SocketProcessorBase.run(SocketProcessorBase.java:49) ~[tomcat-embed-core-9.0.71.jar:9.0.71]
	at org.apache.tomcat.util.threads.ThreadPoolExecutor.runWorker(ThreadPoolExecutor.java:1191) ~[tomcat-embed-core-9.0.71.jar:9.0.71]
	at org.apache.tomcat.util.threads.ThreadPoolExecutor$Worker.run(ThreadPoolExecutor.java:659) ~[tomcat-embed-core-9.0.71.jar:9.0.71]
	at org.apache.tomcat.util.threads.TaskThread$WrappingRunnable.run(TaskThread.java:61) ~[tomcat-embed-core-9.0.71.jar:9.0.71]
	at java.lang.Thread.run(Unknown Source) ~[?:1.8.0_333]
[2023-04-13 00:05:00] INFO org.springframework.boot.devtools.autoconfigure.LocalDevToolsAutoConfiguration$RestartingClassPathChangeChangedEventListener(LocalDevToolsAutoConfiguration.java:211) - Restarting due to 1 class path change (0 additions, 0 deletions, 1 modification)
[2023-04-13 00:05:00] INFO org.apache.coyote.http11.Http11NioProtocol(DirectJDKLog.java:173) - Pausing ProtocolHandler ["http-nio-8093"]
[2023-04-13 00:05:00] INFO org.apache.catalina.core.StandardService(DirectJDKLog.java:173) - Stopping service [Tomcat]
[2023-04-13 00:05:00] INFO org.apache.catalina.core.ContainerBase.[Tomcat-1].[localhost].[/app](DirectJDKLog.java:173) - Destroying Spring FrameworkServlet 'dispatcherServlet'
[2023-04-13 00:05:00] WARN org.apache.catalina.loader.WebappClassLoaderBase(DirectJDKLog.java:173) - The web application [app] appears to have started a thread named [HikariPool-7 housekeeper] but has failed to stop it. This is very likely to create a memory leak. Stack trace of thread:
 sun.misc.Unsafe.park(Native Method)
 java.util.concurrent.locks.LockSupport.parkNanos(Unknown Source)
 java.util.concurrent.locks.AbstractQueuedSynchronizer$ConditionObject.awaitNanos(Unknown Source)
 java.util.concurrent.ScheduledThreadPoolExecutor$DelayedWorkQueue.take(Unknown Source)
 java.util.concurrent.ScheduledThreadPoolExecutor$DelayedWorkQueue.take(Unknown Source)
 java.util.concurrent.ThreadPoolExecutor.getTask(Unknown Source)
 java.util.concurrent.ThreadPoolExecutor.runWorker(Unknown Source)
 java.util.concurrent.ThreadPoolExecutor$Worker.run(Unknown Source)
 java.lang.Thread.run(Unknown Source)
[2023-04-13 00:05:00] INFO org.apache.coyote.http11.Http11NioProtocol(DirectJDKLog.java:173) - Stopping ProtocolHandler ["http-nio-8093"]
[2023-04-13 00:05:00] INFO org.apache.coyote.http11.Http11NioProtocol(DirectJDKLog.java:173) - Destroying ProtocolHandler ["http-nio-8093"]
[2023-04-13 00:05:00] INFO com.zaxxer.hikari.HikariDataSource(HikariDataSource.java:350) - HikariPool-7 - Shutdown initiated...
[2023-04-13 00:05:00] INFO com.zaxxer.hikari.HikariDataSource(HikariDataSource.java:352) - HikariPool-7 - Shutdown completed.
[2023-04-13 00:05:00] INFO com.example.PetprojectApplication(StartupInfoLogger.java:55) - Starting PetprojectApplication using Java 1.8.0_333 on DESKTOP-HUJUVSS with PID 4416 (C:\Users\Administrator\git\PerPro_boot\petproject_boot\target\classes started by Max in C:\Users\Administrator\git\PerPro_boot\petproject_boot)
[2023-04-13 00:05:00] INFO com.example.PetprojectApplication(SpringApplication.java:631) - No active profile set, falling back to 1 default profile: "default"
[2023-04-13 00:05:00] INFO org.springframework.boot.web.embedded.tomcat.TomcatWebServer(TomcatWebServer.java:108) - Tomcat initialized with port(s): 8093 (http)
[2023-04-13 00:05:00] INFO org.apache.coyote.http11.Http11NioProtocol(DirectJDKLog.java:173) - Initializing ProtocolHandler ["http-nio-8093"]
[2023-04-13 00:05:00] INFO org.apache.catalina.core.StandardService(DirectJDKLog.java:173) - Starting service [Tomcat]
[2023-04-13 00:05:00] INFO org.apache.catalina.core.StandardEngine(DirectJDKLog.java:173) - Starting Servlet engine: [Apache Tomcat/9.0.71]
[2023-04-13 00:05:00] INFO org.apache.catalina.core.ContainerBase.[Tomcat-1].[localhost].[/app](DirectJDKLog.java:173) - Initializing Spring embedded WebApplicationContext
[2023-04-13 00:05:00] INFO org.springframework.boot.web.servlet.context.ServletWebServerApplicationContext(ServletWebServerApplicationContext.java:292) - Root WebApplicationContext: initialization completed in 253 ms
[2023-04-13 00:05:01] INFO org.springframework.boot.devtools.autoconfigure.OptionalLiveReloadServer(OptionalLiveReloadServer.java:59) - LiveReload server is running on port 35729
[2023-04-13 00:05:01] INFO org.apache.coyote.http11.Http11NioProtocol(DirectJDKLog.java:173) - Starting ProtocolHandler ["http-nio-8093"]
[2023-04-13 00:05:01] INFO org.springframework.boot.web.embedded.tomcat.TomcatWebServer(TomcatWebServer.java:220) - Tomcat started on port(s): 8093 (http) with context path '/app'
[2023-04-13 00:05:01] INFO com.example.PetprojectApplication(StartupInfoLogger.java:61) - Started PetprojectApplication in 0.485 seconds (JVM running for 1785.144)
[2023-04-13 00:05:01] INFO org.springframework.boot.devtools.autoconfigure.ConditionEvaluationDeltaLoggingListener(ConditionEvaluationDeltaLoggingListener.java:63) - Condition evaluation unchanged
[2023-04-13 00:05:20] INFO org.apache.catalina.core.ContainerBase.[Tomcat-1].[localhost].[/app](DirectJDKLog.java:173) - Initializing Spring DispatcherServlet 'dispatcherServlet'
[2023-04-13 00:05:20] INFO org.springframework.web.servlet.DispatcherServlet(FrameworkServlet.java:525) - Initializing Servlet 'dispatcherServlet'
[2023-04-13 00:05:20] INFO org.springframework.web.servlet.DispatcherServlet(FrameworkServlet.java:547) - Completed initialization in 1 ms
[2023-04-13 00:05:20] INFO com.zaxxer.hikari.HikariDataSource(HikariDataSource.java:110) - HikariPool-8 - Starting...
[2023-04-13 00:05:20] WARN com.zaxxer.hikari.util.DriverDataSource(DriverDataSource.java:70) - Registered driver with driverClassName=oracle.jdbc.driver.OracleDriver was not found, trying direct instantiation.
[2023-04-13 00:05:20] INFO com.zaxxer.hikari.HikariDataSource(HikariDataSource.java:123) - HikariPool-8 - Start completed.
[2023-04-13 00:05:20] ERROR org.apache.catalina.core.ContainerBase.[Tomcat-1].[localhost].[/app].[dispatcherServlet](DirectJDKLog.java:175) - Servlet.service() for servlet [dispatcherServlet] in context with path [/app] threw exception [Request processing failed; nested exception is org.apache.ibatis.binding.BindingException: Mapper method 'com.example.dao.OrderDAO.orderDone' has an unsupported return type: interface java.util.List] with root cause
org.apache.ibatis.binding.BindingException: Mapper method 'com.example.dao.OrderDAO.orderDone' has an unsupported return type: interface java.util.List
	at org.apache.ibatis.binding.MapperMethod.rowCountResult(MapperMethod.java:118) ~[mybatis-3.5.11.jar:3.5.11]
	at org.apache.ibatis.binding.MapperMethod.execute(MapperMethod.java:62) ~[mybatis-3.5.11.jar:3.5.11]
	at org.apache.ibatis.binding.MapperProxy$PlainMethodInvoker.invoke(MapperProxy.java:145) ~[mybatis-3.5.11.jar:3.5.11]
	at org.apache.ibatis.binding.MapperProxy.invoke(MapperProxy.java:86) ~[mybatis-3.5.11.jar:3.5.11]
	at com.sun.proxy.$Proxy619.orderDone(Unknown Source) ~[?:?]
	at com.example.service.OrderService.orderDone(OrderService.java:81) ~[classes/:?]
	at com.example.service.OrderService$$FastClassBySpringCGLIB$$cb74591.invoke(<generated>) ~[classes/:?]
	at org.springframework.cglib.proxy.MethodProxy.invoke(MethodProxy.java:218) ~[spring-core-5.3.25.jar:5.3.25]
	at org.springframework.aop.framework.CglibAopProxy$CglibMethodInvocation.invokeJoinpoint(CglibAopProxy.java:793) ~[spring-aop-5.3.25.jar:5.3.25]
	at org.springframework.aop.framework.ReflectiveMethodInvocation.proceed(ReflectiveMethodInvocation.java:163) ~[spring-aop-5.3.25.jar:5.3.25]
	at org.springframework.aop.framework.CglibAopProxy$CglibMethodInvocation.proceed(CglibAopProxy.java:763) ~[spring-aop-5.3.25.jar:5.3.25]
	at org.springframework.transaction.interceptor.TransactionInterceptor$1.proceedWithInvocation(TransactionInterceptor.java:123) ~[spring-tx-5.3.25.jar:5.3.25]
	at org.springframework.transaction.interceptor.TransactionAspectSupport.invokeWithinTransaction(TransactionAspectSupport.java:388) ~[spring-tx-5.3.25.jar:5.3.25]
	at org.springframework.transaction.interceptor.TransactionInterceptor.invoke(TransactionInterceptor.java:119) ~[spring-tx-5.3.25.jar:5.3.25]
	at org.springframework.aop.framework.ReflectiveMethodInvocation.proceed(ReflectiveMethodInvocation.java:186) ~[spring-aop-5.3.25.jar:5.3.25]
	at org.springframework.aop.framework.CglibAopProxy$CglibMethodInvocation.proceed(CglibAopProxy.java:763) ~[spring-aop-5.3.25.jar:5.3.25]
	at org.springframework.aop.framework.CglibAopProxy$DynamicAdvisedInterceptor.intercept(CglibAopProxy.java:708) ~[spring-aop-5.3.25.jar:5.3.25]
	at com.example.service.OrderService$$EnhancerBySpringCGLIB$$b88ff096.orderDone(<generated>) ~[classes/:?]
	at com.example.controller.OrderController.orderDone(OrderController.java:80) ~[classes/:?]
	at sun.reflect.NativeMethodAccessorImpl.invoke0(Native Method) ~[?:1.8.0_333]
	at sun.reflect.NativeMethodAccessorImpl.invoke(Unknown Source) ~[?:1.8.0_333]
	at sun.reflect.DelegatingMethodAccessorImpl.invoke(Unknown Source) ~[?:1.8.0_333]
	at java.lang.reflect.Method.invoke(Unknown Source) ~[?:1.8.0_333]
	at org.springframework.web.method.support.InvocableHandlerMethod.doInvoke(InvocableHandlerMethod.java:205) ~[spring-web-5.3.25.jar:5.3.25]
	at org.springframework.web.method.support.InvocableHandlerMethod.invokeForRequest(InvocableHandlerMethod.java:150) ~[spring-web-5.3.25.jar:5.3.25]
	at org.springframework.web.servlet.mvc.method.annotation.ServletInvocableHandlerMethod.invokeAndHandle(ServletInvocableHandlerMethod.java:117) ~[spring-webmvc-5.3.25.jar:5.3.25]
	at org.springframework.web.servlet.mvc.method.annotation.RequestMappingHandlerAdapter.invokeHandlerMethod(RequestMappingHandlerAdapter.java:895) ~[spring-webmvc-5.3.25.jar:5.3.25]
	at org.springframework.web.servlet.mvc.method.annotation.RequestMappingHandlerAdapter.handleInternal(RequestMappingHandlerAdapter.java:808) ~[spring-webmvc-5.3.25.jar:5.3.25]
	at org.springframework.web.servlet.mvc.method.AbstractHandlerMethodAdapter.handle(AbstractHandlerMethodAdapter.java:87) ~[spring-webmvc-5.3.25.jar:5.3.25]
	at org.springframework.web.servlet.DispatcherServlet.doDispatch(DispatcherServlet.java:1071) ~[spring-webmvc-5.3.25.jar:5.3.25]
	at org.springframework.web.servlet.DispatcherServlet.doService(DispatcherServlet.java:964) ~[spring-webmvc-5.3.25.jar:5.3.25]
	at org.springframework.web.servlet.FrameworkServlet.processRequest(FrameworkServlet.java:1006) ~[spring-webmvc-5.3.25.jar:5.3.25]
	at org.springframework.web.servlet.FrameworkServlet.doPost(FrameworkServlet.java:909) ~[spring-webmvc-5.3.25.jar:5.3.25]
	at javax.servlet.http.HttpServlet.service(HttpServlet.java:696) ~[tomcat-embed-core-9.0.71.jar:4.0.FR]
	at org.springframework.web.servlet.FrameworkServlet.service(FrameworkServlet.java:883) ~[spring-webmvc-5.3.25.jar:5.3.25]
	at javax.servlet.http.HttpServlet.service(HttpServlet.java:779) ~[tomcat-embed-core-9.0.71.jar:4.0.FR]
	at org.apache.catalina.core.ApplicationFilterChain.internalDoFilter(ApplicationFilterChain.java:227) ~[tomcat-embed-core-9.0.71.jar:9.0.71]
	at org.apache.catalina.core.ApplicationFilterChain.doFilter(ApplicationFilterChain.java:162) ~[tomcat-embed-core-9.0.71.jar:9.0.71]
	at org.apache.tomcat.websocket.server.WsFilter.doFilter(WsFilter.java:53) ~[tomcat-embed-websocket-9.0.71.jar:9.0.71]
	at org.apache.catalina.core.ApplicationFilterChain.internalDoFilter(ApplicationFilterChain.java:189) ~[tomcat-embed-core-9.0.71.jar:9.0.71]
	at org.apache.catalina.core.ApplicationFilterChain.doFilter(ApplicationFilterChain.java:162) ~[tomcat-embed-core-9.0.71.jar:9.0.71]
	at org.springframework.web.filter.RequestContextFilter.doFilterInternal(RequestContextFilter.java:100) ~[spring-web-5.3.25.jar:5.3.25]
	at org.springframework.web.filter.OncePerRequestFilter.doFilter(OncePerRequestFilter.java:117) ~[spring-web-5.3.25.jar:5.3.25]
	at org.apache.catalina.core.ApplicationFilterChain.internalDoFilter(ApplicationFilterChain.java:189) ~[tomcat-embed-core-9.0.71.jar:9.0.71]
	at org.apache.catalina.core.ApplicationFilterChain.doFilter(ApplicationFilterChain.java:162) ~[tomcat-embed-core-9.0.71.jar:9.0.71]
	at org.springframework.web.filter.FormContentFilter.doFilterInternal(FormContentFilter.java:93) ~[spring-web-5.3.25.jar:5.3.25]
	at org.springframework.web.filter.OncePerRequestFilter.doFilter(OncePerRequestFilter.java:117) ~[spring-web-5.3.25.jar:5.3.25]
	at org.apache.catalina.core.ApplicationFilterChain.internalDoFilter(ApplicationFilterChain.java:189) ~[tomcat-embed-core-9.0.71.jar:9.0.71]
	at org.apache.catalina.core.ApplicationFilterChain.doFilter(ApplicationFilterChain.java:162) ~[tomcat-embed-core-9.0.71.jar:9.0.71]
	at org.springframework.web.filter.CharacterEncodingFilter.doFilterInternal(CharacterEncodingFilter.java:201) ~[spring-web-5.3.25.jar:5.3.25]
	at org.springframework.web.filter.OncePerRequestFilter.doFilter(OncePerRequestFilter.java:117) ~[spring-web-5.3.25.jar:5.3.25]
	at org.apache.catalina.core.ApplicationFilterChain.internalDoFilter(ApplicationFilterChain.java:189) ~[tomcat-embed-core-9.0.71.jar:9.0.71]
	at org.apache.catalina.core.ApplicationFilterChain.doFilter(ApplicationFilterChain.java:162) ~[tomcat-embed-core-9.0.71.jar:9.0.71]
	at org.apache.catalina.core.StandardWrapperValve.invoke(StandardWrapperValve.java:177) ~[tomcat-embed-core-9.0.71.jar:9.0.71]
	at org.apache.catalina.core.StandardContextValve.invoke(StandardContextValve.java:97) ~[tomcat-embed-core-9.0.71.jar:9.0.71]
	at org.apache.catalina.authenticator.AuthenticatorBase.invoke(AuthenticatorBase.java:541) ~[tomcat-embed-core-9.0.71.jar:9.0.71]
	at org.apache.catalina.core.StandardHostValve.invoke(StandardHostValve.java:135) ~[tomcat-embed-core-9.0.71.jar:9.0.71]
	at org.apache.catalina.valves.ErrorReportValve.invoke(ErrorReportValve.java:92) ~[tomcat-embed-core-9.0.71.jar:9.0.71]
	at org.apache.catalina.core.StandardEngineValve.invoke(StandardEngineValve.java:78) ~[tomcat-embed-core-9.0.71.jar:9.0.71]
	at org.apache.catalina.connector.CoyoteAdapter.service(CoyoteAdapter.java:360) ~[tomcat-embed-core-9.0.71.jar:9.0.71]
	at org.apache.coyote.http11.Http11Processor.service(Http11Processor.java:399) ~[tomcat-embed-core-9.0.71.jar:9.0.71]
	at org.apache.coyote.AbstractProcessorLight.process(AbstractProcessorLight.java:65) ~[tomcat-embed-core-9.0.71.jar:9.0.71]
	at org.apache.coyote.AbstractProtocol$ConnectionHandler.process(AbstractProtocol.java:891) ~[tomcat-embed-core-9.0.71.jar:9.0.71]
	at org.apache.tomcat.util.net.NioEndpoint$SocketProcessor.doRun(NioEndpoint.java:1784) ~[tomcat-embed-core-9.0.71.jar:9.0.71]
	at org.apache.tomcat.util.net.SocketProcessorBase.run(SocketProcessorBase.java:49) ~[tomcat-embed-core-9.0.71.jar:9.0.71]
	at org.apache.tomcat.util.threads.ThreadPoolExecutor.runWorker(ThreadPoolExecutor.java:1191) ~[tomcat-embed-core-9.0.71.jar:9.0.71]
	at org.apache.tomcat.util.threads.ThreadPoolExecutor$Worker.run(ThreadPoolExecutor.java:659) ~[tomcat-embed-core-9.0.71.jar:9.0.71]
	at org.apache.tomcat.util.threads.TaskThread$WrappingRunnable.run(TaskThread.java:61) ~[tomcat-embed-core-9.0.71.jar:9.0.71]
	at java.lang.Thread.run(Unknown Source) ~[?:1.8.0_333]
[2023-04-13 00:08:50] INFO org.springframework.boot.devtools.autoconfigure.LocalDevToolsAutoConfiguration$RestartingClassPathChangeChangedEventListener(LocalDevToolsAutoConfiguration.java:211) - Restarting due to 1 class path change (0 additions, 0 deletions, 1 modification)
[2023-04-13 00:08:50] INFO org.apache.coyote.http11.Http11NioProtocol(DirectJDKLog.java:173) - Pausing ProtocolHandler ["http-nio-8093"]
[2023-04-13 00:08:50] INFO org.apache.catalina.core.StandardService(DirectJDKLog.java:173) - Stopping service [Tomcat]
[2023-04-13 00:08:50] INFO org.apache.catalina.core.ContainerBase.[Tomcat-1].[localhost].[/app](DirectJDKLog.java:173) - Destroying Spring FrameworkServlet 'dispatcherServlet'
[2023-04-13 00:08:50] WARN org.apache.catalina.loader.WebappClassLoaderBase(DirectJDKLog.java:173) - The web application [app] appears to have started a thread named [HikariPool-8 housekeeper] but has failed to stop it. This is very likely to create a memory leak. Stack trace of thread:
 sun.misc.Unsafe.park(Native Method)
 java.util.concurrent.locks.LockSupport.parkNanos(Unknown Source)
 java.util.concurrent.locks.AbstractQueuedSynchronizer$ConditionObject.awaitNanos(Unknown Source)
 java.util.concurrent.ScheduledThreadPoolExecutor$DelayedWorkQueue.take(Unknown Source)
 java.util.concurrent.ScheduledThreadPoolExecutor$DelayedWorkQueue.take(Unknown Source)
 java.util.concurrent.ThreadPoolExecutor.getTask(Unknown Source)
 java.util.concurrent.ThreadPoolExecutor.runWorker(Unknown Source)
 java.util.concurrent.ThreadPoolExecutor$Worker.run(Unknown Source)
 java.lang.Thread.run(Unknown Source)
[2023-04-13 00:08:50] INFO org.apache.coyote.http11.Http11NioProtocol(DirectJDKLog.java:173) - Stopping ProtocolHandler ["http-nio-8093"]
[2023-04-13 00:08:50] INFO org.apache.coyote.http11.Http11NioProtocol(DirectJDKLog.java:173) - Destroying ProtocolHandler ["http-nio-8093"]
[2023-04-13 00:08:50] INFO com.zaxxer.hikari.HikariDataSource(HikariDataSource.java:350) - HikariPool-8 - Shutdown initiated...
[2023-04-13 00:08:50] INFO com.zaxxer.hikari.HikariDataSource(HikariDataSource.java:352) - HikariPool-8 - Shutdown completed.
[2023-04-13 00:08:50] INFO com.example.PetprojectApplication(StartupInfoLogger.java:55) - Starting PetprojectApplication using Java 1.8.0_333 on DESKTOP-HUJUVSS with PID 4416 (C:\Users\Administrator\git\PerPro_boot\petproject_boot\target\classes started by Max in C:\Users\Administrator\git\PerPro_boot\petproject_boot)
[2023-04-13 00:08:50] INFO com.example.PetprojectApplication(SpringApplication.java:631) - No active profile set, falling back to 1 default profile: "default"
[2023-04-13 00:08:50] INFO org.springframework.boot.web.embedded.tomcat.TomcatWebServer(TomcatWebServer.java:108) - Tomcat initialized with port(s): 8093 (http)
[2023-04-13 00:08:50] INFO org.apache.coyote.http11.Http11NioProtocol(DirectJDKLog.java:173) - Initializing ProtocolHandler ["http-nio-8093"]
[2023-04-13 00:08:50] INFO org.apache.catalina.core.StandardService(DirectJDKLog.java:173) - Starting service [Tomcat]
[2023-04-13 00:08:50] INFO org.apache.catalina.core.StandardEngine(DirectJDKLog.java:173) - Starting Servlet engine: [Apache Tomcat/9.0.71]
[2023-04-13 00:08:50] INFO org.apache.catalina.core.ContainerBase.[Tomcat-1].[localhost].[/app](DirectJDKLog.java:173) - Initializing Spring embedded WebApplicationContext
[2023-04-13 00:08:50] INFO org.springframework.boot.web.servlet.context.ServletWebServerApplicationContext(ServletWebServerApplicationContext.java:292) - Root WebApplicationContext: initialization completed in 236 ms
[2023-04-13 00:08:50] INFO org.springframework.boot.devtools.autoconfigure.OptionalLiveReloadServer(OptionalLiveReloadServer.java:59) - LiveReload server is running on port 35729
[2023-04-13 00:08:51] INFO org.apache.coyote.http11.Http11NioProtocol(DirectJDKLog.java:173) - Starting ProtocolHandler ["http-nio-8093"]
[2023-04-13 00:08:51] INFO org.springframework.boot.web.embedded.tomcat.TomcatWebServer(TomcatWebServer.java:220) - Tomcat started on port(s): 8093 (http) with context path '/app'
[2023-04-13 00:08:51] INFO com.example.PetprojectApplication(StartupInfoLogger.java:61) - Started PetprojectApplication in 0.471 seconds (JVM running for 2015.095)
[2023-04-13 00:08:51] INFO org.springframework.boot.devtools.autoconfigure.ConditionEvaluationDeltaLoggingListener(ConditionEvaluationDeltaLoggingListener.java:63) - Condition evaluation unchanged
[2023-04-13 00:08:58] INFO org.springframework.boot.devtools.autoconfigure.LocalDevToolsAutoConfiguration$RestartingClassPathChangeChangedEventListener(LocalDevToolsAutoConfiguration.java:211) - Restarting due to 1 class path change (0 additions, 0 deletions, 1 modification)
[2023-04-13 00:08:58] INFO org.apache.coyote.http11.Http11NioProtocol(DirectJDKLog.java:173) - Pausing ProtocolHandler ["http-nio-8093"]
[2023-04-13 00:08:58] INFO org.apache.catalina.core.StandardService(DirectJDKLog.java:173) - Stopping service [Tomcat]
[2023-04-13 00:08:58] INFO org.apache.coyote.http11.Http11NioProtocol(DirectJDKLog.java:173) - Stopping ProtocolHandler ["http-nio-8093"]
[2023-04-13 00:08:58] INFO org.apache.coyote.http11.Http11NioProtocol(DirectJDKLog.java:173) - Destroying ProtocolHandler ["http-nio-8093"]
[2023-04-13 00:08:58] INFO com.example.PetprojectApplication(StartupInfoLogger.java:55) - Starting PetprojectApplication using Java 1.8.0_333 on DESKTOP-HUJUVSS with PID 4416 (C:\Users\Administrator\git\PerPro_boot\petproject_boot\target\classes started by Max in C:\Users\Administrator\git\PerPro_boot\petproject_boot)
[2023-04-13 00:08:58] INFO com.example.PetprojectApplication(SpringApplication.java:631) - No active profile set, falling back to 1 default profile: "default"
[2023-04-13 00:08:59] INFO org.springframework.boot.web.embedded.tomcat.TomcatWebServer(TomcatWebServer.java:108) - Tomcat initialized with port(s): 8093 (http)
[2023-04-13 00:08:59] INFO org.apache.coyote.http11.Http11NioProtocol(DirectJDKLog.java:173) - Initializing ProtocolHandler ["http-nio-8093"]
[2023-04-13 00:08:59] INFO org.apache.catalina.core.StandardService(DirectJDKLog.java:173) - Starting service [Tomcat]
[2023-04-13 00:08:59] INFO org.apache.catalina.core.StandardEngine(DirectJDKLog.java:173) - Starting Servlet engine: [Apache Tomcat/9.0.71]
[2023-04-13 00:08:59] INFO org.apache.catalina.core.ContainerBase.[Tomcat-1].[localhost].[/app](DirectJDKLog.java:173) - Initializing Spring embedded WebApplicationContext
[2023-04-13 00:08:59] INFO org.springframework.boot.web.servlet.context.ServletWebServerApplicationContext(ServletWebServerApplicationContext.java:292) - Root WebApplicationContext: initialization completed in 215 ms
[2023-04-13 00:08:59] INFO org.springframework.boot.devtools.autoconfigure.OptionalLiveReloadServer(OptionalLiveReloadServer.java:59) - LiveReload server is running on port 35729
[2023-04-13 00:08:59] INFO org.apache.coyote.http11.Http11NioProtocol(DirectJDKLog.java:173) - Starting ProtocolHandler ["http-nio-8093"]
[2023-04-13 00:08:59] INFO org.springframework.boot.web.embedded.tomcat.TomcatWebServer(TomcatWebServer.java:220) - Tomcat started on port(s): 8093 (http) with context path '/app'
[2023-04-13 00:08:59] INFO com.example.PetprojectApplication(StartupInfoLogger.java:61) - Started PetprojectApplication in 0.45 seconds (JVM running for 2023.32)
[2023-04-13 00:08:59] INFO org.springframework.boot.devtools.autoconfigure.ConditionEvaluationDeltaLoggingListener(ConditionEvaluationDeltaLoggingListener.java:63) - Condition evaluation unchanged
[2023-04-13 00:09:03] INFO org.springframework.boot.devtools.autoconfigure.LocalDevToolsAutoConfiguration$RestartingClassPathChangeChangedEventListener(LocalDevToolsAutoConfiguration.java:211) - Restarting due to 1 class path change (0 additions, 0 deletions, 1 modification)
[2023-04-13 00:09:03] INFO org.apache.coyote.http11.Http11NioProtocol(DirectJDKLog.java:173) - Pausing ProtocolHandler ["http-nio-8093"]
[2023-04-13 00:09:03] INFO org.apache.catalina.core.StandardService(DirectJDKLog.java:173) - Stopping service [Tomcat]
[2023-04-13 00:09:03] INFO org.apache.coyote.http11.Http11NioProtocol(DirectJDKLog.java:173) - Stopping ProtocolHandler ["http-nio-8093"]
[2023-04-13 00:09:03] INFO org.apache.coyote.http11.Http11NioProtocol(DirectJDKLog.java:173) - Destroying ProtocolHandler ["http-nio-8093"]
[2023-04-13 00:09:04] INFO com.example.PetprojectApplication(StartupInfoLogger.java:55) - Starting PetprojectApplication using Java 1.8.0_333 on DESKTOP-HUJUVSS with PID 4416 (C:\Users\Administrator\git\PerPro_boot\petproject_boot\target\classes started by Max in C:\Users\Administrator\git\PerPro_boot\petproject_boot)
[2023-04-13 00:09:04] INFO com.example.PetprojectApplication(SpringApplication.java:631) - No active profile set, falling back to 1 default profile: "default"
[2023-04-13 00:09:04] INFO org.springframework.boot.web.embedded.tomcat.TomcatWebServer(TomcatWebServer.java:108) - Tomcat initialized with port(s): 8093 (http)
[2023-04-13 00:09:04] INFO org.apache.coyote.http11.Http11NioProtocol(DirectJDKLog.java:173) - Initializing ProtocolHandler ["http-nio-8093"]
[2023-04-13 00:09:04] INFO org.apache.catalina.core.StandardService(DirectJDKLog.java:173) - Starting service [Tomcat]
[2023-04-13 00:09:04] INFO org.apache.catalina.core.StandardEngine(DirectJDKLog.java:173) - Starting Servlet engine: [Apache Tomcat/9.0.71]
[2023-04-13 00:09:04] INFO org.apache.catalina.core.ContainerBase.[Tomcat-1].[localhost].[/app](DirectJDKLog.java:173) - Initializing Spring embedded WebApplicationContext
[2023-04-13 00:09:04] INFO org.springframework.boot.web.servlet.context.ServletWebServerApplicationContext(ServletWebServerApplicationContext.java:292) - Root WebApplicationContext: initialization completed in 204 ms
[2023-04-13 00:09:04] INFO org.springframework.boot.devtools.autoconfigure.OptionalLiveReloadServer(OptionalLiveReloadServer.java:59) - LiveReload server is running on port 35729
[2023-04-13 00:09:04] INFO org.apache.coyote.http11.Http11NioProtocol(DirectJDKLog.java:173) - Starting ProtocolHandler ["http-nio-8093"]
[2023-04-13 00:09:04] INFO org.springframework.boot.web.embedded.tomcat.TomcatWebServer(TomcatWebServer.java:220) - Tomcat started on port(s): 8093 (http) with context path '/app'
[2023-04-13 00:09:04] INFO com.example.PetprojectApplication(StartupInfoLogger.java:61) - Started PetprojectApplication in 0.443 seconds (JVM running for 2028.463)
[2023-04-13 00:09:04] INFO org.springframework.boot.devtools.autoconfigure.ConditionEvaluationDeltaLoggingListener(ConditionEvaluationDeltaLoggingListener.java:63) - Condition evaluation unchanged
[2023-04-13 00:09:23] INFO org.springframework.boot.devtools.autoconfigure.LocalDevToolsAutoConfiguration$RestartingClassPathChangeChangedEventListener(LocalDevToolsAutoConfiguration.java:211) - Restarting due to 2 class path changes (0 additions, 0 deletions, 2 modifications)
[2023-04-13 00:09:23] INFO org.apache.coyote.http11.Http11NioProtocol(DirectJDKLog.java:173) - Pausing ProtocolHandler ["http-nio-8093"]
[2023-04-13 00:09:23] INFO org.apache.catalina.core.StandardService(DirectJDKLog.java:173) - Stopping service [Tomcat]
[2023-04-13 00:09:23] INFO org.apache.coyote.http11.Http11NioProtocol(DirectJDKLog.java:173) - Stopping ProtocolHandler ["http-nio-8093"]
[2023-04-13 00:09:23] INFO org.apache.coyote.http11.Http11NioProtocol(DirectJDKLog.java:173) - Destroying ProtocolHandler ["http-nio-8093"]
[2023-04-13 00:09:23] INFO com.example.PetprojectApplication(StartupInfoLogger.java:55) - Starting PetprojectApplication using Java 1.8.0_333 on DESKTOP-HUJUVSS with PID 4416 (C:\Users\Administrator\git\PerPro_boot\petproject_boot\target\classes started by Max in C:\Users\Administrator\git\PerPro_boot\petproject_boot)
[2023-04-13 00:09:23] INFO com.example.PetprojectApplication(SpringApplication.java:631) - No active profile set, falling back to 1 default profile: "default"
[2023-04-13 00:09:23] INFO org.springframework.boot.web.embedded.tomcat.TomcatWebServer(TomcatWebServer.java:108) - Tomcat initialized with port(s): 8093 (http)
[2023-04-13 00:09:23] INFO org.apache.coyote.http11.Http11NioProtocol(DirectJDKLog.java:173) - Initializing ProtocolHandler ["http-nio-8093"]
[2023-04-13 00:09:23] INFO org.apache.catalina.core.StandardService(DirectJDKLog.java:173) - Starting service [Tomcat]
[2023-04-13 00:09:23] INFO org.apache.catalina.core.StandardEngine(DirectJDKLog.java:173) - Starting Servlet engine: [Apache Tomcat/9.0.71]
[2023-04-13 00:09:23] INFO org.apache.catalina.core.ContainerBase.[Tomcat-1].[localhost].[/app](DirectJDKLog.java:173) - Initializing Spring embedded WebApplicationContext
[2023-04-13 00:09:23] INFO org.springframework.boot.web.servlet.context.ServletWebServerApplicationContext(ServletWebServerApplicationContext.java:292) - Root WebApplicationContext: initialization completed in 237 ms
[2023-04-13 00:09:23] INFO org.springframework.boot.devtools.autoconfigure.OptionalLiveReloadServer(OptionalLiveReloadServer.java:59) - LiveReload server is running on port 35729
[2023-04-13 00:09:24] INFO org.apache.coyote.http11.Http11NioProtocol(DirectJDKLog.java:173) - Starting ProtocolHandler ["http-nio-8093"]
[2023-04-13 00:09:24] INFO org.springframework.boot.web.embedded.tomcat.TomcatWebServer(TomcatWebServer.java:220) - Tomcat started on port(s): 8093 (http) with context path '/app'
[2023-04-13 00:09:24] INFO com.example.PetprojectApplication(StartupInfoLogger.java:61) - Started PetprojectApplication in 0.474 seconds (JVM running for 2048.099)
[2023-04-13 00:09:24] INFO org.springframework.boot.devtools.autoconfigure.ConditionEvaluationDeltaLoggingListener(ConditionEvaluationDeltaLoggingListener.java:63) - Condition evaluation unchanged
[2023-04-13 00:09:35] INFO org.springframework.boot.devtools.autoconfigure.LocalDevToolsAutoConfiguration$RestartingClassPathChangeChangedEventListener(LocalDevToolsAutoConfiguration.java:211) - Restarting due to 2 class path changes (0 additions, 0 deletions, 2 modifications)
[2023-04-13 00:09:35] INFO org.apache.coyote.http11.Http11NioProtocol(DirectJDKLog.java:173) - Pausing ProtocolHandler ["http-nio-8093"]
[2023-04-13 00:09:35] INFO org.apache.catalina.core.StandardService(DirectJDKLog.java:173) - Stopping service [Tomcat]
[2023-04-13 00:09:35] INFO org.apache.coyote.http11.Http11NioProtocol(DirectJDKLog.java:173) - Stopping ProtocolHandler ["http-nio-8093"]
[2023-04-13 00:09:35] INFO org.apache.coyote.http11.Http11NioProtocol(DirectJDKLog.java:173) - Destroying ProtocolHandler ["http-nio-8093"]
[2023-04-13 00:09:35] INFO com.example.PetprojectApplication(StartupInfoLogger.java:55) - Starting PetprojectApplication using Java 1.8.0_333 on DESKTOP-HUJUVSS with PID 4416 (C:\Users\Administrator\git\PerPro_boot\petproject_boot\target\classes started by Max in C:\Users\Administrator\git\PerPro_boot\petproject_boot)
[2023-04-13 00:09:35] INFO com.example.PetprojectApplication(SpringApplication.java:631) - No active profile set, falling back to 1 default profile: "default"
[2023-04-13 00:09:35] INFO org.springframework.boot.web.embedded.tomcat.TomcatWebServer(TomcatWebServer.java:108) - Tomcat initialized with port(s): 8093 (http)
[2023-04-13 00:09:35] INFO org.apache.coyote.http11.Http11NioProtocol(DirectJDKLog.java:173) - Initializing ProtocolHandler ["http-nio-8093"]
[2023-04-13 00:09:35] INFO org.apache.catalina.core.StandardService(DirectJDKLog.java:173) - Starting service [Tomcat]
[2023-04-13 00:09:35] INFO org.apache.catalina.core.StandardEngine(DirectJDKLog.java:173) - Starting Servlet engine: [Apache Tomcat/9.0.71]
[2023-04-13 00:09:35] INFO org.apache.catalina.core.ContainerBase.[Tomcat-1].[localhost].[/app](DirectJDKLog.java:173) - Initializing Spring embedded WebApplicationContext
[2023-04-13 00:09:35] INFO org.springframework.boot.web.servlet.context.ServletWebServerApplicationContext(ServletWebServerApplicationContext.java:292) - Root WebApplicationContext: initialization completed in 207 ms
[2023-04-13 00:09:35] INFO org.springframework.boot.devtools.autoconfigure.OptionalLiveReloadServer(OptionalLiveReloadServer.java:59) - LiveReload server is running on port 35729
[2023-04-13 00:09:35] INFO org.apache.coyote.http11.Http11NioProtocol(DirectJDKLog.java:173) - Starting ProtocolHandler ["http-nio-8093"]
[2023-04-13 00:09:35] INFO org.springframework.boot.web.embedded.tomcat.TomcatWebServer(TomcatWebServer.java:220) - Tomcat started on port(s): 8093 (http) with context path '/app'
[2023-04-13 00:09:35] INFO com.example.PetprojectApplication(StartupInfoLogger.java:61) - Started PetprojectApplication in 0.442 seconds (JVM running for 2059.881)
[2023-04-13 00:09:35] INFO org.springframework.boot.devtools.autoconfigure.ConditionEvaluationDeltaLoggingListener(ConditionEvaluationDeltaLoggingListener.java:63) - Condition evaluation unchanged
[2023-04-13 00:11:15] INFO org.springframework.boot.devtools.autoconfigure.LocalDevToolsAutoConfiguration$RestartingClassPathChangeChangedEventListener(LocalDevToolsAutoConfiguration.java:211) - Restarting due to 1 class path change (0 additions, 0 deletions, 1 modification)
[2023-04-13 00:11:15] INFO org.apache.coyote.http11.Http11NioProtocol(DirectJDKLog.java:173) - Pausing ProtocolHandler ["http-nio-8093"]
[2023-04-13 00:11:15] INFO org.apache.catalina.core.StandardService(DirectJDKLog.java:173) - Stopping service [Tomcat]
[2023-04-13 00:11:15] INFO org.apache.coyote.http11.Http11NioProtocol(DirectJDKLog.java:173) - Stopping ProtocolHandler ["http-nio-8093"]
[2023-04-13 00:11:15] INFO org.apache.coyote.http11.Http11NioProtocol(DirectJDKLog.java:173) - Destroying ProtocolHandler ["http-nio-8093"]
[2023-04-13 00:11:15] INFO com.example.PetprojectApplication(StartupInfoLogger.java:55) - Starting PetprojectApplication using Java 1.8.0_333 on DESKTOP-HUJUVSS with PID 4416 (C:\Users\Administrator\git\PerPro_boot\petproject_boot\target\classes started by Max in C:\Users\Administrator\git\PerPro_boot\petproject_boot)
[2023-04-13 00:11:15] INFO com.example.PetprojectApplication(SpringApplication.java:631) - No active profile set, falling back to 1 default profile: "default"
[2023-04-13 00:11:15] INFO org.springframework.boot.web.embedded.tomcat.TomcatWebServer(TomcatWebServer.java:108) - Tomcat initialized with port(s): 8093 (http)
[2023-04-13 00:11:15] INFO org.apache.coyote.http11.Http11NioProtocol(DirectJDKLog.java:173) - Initializing ProtocolHandler ["http-nio-8093"]
[2023-04-13 00:11:15] INFO org.apache.catalina.core.StandardService(DirectJDKLog.java:173) - Starting service [Tomcat]
[2023-04-13 00:11:15] INFO org.apache.catalina.core.StandardEngine(DirectJDKLog.java:173) - Starting Servlet engine: [Apache Tomcat/9.0.71]
[2023-04-13 00:11:15] INFO org.apache.catalina.core.ContainerBase.[Tomcat-1].[localhost].[/app](DirectJDKLog.java:173) - Initializing Spring embedded WebApplicationContext
[2023-04-13 00:11:15] INFO org.springframework.boot.web.servlet.context.ServletWebServerApplicationContext(ServletWebServerApplicationContext.java:292) - Root WebApplicationContext: initialization completed in 240 ms
[2023-04-13 00:11:16] INFO org.springframework.boot.devtools.autoconfigure.OptionalLiveReloadServer(OptionalLiveReloadServer.java:59) - LiveReload server is running on port 35729
[2023-04-13 00:11:16] INFO org.apache.coyote.http11.Http11NioProtocol(DirectJDKLog.java:173) - Starting ProtocolHandler ["http-nio-8093"]
[2023-04-13 00:11:16] INFO org.springframework.boot.web.embedded.tomcat.TomcatWebServer(TomcatWebServer.java:220) - Tomcat started on port(s): 8093 (http) with context path '/app'
[2023-04-13 00:11:16] INFO com.example.PetprojectApplication(StartupInfoLogger.java:61) - Started PetprojectApplication in 0.475 seconds (JVM running for 2160.224)
[2023-04-13 00:11:16] INFO org.springframework.boot.devtools.autoconfigure.ConditionEvaluationDeltaLoggingListener(ConditionEvaluationDeltaLoggingListener.java:63) - Condition evaluation unchanged
[2023-04-13 00:11:24] INFO org.springframework.boot.devtools.autoconfigure.LocalDevToolsAutoConfiguration$RestartingClassPathChangeChangedEventListener(LocalDevToolsAutoConfiguration.java:211) - Restarting due to 1 class path change (0 additions, 0 deletions, 1 modification)
[2023-04-13 00:11:24] INFO org.apache.coyote.http11.Http11NioProtocol(DirectJDKLog.java:173) - Pausing ProtocolHandler ["http-nio-8093"]
[2023-04-13 00:11:24] INFO org.apache.catalina.core.StandardService(DirectJDKLog.java:173) - Stopping service [Tomcat]
[2023-04-13 00:11:24] INFO org.apache.coyote.http11.Http11NioProtocol(DirectJDKLog.java:173) - Stopping ProtocolHandler ["http-nio-8093"]
[2023-04-13 00:11:24] INFO org.apache.coyote.http11.Http11NioProtocol(DirectJDKLog.java:173) - Destroying ProtocolHandler ["http-nio-8093"]
[2023-04-13 00:11:24] INFO com.example.PetprojectApplication(StartupInfoLogger.java:55) - Starting PetprojectApplication using Java 1.8.0_333 on DESKTOP-HUJUVSS with PID 4416 (C:\Users\Administrator\git\PerPro_boot\petproject_boot\target\classes started by Max in C:\Users\Administrator\git\PerPro_boot\petproject_boot)
[2023-04-13 00:11:24] INFO com.example.PetprojectApplication(SpringApplication.java:631) - No active profile set, falling back to 1 default profile: "default"
[2023-04-13 00:11:25] INFO org.springframework.boot.web.embedded.tomcat.TomcatWebServer(TomcatWebServer.java:108) - Tomcat initialized with port(s): 8093 (http)
[2023-04-13 00:11:25] INFO org.apache.coyote.http11.Http11NioProtocol(DirectJDKLog.java:173) - Initializing ProtocolHandler ["http-nio-8093"]
[2023-04-13 00:11:25] INFO org.apache.catalina.core.StandardService(DirectJDKLog.java:173) - Starting service [Tomcat]
[2023-04-13 00:11:25] INFO org.apache.catalina.core.StandardEngine(DirectJDKLog.java:173) - Starting Servlet engine: [Apache Tomcat/9.0.71]
[2023-04-13 00:11:25] INFO org.apache.catalina.core.ContainerBase.[Tomcat-1].[localhost].[/app](DirectJDKLog.java:173) - Initializing Spring embedded WebApplicationContext
[2023-04-13 00:11:25] INFO org.springframework.boot.web.servlet.context.ServletWebServerApplicationContext(ServletWebServerApplicationContext.java:292) - Root WebApplicationContext: initialization completed in 208 ms
[2023-04-13 00:11:25] INFO org.springframework.boot.devtools.autoconfigure.OptionalLiveReloadServer(OptionalLiveReloadServer.java:59) - LiveReload server is running on port 35729
[2023-04-13 00:11:25] INFO org.apache.coyote.http11.Http11NioProtocol(DirectJDKLog.java:173) - Starting ProtocolHandler ["http-nio-8093"]
[2023-04-13 00:11:25] INFO org.springframework.boot.web.embedded.tomcat.TomcatWebServer(TomcatWebServer.java:220) - Tomcat started on port(s): 8093 (http) with context path '/app'
[2023-04-13 00:11:25] INFO com.example.PetprojectApplication(StartupInfoLogger.java:61) - Started PetprojectApplication in 0.438 seconds (JVM running for 2169.434)
[2023-04-13 00:11:25] INFO org.springframework.boot.devtools.autoconfigure.ConditionEvaluationDeltaLoggingListener(ConditionEvaluationDeltaLoggingListener.java:63) - Condition evaluation unchanged
[2023-04-13 00:12:03] INFO org.apache.catalina.core.ContainerBase.[Tomcat-1].[localhost].[/app](DirectJDKLog.java:173) - Initializing Spring DispatcherServlet 'dispatcherServlet'
[2023-04-13 00:12:03] INFO org.springframework.web.servlet.DispatcherServlet(FrameworkServlet.java:525) - Initializing Servlet 'dispatcherServlet'
[2023-04-13 00:12:03] INFO org.springframework.web.servlet.DispatcherServlet(FrameworkServlet.java:547) - Completed initialization in 1 ms
[2023-04-13 00:12:03] INFO com.zaxxer.hikari.HikariDataSource(HikariDataSource.java:110) - HikariPool-9 - Starting...
[2023-04-13 00:12:03] WARN com.zaxxer.hikari.util.DriverDataSource(DriverDataSource.java:70) - Registered driver with driverClassName=oracle.jdbc.driver.OracleDriver was not found, trying direct instantiation.
[2023-04-13 00:12:03] INFO com.zaxxer.hikari.HikariDataSource(HikariDataSource.java:123) - HikariPool-9 - Start completed.
[2023-04-13 00:15:10] INFO org.springframework.boot.devtools.autoconfigure.LocalDevToolsAutoConfiguration$RestartingClassPathChangeChangedEventListener(LocalDevToolsAutoConfiguration.java:211) - Restarting due to 1 class path change (0 additions, 0 deletions, 1 modification)
[2023-04-13 00:15:10] INFO org.apache.coyote.http11.Http11NioProtocol(DirectJDKLog.java:173) - Pausing ProtocolHandler ["http-nio-8093"]
[2023-04-13 00:15:10] INFO org.apache.catalina.core.StandardService(DirectJDKLog.java:173) - Stopping service [Tomcat]
[2023-04-13 00:15:10] INFO org.apache.catalina.core.ContainerBase.[Tomcat-1].[localhost].[/app](DirectJDKLog.java:173) - Destroying Spring FrameworkServlet 'dispatcherServlet'
[2023-04-13 00:15:10] WARN org.apache.catalina.loader.WebappClassLoaderBase(DirectJDKLog.java:173) - The web application [app] appears to have started a thread named [HikariPool-9 housekeeper] but has failed to stop it. This is very likely to create a memory leak. Stack trace of thread:
 sun.misc.Unsafe.park(Native Method)
 java.util.concurrent.locks.LockSupport.parkNanos(Unknown Source)
 java.util.concurrent.locks.AbstractQueuedSynchronizer$ConditionObject.awaitNanos(Unknown Source)
 java.util.concurrent.ScheduledThreadPoolExecutor$DelayedWorkQueue.take(Unknown Source)
 java.util.concurrent.ScheduledThreadPoolExecutor$DelayedWorkQueue.take(Unknown Source)
 java.util.concurrent.ThreadPoolExecutor.getTask(Unknown Source)
 java.util.concurrent.ThreadPoolExecutor.runWorker(Unknown Source)
 java.util.concurrent.ThreadPoolExecutor$Worker.run(Unknown Source)
 java.lang.Thread.run(Unknown Source)
[2023-04-13 00:15:10] INFO org.apache.coyote.http11.Http11NioProtocol(DirectJDKLog.java:173) - Stopping ProtocolHandler ["http-nio-8093"]
[2023-04-13 00:15:10] INFO org.apache.coyote.http11.Http11NioProtocol(DirectJDKLog.java:173) - Destroying ProtocolHandler ["http-nio-8093"]
[2023-04-13 00:15:10] INFO com.zaxxer.hikari.HikariDataSource(HikariDataSource.java:350) - HikariPool-9 - Shutdown initiated...
[2023-04-13 00:15:10] INFO com.zaxxer.hikari.HikariDataSource(HikariDataSource.java:352) - HikariPool-9 - Shutdown completed.
[2023-04-13 00:15:10] INFO com.example.PetprojectApplication(StartupInfoLogger.java:55) - Starting PetprojectApplication using Java 1.8.0_333 on DESKTOP-HUJUVSS with PID 4416 (C:\Users\Administrator\git\PerPro_boot\petproject_boot\target\classes started by Max in C:\Users\Administrator\git\PerPro_boot\petproject_boot)
[2023-04-13 00:15:10] INFO com.example.PetprojectApplication(SpringApplication.java:631) - No active profile set, falling back to 1 default profile: "default"
[2023-04-13 00:15:10] INFO org.springframework.boot.web.embedded.tomcat.TomcatWebServer(TomcatWebServer.java:108) - Tomcat initialized with port(s): 8093 (http)
[2023-04-13 00:15:10] INFO org.apache.coyote.http11.Http11NioProtocol(DirectJDKLog.java:173) - Initializing ProtocolHandler ["http-nio-8093"]
[2023-04-13 00:15:10] INFO org.apache.catalina.core.StandardService(DirectJDKLog.java:173) - Starting service [Tomcat]
[2023-04-13 00:15:10] INFO org.apache.catalina.core.StandardEngine(DirectJDKLog.java:173) - Starting Servlet engine: [Apache Tomcat/9.0.71]
[2023-04-13 00:15:10] INFO org.apache.catalina.core.ContainerBase.[Tomcat-1].[localhost].[/app](DirectJDKLog.java:173) - Initializing Spring embedded WebApplicationContext
[2023-04-13 00:15:10] INFO org.springframework.boot.web.servlet.context.ServletWebServerApplicationContext(ServletWebServerApplicationContext.java:292) - Root WebApplicationContext: initialization completed in 241 ms
[2023-04-13 00:15:10] INFO org.springframework.boot.devtools.autoconfigure.OptionalLiveReloadServer(OptionalLiveReloadServer.java:59) - LiveReload server is running on port 35729
[2023-04-13 00:15:10] INFO org.apache.coyote.http11.Http11NioProtocol(DirectJDKLog.java:173) - Starting ProtocolHandler ["http-nio-8093"]
[2023-04-13 00:15:10] INFO org.springframework.boot.web.embedded.tomcat.TomcatWebServer(TomcatWebServer.java:220) - Tomcat started on port(s): 8093 (http) with context path '/app'
[2023-04-13 00:15:10] INFO com.example.PetprojectApplication(StartupInfoLogger.java:61) - Started PetprojectApplication in 0.487 seconds (JVM running for 2394.738)
[2023-04-13 00:15:10] INFO org.springframework.boot.devtools.autoconfigure.ConditionEvaluationDeltaLoggingListener(ConditionEvaluationDeltaLoggingListener.java:63) - Condition evaluation unchanged
[2023-04-13 00:15:28] INFO org.springframework.boot.devtools.autoconfigure.LocalDevToolsAutoConfiguration$RestartingClassPathChangeChangedEventListener(LocalDevToolsAutoConfiguration.java:211) - Restarting due to 1 class path change (0 additions, 0 deletions, 1 modification)
[2023-04-13 00:15:28] INFO org.apache.coyote.http11.Http11NioProtocol(DirectJDKLog.java:173) - Pausing ProtocolHandler ["http-nio-8093"]
[2023-04-13 00:15:28] INFO org.apache.catalina.core.StandardService(DirectJDKLog.java:173) - Stopping service [Tomcat]
[2023-04-13 00:15:28] INFO org.apache.coyote.http11.Http11NioProtocol(DirectJDKLog.java:173) - Stopping ProtocolHandler ["http-nio-8093"]
[2023-04-13 00:15:28] INFO org.apache.coyote.http11.Http11NioProtocol(DirectJDKLog.java:173) - Destroying ProtocolHandler ["http-nio-8093"]
[2023-04-13 00:15:28] INFO com.example.PetprojectApplication(StartupInfoLogger.java:55) - Starting PetprojectApplication using Java 1.8.0_333 on DESKTOP-HUJUVSS with PID 4416 (C:\Users\Administrator\git\PerPro_boot\petproject_boot\target\classes started by Max in C:\Users\Administrator\git\PerPro_boot\petproject_boot)
[2023-04-13 00:15:28] INFO com.example.PetprojectApplication(SpringApplication.java:631) - No active profile set, falling back to 1 default profile: "default"
[2023-04-13 00:15:29] INFO org.springframework.boot.web.embedded.tomcat.TomcatWebServer(TomcatWebServer.java:108) - Tomcat initialized with port(s): 8093 (http)
[2023-04-13 00:15:29] INFO org.apache.coyote.http11.Http11NioProtocol(DirectJDKLog.java:173) - Initializing ProtocolHandler ["http-nio-8093"]
[2023-04-13 00:15:29] INFO org.apache.catalina.core.StandardService(DirectJDKLog.java:173) - Starting service [Tomcat]
[2023-04-13 00:15:29] INFO org.apache.catalina.core.StandardEngine(DirectJDKLog.java:173) - Starting Servlet engine: [Apache Tomcat/9.0.71]
[2023-04-13 00:15:29] INFO org.apache.catalina.core.ContainerBase.[Tomcat-1].[localhost].[/app](DirectJDKLog.java:173) - Initializing Spring embedded WebApplicationContext
[2023-04-13 00:15:29] INFO org.springframework.boot.web.servlet.context.ServletWebServerApplicationContext(ServletWebServerApplicationContext.java:292) - Root WebApplicationContext: initialization completed in 212 ms
[2023-04-13 00:15:29] INFO org.springframework.boot.devtools.autoconfigure.OptionalLiveReloadServer(OptionalLiveReloadServer.java:59) - LiveReload server is running on port 35729
[2023-04-13 00:15:29] INFO org.apache.coyote.http11.Http11NioProtocol(DirectJDKLog.java:173) - Starting ProtocolHandler ["http-nio-8093"]
[2023-04-13 00:15:29] INFO org.springframework.boot.web.embedded.tomcat.TomcatWebServer(TomcatWebServer.java:220) - Tomcat started on port(s): 8093 (http) with context path '/app'
[2023-04-13 00:15:29] INFO com.example.PetprojectApplication(StartupInfoLogger.java:61) - Started PetprojectApplication in 0.445 seconds (JVM running for 2413.408)
[2023-04-13 00:15:29] INFO org.springframework.boot.devtools.autoconfigure.ConditionEvaluationDeltaLoggingListener(ConditionEvaluationDeltaLoggingListener.java:63) - Condition evaluation unchanged
[2023-04-13 00:20:51] INFO org.apache.catalina.core.ContainerBase.[Tomcat-1].[localhost].[/app](DirectJDKLog.java:173) - Initializing Spring DispatcherServlet 'dispatcherServlet'
[2023-04-13 00:20:51] INFO org.springframework.web.servlet.DispatcherServlet(FrameworkServlet.java:525) - Initializing Servlet 'dispatcherServlet'
[2023-04-13 00:20:51] INFO org.springframework.web.servlet.DispatcherServlet(FrameworkServlet.java:547) - Completed initialization in 1 ms
[2023-04-13 00:20:51] INFO com.zaxxer.hikari.HikariDataSource(HikariDataSource.java:110) - HikariPool-10 - Starting...
[2023-04-13 00:20:51] WARN com.zaxxer.hikari.util.DriverDataSource(DriverDataSource.java:70) - Registered driver with driverClassName=oracle.jdbc.driver.OracleDriver was not found, trying direct instantiation.
[2023-04-13 00:20:51] INFO com.zaxxer.hikari.HikariDataSource(HikariDataSource.java:123) - HikariPool-10 - Start completed.
[2023-04-13 00:23:55] INFO org.springframework.boot.devtools.autoconfigure.LocalDevToolsAutoConfiguration$RestartingClassPathChangeChangedEventListener(LocalDevToolsAutoConfiguration.java:211) - Restarting due to 1 class path change (0 additions, 0 deletions, 1 modification)
[2023-04-13 00:23:55] INFO org.apache.coyote.http11.Http11NioProtocol(DirectJDKLog.java:173) - Pausing ProtocolHandler ["http-nio-8093"]
[2023-04-13 00:23:55] INFO org.apache.catalina.core.StandardService(DirectJDKLog.java:173) - Stopping service [Tomcat]
[2023-04-13 00:23:55] INFO org.apache.catalina.core.ContainerBase.[Tomcat-1].[localhost].[/app](DirectJDKLog.java:173) - Destroying Spring FrameworkServlet 'dispatcherServlet'
[2023-04-13 00:23:55] WARN org.apache.catalina.loader.WebappClassLoaderBase(DirectJDKLog.java:173) - The web application [app] appears to have started a thread named [HikariPool-10 housekeeper] but has failed to stop it. This is very likely to create a memory leak. Stack trace of thread:
 sun.misc.Unsafe.park(Native Method)
 java.util.concurrent.locks.LockSupport.parkNanos(Unknown Source)
 java.util.concurrent.locks.AbstractQueuedSynchronizer$ConditionObject.awaitNanos(Unknown Source)
 java.util.concurrent.ScheduledThreadPoolExecutor$DelayedWorkQueue.take(Unknown Source)
 java.util.concurrent.ScheduledThreadPoolExecutor$DelayedWorkQueue.take(Unknown Source)
 java.util.concurrent.ThreadPoolExecutor.getTask(Unknown Source)
 java.util.concurrent.ThreadPoolExecutor.runWorker(Unknown Source)
 java.util.concurrent.ThreadPoolExecutor$Worker.run(Unknown Source)
 java.lang.Thread.run(Unknown Source)
[2023-04-13 00:23:55] INFO org.apache.coyote.http11.Http11NioProtocol(DirectJDKLog.java:173) - Stopping ProtocolHandler ["http-nio-8093"]
[2023-04-13 00:23:55] INFO org.apache.coyote.http11.Http11NioProtocol(DirectJDKLog.java:173) - Destroying ProtocolHandler ["http-nio-8093"]
[2023-04-13 00:23:55] INFO com.zaxxer.hikari.HikariDataSource(HikariDataSource.java:350) - HikariPool-10 - Shutdown initiated...
[2023-04-13 00:23:55] INFO com.zaxxer.hikari.HikariDataSource(HikariDataSource.java:352) - HikariPool-10 - Shutdown completed.
