1 2023-04-12-12-15
1 2023-04-12-12-48
1 2023-04-12-12-49
1 2023-04-12-12-49
1 2023-04-12-12-49
1 2023-04-12-12-52
1 2023-04-12-12-59
1 2023-04-12-01-00
1 2023-04-12-01-01
1 2023-04-12-01-04
1 2023-04-12-01-08
1 2023-04-12-01-09
1 2023-04-12-01-09
1 2023-04-12-01-12
1 2023-04-12-01-21
1 2023-04-12-01-25
1 2023-04-12-01-26
1 2023-04-12-01-32
1 2023-04-12-01-35
1 2023-04-12-01-35
1 2023-04-12-01-46
1 2023-04-12-01-48
1 2023-04-12-01-49
1 2023-04-12-01-51
1 2023-04-12-01-53
1 2023-04-12-01-55
1 2023-04-12-01-57
1 2023-04-12-01-57
1 2023-04-12-02-01
1 2023-04-12-02-03
1 2023-04-12-02-05
1 2023-04-12-02-05
1 2023-04-12-02-07
1 2023-04-12-02-09
1 2023-04-12-02-09
1 2023-04-12-02-09
1 2023-04-12-02-14
1 2023-04-12-02-16
1 2023-04-12-02-17
1 2023-04-12-02-18
1 2023-04-12-02-19
1 2023-04-12-02-21
1 2023-04-12-02-22
1 2023-04-12-02-22
1 2023-04-12-02-29
1 2023-04-12-02-38
1 2023-04-12-02-38
1 2023-04-12-02-38
