[2023-04-04 02:14:11] INFO com.example.PetprojectApplication(StartupInfoLogger.java:55) - Starting PetprojectApplication using Java 1.8.0_333 on BOOK-KCHKG0HGU1 with PID 41772 (C:\Users\gjyal\git\petproject_boot\target\classes started by gjyal in C:\Users\gjyal\git\petproject_boot)
[2023-04-04 02:14:11] INFO com.example.PetprojectApplication(SpringApplication.java:631) - No active profile set, falling back to 1 default profile: "default"
[2023-04-04 02:14:11] INFO org.springframework.boot.devtools.restart.ChangeableUrls(DeferredLog.java:255) - The Class-Path manifest attribute in C:\Users\gjyal\.m2\repository\com\oracle\database\jdbc\ojdbc8\21.5.0.0\ojdbc8-21.5.0.0.jar referenced one or more files that do not exist: file:/C:/Users/gjyal/.m2/repository/com/oracle/database/jdbc/ojdbc8/21.5.0.0/oraclepki.jar
[2023-04-04 02:14:11] INFO org.springframework.boot.devtools.env.DevToolsPropertyDefaultsPostProcessor(DeferredLog.java:255) - Devtools property defaults active! Set 'spring.devtools.add-properties' to 'false' to disable
[2023-04-04 02:14:11] INFO org.springframework.boot.devtools.env.DevToolsPropertyDefaultsPostProcessor(DeferredLog.java:255) - For additional web related logging consider setting the 'logging.level.web' property to 'DEBUG'
[2023-04-04 02:14:12] INFO org.springframework.boot.web.embedded.tomcat.TomcatWebServer(TomcatWebServer.java:108) - Tomcat initialized with port(s): 8093 (http)
[2023-04-04 02:14:12] INFO org.apache.coyote.http11.Http11NioProtocol(DirectJDKLog.java:173) - Initializing ProtocolHandler ["http-nio-8093"]
[2023-04-04 02:14:12] INFO org.apache.catalina.core.StandardService(DirectJDKLog.java:173) - Starting service [Tomcat]
[2023-04-04 02:14:12] INFO org.apache.catalina.core.StandardEngine(DirectJDKLog.java:173) - Starting Servlet engine: [Apache Tomcat/9.0.71]
[2023-04-04 02:14:13] INFO org.apache.jasper.servlet.TldScanner(DirectJDKLog.java:173) - At least one JAR was scanned for TLDs yet contained no TLDs. Enable debug logging for this logger for a complete list of JARs that were scanned but no TLDs were found in them. Skipping unneeded JARs during scanning can improve startup time and JSP compilation time.
[2023-04-04 02:14:13] INFO org.apache.catalina.core.ContainerBase.[Tomcat].[localhost].[/app](DirectJDKLog.java:173) - Initializing Spring embedded WebApplicationContext
[2023-04-04 02:14:13] INFO org.springframework.boot.web.servlet.context.ServletWebServerApplicationContext(ServletWebServerApplicationContext.java:292) - Root WebApplicationContext: initialization completed in 1744 ms
[2023-04-04 02:14:14] INFO org.springframework.boot.devtools.autoconfigure.OptionalLiveReloadServer(OptionalLiveReloadServer.java:59) - LiveReload server is running on port 35729
[2023-04-04 02:14:14] INFO org.apache.coyote.http11.Http11NioProtocol(DirectJDKLog.java:173) - Starting ProtocolHandler ["http-nio-8093"]
[2023-04-04 02:14:14] INFO org.springframework.boot.web.embedded.tomcat.TomcatWebServer(TomcatWebServer.java:220) - Tomcat started on port(s): 8093 (http) with context path '/app'
[2023-04-04 02:14:14] INFO com.example.PetprojectApplication(StartupInfoLogger.java:61) - Started PetprojectApplication in 3.353 seconds (JVM running for 4.654)
[2023-04-04 02:14:35] INFO org.apache.catalina.core.ContainerBase.[Tomcat].[localhost].[/app](DirectJDKLog.java:173) - Initializing Spring DispatcherServlet 'dispatcherServlet'
[2023-04-04 02:14:35] INFO org.springframework.web.servlet.DispatcherServlet(FrameworkServlet.java:525) - Initializing Servlet 'dispatcherServlet'
[2023-04-04 02:14:35] INFO org.springframework.web.servlet.DispatcherServlet(FrameworkServlet.java:547) - Completed initialization in 1 ms
[2023-04-04 02:15:48] INFO org.springframework.boot.admin.SpringApplicationAdminMXBeanRegistrar$SpringApplicationAdmin(SpringApplicationAdminMXBeanRegistrar.java:159) - Application shutdown requested.
[2023-04-04 02:15:48] INFO org.apache.coyote.http11.Http11NioProtocol(DirectJDKLog.java:173) - Pausing ProtocolHandler ["http-nio-8093"]
[2023-04-04 02:15:48] INFO org.apache.catalina.core.StandardService(DirectJDKLog.java:173) - Stopping service [Tomcat]
[2023-04-04 02:15:48] INFO org.apache.catalina.core.ContainerBase.[Tomcat].[localhost].[/app](DirectJDKLog.java:173) - Destroying Spring FrameworkServlet 'dispatcherServlet'
[2023-04-04 02:15:48] INFO org.apache.coyote.http11.Http11NioProtocol(DirectJDKLog.java:173) - Stopping ProtocolHandler ["http-nio-8093"]
[2023-04-04 02:15:48] INFO org.apache.coyote.http11.Http11NioProtocol(DirectJDKLog.java:173) - Destroying ProtocolHandler ["http-nio-8093"]
[2023-04-04 14:52:52] INFO com.example.PetprojectApplication(StartupInfoLogger.java:55) - Starting PetprojectApplication using Java 1.8.0_333 on BOOK-KCHKG0HGU1 with PID 47892 (C:\Users\gjyal\git\petproject_boot\target\classes started by gjyal in C:\Users\gjyal\git\petproject_boot)
[2023-04-04 14:52:52] INFO com.example.PetprojectApplication(SpringApplication.java:631) - No active profile set, falling back to 1 default profile: "default"
[2023-04-04 14:52:53] INFO org.springframework.boot.devtools.restart.ChangeableUrls(DeferredLog.java:255) - The Class-Path manifest attribute in C:\Users\gjyal\.m2\repository\com\oracle\database\jdbc\ojdbc8\21.5.0.0\ojdbc8-21.5.0.0.jar referenced one or more files that do not exist: file:/C:/Users/gjyal/.m2/repository/com/oracle/database/jdbc/ojdbc8/21.5.0.0/oraclepki.jar
[2023-04-04 14:52:53] INFO org.springframework.boot.devtools.env.DevToolsPropertyDefaultsPostProcessor(DeferredLog.java:255) - Devtools property defaults active! Set 'spring.devtools.add-properties' to 'false' to disable
[2023-04-04 14:52:53] INFO org.springframework.boot.devtools.env.DevToolsPropertyDefaultsPostProcessor(DeferredLog.java:255) - For additional web related logging consider setting the 'logging.level.web' property to 'DEBUG'
[2023-04-04 14:52:54] INFO org.springframework.boot.web.embedded.tomcat.TomcatWebServer(TomcatWebServer.java:108) - Tomcat initialized with port(s): 8093 (http)
[2023-04-04 14:52:54] INFO org.apache.coyote.http11.Http11NioProtocol(DirectJDKLog.java:173) - Initializing ProtocolHandler ["http-nio-8093"]
[2023-04-04 14:52:54] INFO org.apache.catalina.core.StandardService(DirectJDKLog.java:173) - Starting service [Tomcat]
[2023-04-04 14:52:54] INFO org.apache.catalina.core.StandardEngine(DirectJDKLog.java:173) - Starting Servlet engine: [Apache Tomcat/9.0.71]
[2023-04-04 14:52:54] INFO org.apache.jasper.servlet.TldScanner(DirectJDKLog.java:173) - At least one JAR was scanned for TLDs yet contained no TLDs. Enable debug logging for this logger for a complete list of JARs that were scanned but no TLDs were found in them. Skipping unneeded JARs during scanning can improve startup time and JSP compilation time.
[2023-04-04 14:52:54] INFO org.apache.catalina.core.ContainerBase.[Tomcat].[localhost].[/app](DirectJDKLog.java:173) - Initializing Spring embedded WebApplicationContext
[2023-04-04 14:52:54] INFO org.springframework.boot.web.servlet.context.ServletWebServerApplicationContext(ServletWebServerApplicationContext.java:292) - Root WebApplicationContext: initialization completed in 1805 ms
[2023-04-04 14:52:55] INFO org.springframework.boot.devtools.autoconfigure.OptionalLiveReloadServer(OptionalLiveReloadServer.java:59) - LiveReload server is running on port 35729
[2023-04-04 14:52:55] INFO org.apache.coyote.http11.Http11NioProtocol(DirectJDKLog.java:173) - Starting ProtocolHandler ["http-nio-8093"]
[2023-04-04 14:52:55] INFO org.springframework.boot.web.embedded.tomcat.TomcatWebServer(TomcatWebServer.java:220) - Tomcat started on port(s): 8093 (http) with context path '/app'
[2023-04-04 14:52:55] INFO com.example.PetprojectApplication(StartupInfoLogger.java:61) - Started PetprojectApplication in 3.412 seconds (JVM running for 4.698)
[2023-04-04 14:54:11] INFO org.springframework.boot.devtools.autoconfigure.LocalDevToolsAutoConfiguration$RestartingClassPathChangeChangedEventListener(LocalDevToolsAutoConfiguration.java:211) - Restarting due to 1 class path change (0 additions, 0 deletions, 1 modification)
[2023-04-04 14:54:11] INFO org.apache.coyote.http11.Http11NioProtocol(DirectJDKLog.java:173) - Pausing ProtocolHandler ["http-nio-8093"]
[2023-04-04 14:54:11] INFO org.apache.catalina.core.StandardService(DirectJDKLog.java:173) - Stopping service [Tomcat]
[2023-04-04 14:54:11] INFO org.apache.coyote.http11.Http11NioProtocol(DirectJDKLog.java:173) - Stopping ProtocolHandler ["http-nio-8093"]
[2023-04-04 14:54:11] INFO org.apache.coyote.http11.Http11NioProtocol(DirectJDKLog.java:173) - Destroying ProtocolHandler ["http-nio-8093"]
[2023-04-04 14:54:11] INFO com.example.PetprojectApplication(StartupInfoLogger.java:55) - Starting PetprojectApplication using Java 1.8.0_333 on BOOK-KCHKG0HGU1 with PID 47892 (C:\Users\gjyal\git\petproject_boot\target\classes started by gjyal in C:\Users\gjyal\git\petproject_boot)
[2023-04-04 14:54:11] INFO com.example.PetprojectApplication(SpringApplication.java:631) - No active profile set, falling back to 1 default profile: "default"
[2023-04-04 14:54:12] INFO org.springframework.boot.web.embedded.tomcat.TomcatWebServer(TomcatWebServer.java:108) - Tomcat initialized with port(s): 8093 (http)
[2023-04-04 14:54:12] INFO org.apache.coyote.http11.Http11NioProtocol(DirectJDKLog.java:173) - Initializing ProtocolHandler ["http-nio-8093"]
[2023-04-04 14:54:12] INFO org.apache.catalina.core.StandardService(DirectJDKLog.java:173) - Starting service [Tomcat]
[2023-04-04 14:54:12] INFO org.apache.catalina.core.StandardEngine(DirectJDKLog.java:173) - Starting Servlet engine: [Apache Tomcat/9.0.71]
[2023-04-04 14:54:12] INFO org.apache.jasper.servlet.TldScanner(DirectJDKLog.java:173) - At least one JAR was scanned for TLDs yet contained no TLDs. Enable debug logging for this logger for a complete list of JARs that were scanned but no TLDs were found in them. Skipping unneeded JARs during scanning can improve startup time and JSP compilation time.
[2023-04-04 14:54:12] INFO org.apache.catalina.core.ContainerBase.[Tomcat].[localhost].[/app](DirectJDKLog.java:173) - Initializing Spring embedded WebApplicationContext
[2023-04-04 14:54:12] INFO org.springframework.boot.web.servlet.context.ServletWebServerApplicationContext(ServletWebServerApplicationContext.java:292) - Root WebApplicationContext: initialization completed in 464 ms
[2023-04-04 14:54:12] INFO org.springframework.boot.devtools.autoconfigure.OptionalLiveReloadServer(OptionalLiveReloadServer.java:59) - LiveReload server is running on port 35729
[2023-04-04 14:54:12] INFO org.apache.coyote.http11.Http11NioProtocol(DirectJDKLog.java:173) - Starting ProtocolHandler ["http-nio-8093"]
[2023-04-04 14:54:12] INFO org.springframework.boot.web.embedded.tomcat.TomcatWebServer(TomcatWebServer.java:220) - Tomcat started on port(s): 8093 (http) with context path '/app'
[2023-04-04 14:54:12] INFO com.example.PetprojectApplication(StartupInfoLogger.java:61) - Started PetprojectApplication in 0.788 seconds (JVM running for 81.124)
[2023-04-04 14:54:12] INFO org.springframework.boot.devtools.autoconfigure.ConditionEvaluationDeltaLoggingListener(ConditionEvaluationDeltaLoggingListener.java:63) - Condition evaluation unchanged
[2023-04-04 14:55:09] INFO org.springframework.boot.devtools.autoconfigure.LocalDevToolsAutoConfiguration$RestartingClassPathChangeChangedEventListener(LocalDevToolsAutoConfiguration.java:211) - Restarting due to 2 class path changes (1 addition, 1 deletion, 0 modifications)
[2023-04-04 14:55:09] INFO org.apache.coyote.http11.Http11NioProtocol(DirectJDKLog.java:173) - Pausing ProtocolHandler ["http-nio-8093"]
[2023-04-04 14:55:09] INFO org.apache.catalina.core.StandardService(DirectJDKLog.java:173) - Stopping service [Tomcat]
[2023-04-04 14:55:09] INFO org.apache.coyote.http11.Http11NioProtocol(DirectJDKLog.java:173) - Stopping ProtocolHandler ["http-nio-8093"]
[2023-04-04 14:55:09] INFO org.apache.coyote.http11.Http11NioProtocol(DirectJDKLog.java:173) - Destroying ProtocolHandler ["http-nio-8093"]
[2023-04-04 14:55:09] INFO com.example.PetprojectApplication(StartupInfoLogger.java:55) - Starting PetprojectApplication using Java 1.8.0_333 on BOOK-KCHKG0HGU1 with PID 47892 (C:\Users\gjyal\git\petproject_boot\target\classes started by gjyal in C:\Users\gjyal\git\petproject_boot)
[2023-04-04 14:55:09] INFO com.example.PetprojectApplication(SpringApplication.java:631) - No active profile set, falling back to 1 default profile: "default"
[2023-04-04 14:55:09] INFO org.springframework.boot.web.embedded.tomcat.TomcatWebServer(TomcatWebServer.java:108) - Tomcat initialized with port(s): 8093 (http)
[2023-04-04 14:55:09] INFO org.apache.coyote.http11.Http11NioProtocol(DirectJDKLog.java:173) - Initializing ProtocolHandler ["http-nio-8093"]
[2023-04-04 14:55:09] INFO org.apache.catalina.core.StandardService(DirectJDKLog.java:173) - Starting service [Tomcat]
[2023-04-04 14:55:09] INFO org.apache.catalina.core.StandardEngine(DirectJDKLog.java:173) - Starting Servlet engine: [Apache Tomcat/9.0.71]
[2023-04-04 14:55:09] INFO org.apache.jasper.servlet.TldScanner(DirectJDKLog.java:173) - At least one JAR was scanned for TLDs yet contained no TLDs. Enable debug logging for this logger for a complete list of JARs that were scanned but no TLDs were found in them. Skipping unneeded JARs during scanning can improve startup time and JSP compilation time.
[2023-04-04 14:55:09] INFO org.apache.catalina.core.ContainerBase.[Tomcat].[localhost].[/app](DirectJDKLog.java:173) - Initializing Spring embedded WebApplicationContext
[2023-04-04 14:55:09] INFO org.springframework.boot.web.servlet.context.ServletWebServerApplicationContext(ServletWebServerApplicationContext.java:292) - Root WebApplicationContext: initialization completed in 449 ms
[2023-04-04 14:55:10] INFO org.springframework.boot.devtools.autoconfigure.OptionalLiveReloadServer(OptionalLiveReloadServer.java:59) - LiveReload server is running on port 35729
[2023-04-04 14:55:10] INFO org.apache.coyote.http11.Http11NioProtocol(DirectJDKLog.java:173) - Starting ProtocolHandler ["http-nio-8093"]
[2023-04-04 14:55:10] INFO org.springframework.boot.web.embedded.tomcat.TomcatWebServer(TomcatWebServer.java:220) - Tomcat started on port(s): 8093 (http) with context path '/app'
[2023-04-04 14:55:10] INFO com.example.PetprojectApplication(StartupInfoLogger.java:61) - Started PetprojectApplication in 0.746 seconds (JVM running for 138.978)
[2023-04-04 14:55:10] INFO org.springframework.boot.devtools.autoconfigure.ConditionEvaluationDeltaLoggingListener(ConditionEvaluationDeltaLoggingListener.java:63) - Condition evaluation unchanged
[2023-04-04 14:55:12] INFO org.springframework.boot.devtools.autoconfigure.LocalDevToolsAutoConfiguration$RestartingClassPathChangeChangedEventListener(LocalDevToolsAutoConfiguration.java:211) - Restarting due to 2 class path changes (1 addition, 1 deletion, 0 modifications)
[2023-04-04 14:55:12] INFO org.apache.coyote.http11.Http11NioProtocol(DirectJDKLog.java:173) - Pausing ProtocolHandler ["http-nio-8093"]
[2023-04-04 14:55:12] INFO org.apache.catalina.core.StandardService(DirectJDKLog.java:173) - Stopping service [Tomcat]
[2023-04-04 14:55:12] INFO org.apache.coyote.http11.Http11NioProtocol(DirectJDKLog.java:173) - Stopping ProtocolHandler ["http-nio-8093"]
[2023-04-04 14:55:12] INFO org.apache.coyote.http11.Http11NioProtocol(DirectJDKLog.java:173) - Destroying ProtocolHandler ["http-nio-8093"]
[2023-04-04 14:55:13] INFO com.example.PetprojectApplication(StartupInfoLogger.java:55) - Starting PetprojectApplication using Java 1.8.0_333 on BOOK-KCHKG0HGU1 with PID 47892 (C:\Users\gjyal\git\petproject_boot\target\classes started by gjyal in C:\Users\gjyal\git\petproject_boot)
[2023-04-04 14:55:13] INFO com.example.PetprojectApplication(SpringApplication.java:631) - No active profile set, falling back to 1 default profile: "default"
[2023-04-04 14:55:13] INFO org.springframework.boot.web.embedded.tomcat.TomcatWebServer(TomcatWebServer.java:108) - Tomcat initialized with port(s): 8093 (http)
[2023-04-04 14:55:13] INFO org.apache.coyote.http11.Http11NioProtocol(DirectJDKLog.java:173) - Initializing ProtocolHandler ["http-nio-8093"]
[2023-04-04 14:55:13] INFO org.apache.catalina.core.StandardService(DirectJDKLog.java:173) - Starting service [Tomcat]
[2023-04-04 14:55:13] INFO org.apache.catalina.core.StandardEngine(DirectJDKLog.java:173) - Starting Servlet engine: [Apache Tomcat/9.0.71]
[2023-04-04 14:55:13] INFO org.apache.jasper.servlet.TldScanner(DirectJDKLog.java:173) - At least one JAR was scanned for TLDs yet contained no TLDs. Enable debug logging for this logger for a complete list of JARs that were scanned but no TLDs were found in them. Skipping unneeded JARs during scanning can improve startup time and JSP compilation time.
[2023-04-04 14:55:13] INFO org.apache.catalina.core.ContainerBase.[Tomcat].[localhost].[/app](DirectJDKLog.java:173) - Initializing Spring embedded WebApplicationContext
[2023-04-04 14:55:13] INFO org.springframework.boot.web.servlet.context.ServletWebServerApplicationContext(ServletWebServerApplicationContext.java:292) - Root WebApplicationContext: initialization completed in 393 ms
[2023-04-04 14:55:13] INFO org.springframework.boot.devtools.autoconfigure.OptionalLiveReloadServer(OptionalLiveReloadServer.java:59) - LiveReload server is running on port 35729
[2023-04-04 14:55:13] INFO org.apache.coyote.http11.Http11NioProtocol(DirectJDKLog.java:173) - Starting ProtocolHandler ["http-nio-8093"]
[2023-04-04 14:55:13] INFO org.springframework.boot.web.embedded.tomcat.TomcatWebServer(TomcatWebServer.java:220) - Tomcat started on port(s): 8093 (http) with context path '/app'
[2023-04-04 14:55:13] INFO com.example.PetprojectApplication(StartupInfoLogger.java:61) - Started PetprojectApplication in 0.782 seconds (JVM running for 142.506)
[2023-04-04 14:55:13] INFO org.springframework.boot.devtools.autoconfigure.ConditionEvaluationDeltaLoggingListener(ConditionEvaluationDeltaLoggingListener.java:63) - Condition evaluation unchanged
[2023-04-04 14:55:17] INFO org.springframework.boot.devtools.autoconfigure.LocalDevToolsAutoConfiguration$RestartingClassPathChangeChangedEventListener(LocalDevToolsAutoConfiguration.java:211) - Restarting due to 2 class path changes (1 addition, 1 deletion, 0 modifications)
[2023-04-04 14:55:17] INFO org.apache.coyote.http11.Http11NioProtocol(DirectJDKLog.java:173) - Pausing ProtocolHandler ["http-nio-8093"]
[2023-04-04 14:55:17] INFO org.apache.catalina.core.StandardService(DirectJDKLog.java:173) - Stopping service [Tomcat]
[2023-04-04 14:55:17] INFO org.apache.coyote.http11.Http11NioProtocol(DirectJDKLog.java:173) - Stopping ProtocolHandler ["http-nio-8093"]
[2023-04-04 14:55:17] INFO org.apache.coyote.http11.Http11NioProtocol(DirectJDKLog.java:173) - Destroying ProtocolHandler ["http-nio-8093"]
[2023-04-04 14:55:17] INFO com.example.PetprojectApplication(StartupInfoLogger.java:55) - Starting PetprojectApplication using Java 1.8.0_333 on BOOK-KCHKG0HGU1 with PID 47892 (C:\Users\gjyal\git\petproject_boot\target\classes started by gjyal in C:\Users\gjyal\git\petproject_boot)
[2023-04-04 14:55:17] INFO com.example.PetprojectApplication(SpringApplication.java:631) - No active profile set, falling back to 1 default profile: "default"
[2023-04-04 14:55:17] INFO org.springframework.boot.web.embedded.tomcat.TomcatWebServer(TomcatWebServer.java:108) - Tomcat initialized with port(s): 8093 (http)
[2023-04-04 14:55:17] INFO org.apache.coyote.http11.Http11NioProtocol(DirectJDKLog.java:173) - Initializing ProtocolHandler ["http-nio-8093"]
[2023-04-04 14:55:17] INFO org.apache.catalina.core.StandardService(DirectJDKLog.java:173) - Starting service [Tomcat]
[2023-04-04 14:55:17] INFO org.apache.catalina.core.StandardEngine(DirectJDKLog.java:173) - Starting Servlet engine: [Apache Tomcat/9.0.71]
[2023-04-04 14:55:17] INFO org.apache.jasper.servlet.TldScanner(DirectJDKLog.java:173) - At least one JAR was scanned for TLDs yet contained no TLDs. Enable debug logging for this logger for a complete list of JARs that were scanned but no TLDs were found in them. Skipping unneeded JARs during scanning can improve startup time and JSP compilation time.
[2023-04-04 14:55:17] INFO org.apache.catalina.core.ContainerBase.[Tomcat].[localhost].[/app](DirectJDKLog.java:173) - Initializing Spring embedded WebApplicationContext
[2023-04-04 14:55:17] INFO org.springframework.boot.web.servlet.context.ServletWebServerApplicationContext(ServletWebServerApplicationContext.java:292) - Root WebApplicationContext: initialization completed in 371 ms
[2023-04-04 14:55:17] INFO org.springframework.boot.devtools.autoconfigure.OptionalLiveReloadServer(OptionalLiveReloadServer.java:59) - LiveReload server is running on port 35729
[2023-04-04 14:55:18] INFO org.apache.coyote.http11.Http11NioProtocol(DirectJDKLog.java:173) - Starting ProtocolHandler ["http-nio-8093"]
[2023-04-04 14:55:18] INFO org.springframework.boot.web.embedded.tomcat.TomcatWebServer(TomcatWebServer.java:220) - Tomcat started on port(s): 8093 (http) with context path '/app'
[2023-04-04 14:55:18] INFO com.example.PetprojectApplication(StartupInfoLogger.java:61) - Started PetprojectApplication in 0.667 seconds (JVM running for 146.834)
[2023-04-04 14:55:18] INFO org.springframework.boot.devtools.autoconfigure.ConditionEvaluationDeltaLoggingListener(ConditionEvaluationDeltaLoggingListener.java:63) - Condition evaluation unchanged
[2023-04-04 14:55:19] INFO org.springframework.boot.devtools.autoconfigure.LocalDevToolsAutoConfiguration$RestartingClassPathChangeChangedEventListener(LocalDevToolsAutoConfiguration.java:211) - Restarting due to 2 class path changes (1 addition, 1 deletion, 0 modifications)
[2023-04-04 14:55:19] INFO org.apache.coyote.http11.Http11NioProtocol(DirectJDKLog.java:173) - Pausing ProtocolHandler ["http-nio-8093"]
[2023-04-04 14:55:19] INFO org.apache.catalina.core.StandardService(DirectJDKLog.java:173) - Stopping service [Tomcat]
[2023-04-04 14:55:19] INFO org.apache.coyote.http11.Http11NioProtocol(DirectJDKLog.java:173) - Stopping ProtocolHandler ["http-nio-8093"]
[2023-04-04 14:55:19] INFO org.apache.coyote.http11.Http11NioProtocol(DirectJDKLog.java:173) - Destroying ProtocolHandler ["http-nio-8093"]
[2023-04-04 14:55:19] INFO com.example.PetprojectApplication(StartupInfoLogger.java:55) - Starting PetprojectApplication using Java 1.8.0_333 on BOOK-KCHKG0HGU1 with PID 47892 (C:\Users\gjyal\git\petproject_boot\target\classes started by gjyal in C:\Users\gjyal\git\petproject_boot)
[2023-04-04 14:55:19] INFO com.example.PetprojectApplication(SpringApplication.java:631) - No active profile set, falling back to 1 default profile: "default"
[2023-04-04 14:55:20] INFO org.springframework.boot.web.embedded.tomcat.TomcatWebServer(TomcatWebServer.java:108) - Tomcat initialized with port(s): 8093 (http)
[2023-04-04 14:55:20] INFO org.apache.coyote.http11.Http11NioProtocol(DirectJDKLog.java:173) - Initializing ProtocolHandler ["http-nio-8093"]
[2023-04-04 14:55:20] INFO org.apache.catalina.core.StandardService(DirectJDKLog.java:173) - Starting service [Tomcat]
[2023-04-04 14:55:20] INFO org.apache.catalina.core.StandardEngine(DirectJDKLog.java:173) - Starting Servlet engine: [Apache Tomcat/9.0.71]
[2023-04-04 14:55:20] INFO org.apache.jasper.servlet.TldScanner(DirectJDKLog.java:173) - At least one JAR was scanned for TLDs yet contained no TLDs. Enable debug logging for this logger for a complete list of JARs that were scanned but no TLDs were found in them. Skipping unneeded JARs during scanning can improve startup time and JSP compilation time.
[2023-04-04 14:55:20] INFO org.apache.catalina.core.ContainerBase.[Tomcat].[localhost].[/app](DirectJDKLog.java:173) - Initializing Spring embedded WebApplicationContext
[2023-04-04 14:55:20] INFO org.springframework.boot.web.servlet.context.ServletWebServerApplicationContext(ServletWebServerApplicationContext.java:292) - Root WebApplicationContext: initialization completed in 371 ms
[2023-04-04 14:55:20] INFO org.springframework.boot.devtools.autoconfigure.OptionalLiveReloadServer(OptionalLiveReloadServer.java:59) - LiveReload server is running on port 35729
[2023-04-04 14:55:20] INFO org.apache.coyote.http11.Http11NioProtocol(DirectJDKLog.java:173) - Starting ProtocolHandler ["http-nio-8093"]
[2023-04-04 14:55:20] INFO org.springframework.boot.web.embedded.tomcat.TomcatWebServer(TomcatWebServer.java:220) - Tomcat started on port(s): 8093 (http) with context path '/app'
[2023-04-04 14:55:20] INFO com.example.PetprojectApplication(StartupInfoLogger.java:61) - Started PetprojectApplication in 0.659 seconds (JVM running for 149.174)
[2023-04-04 14:55:20] INFO org.springframework.boot.devtools.autoconfigure.ConditionEvaluationDeltaLoggingListener(ConditionEvaluationDeltaLoggingListener.java:63) - Condition evaluation unchanged
[2023-04-04 14:55:21] INFO org.springframework.boot.devtools.autoconfigure.LocalDevToolsAutoConfiguration$RestartingClassPathChangeChangedEventListener(LocalDevToolsAutoConfiguration.java:211) - Restarting due to 2 class path changes (1 addition, 1 deletion, 0 modifications)
[2023-04-04 14:55:22] INFO org.apache.coyote.http11.Http11NioProtocol(DirectJDKLog.java:173) - Pausing ProtocolHandler ["http-nio-8093"]
[2023-04-04 14:55:22] INFO org.apache.catalina.core.StandardService(DirectJDKLog.java:173) - Stopping service [Tomcat]
[2023-04-04 14:55:22] INFO org.apache.coyote.http11.Http11NioProtocol(DirectJDKLog.java:173) - Stopping ProtocolHandler ["http-nio-8093"]
[2023-04-04 14:55:22] INFO org.apache.coyote.http11.Http11NioProtocol(DirectJDKLog.java:173) - Destroying ProtocolHandler ["http-nio-8093"]
[2023-04-04 14:55:22] INFO com.example.PetprojectApplication(StartupInfoLogger.java:55) - Starting PetprojectApplication using Java 1.8.0_333 on BOOK-KCHKG0HGU1 with PID 47892 (C:\Users\gjyal\git\petproject_boot\target\classes started by gjyal in C:\Users\gjyal\git\petproject_boot)
[2023-04-04 14:55:22] INFO com.example.PetprojectApplication(SpringApplication.java:631) - No active profile set, falling back to 1 default profile: "default"
[2023-04-04 14:55:22] INFO org.springframework.boot.web.embedded.tomcat.TomcatWebServer(TomcatWebServer.java:108) - Tomcat initialized with port(s): 8093 (http)
[2023-04-04 14:55:22] INFO org.apache.coyote.http11.Http11NioProtocol(DirectJDKLog.java:173) - Initializing ProtocolHandler ["http-nio-8093"]
[2023-04-04 14:55:22] INFO org.apache.catalina.core.StandardService(DirectJDKLog.java:173) - Starting service [Tomcat]
[2023-04-04 14:55:22] INFO org.apache.catalina.core.StandardEngine(DirectJDKLog.java:173) - Starting Servlet engine: [Apache Tomcat/9.0.71]
[2023-04-04 14:55:22] INFO org.apache.jasper.servlet.TldScanner(DirectJDKLog.java:173) - At least one JAR was scanned for TLDs yet contained no TLDs. Enable debug logging for this logger for a complete list of JARs that were scanned but no TLDs were found in them. Skipping unneeded JARs during scanning can improve startup time and JSP compilation time.
[2023-04-04 14:55:22] INFO org.apache.catalina.core.ContainerBase.[Tomcat].[localhost].[/app](DirectJDKLog.java:173) - Initializing Spring embedded WebApplicationContext
[2023-04-04 14:55:22] INFO org.springframework.boot.web.servlet.context.ServletWebServerApplicationContext(ServletWebServerApplicationContext.java:292) - Root WebApplicationContext: initialization completed in 403 ms
[2023-04-04 14:55:22] INFO org.springframework.boot.devtools.autoconfigure.OptionalLiveReloadServer(OptionalLiveReloadServer.java:59) - LiveReload server is running on port 35729
[2023-04-04 14:55:22] INFO org.apache.coyote.http11.Http11NioProtocol(DirectJDKLog.java:173) - Starting ProtocolHandler ["http-nio-8093"]
[2023-04-04 14:55:22] INFO org.springframework.boot.web.embedded.tomcat.TomcatWebServer(TomcatWebServer.java:220) - Tomcat started on port(s): 8093 (http) with context path '/app'
[2023-04-04 14:55:22] INFO com.example.PetprojectApplication(StartupInfoLogger.java:61) - Started PetprojectApplication in 0.645 seconds (JVM running for 151.532)
[2023-04-04 14:55:22] INFO org.springframework.boot.devtools.autoconfigure.ConditionEvaluationDeltaLoggingListener(ConditionEvaluationDeltaLoggingListener.java:63) - Condition evaluation unchanged
[2023-04-04 14:55:24] INFO org.springframework.boot.devtools.autoconfigure.LocalDevToolsAutoConfiguration$RestartingClassPathChangeChangedEventListener(LocalDevToolsAutoConfiguration.java:211) - Restarting due to 2 class path changes (1 addition, 1 deletion, 0 modifications)
[2023-04-04 14:55:24] INFO org.apache.coyote.http11.Http11NioProtocol(DirectJDKLog.java:173) - Pausing ProtocolHandler ["http-nio-8093"]
[2023-04-04 14:55:24] INFO org.apache.catalina.core.StandardService(DirectJDKLog.java:173) - Stopping service [Tomcat]
[2023-04-04 14:55:24] INFO org.apache.coyote.http11.Http11NioProtocol(DirectJDKLog.java:173) - Stopping ProtocolHandler ["http-nio-8093"]
[2023-04-04 14:55:24] INFO org.apache.coyote.http11.Http11NioProtocol(DirectJDKLog.java:173) - Destroying ProtocolHandler ["http-nio-8093"]
[2023-04-04 14:55:24] INFO com.example.PetprojectApplication(StartupInfoLogger.java:55) - Starting PetprojectApplication using Java 1.8.0_333 on BOOK-KCHKG0HGU1 with PID 47892 (C:\Users\gjyal\git\petproject_boot\target\classes started by gjyal in C:\Users\gjyal\git\petproject_boot)
[2023-04-04 14:55:24] INFO com.example.PetprojectApplication(SpringApplication.java:631) - No active profile set, falling back to 1 default profile: "default"
[2023-04-04 14:55:24] INFO org.springframework.boot.web.embedded.tomcat.TomcatWebServer(TomcatWebServer.java:108) - Tomcat initialized with port(s): 8093 (http)
[2023-04-04 14:55:24] INFO org.apache.coyote.http11.Http11NioProtocol(DirectJDKLog.java:173) - Initializing ProtocolHandler ["http-nio-8093"]
[2023-04-04 14:55:24] INFO org.apache.catalina.core.StandardService(DirectJDKLog.java:173) - Starting service [Tomcat]
[2023-04-04 14:55:24] INFO org.apache.catalina.core.StandardEngine(DirectJDKLog.java:173) - Starting Servlet engine: [Apache Tomcat/9.0.71]
[2023-04-04 14:55:24] INFO org.apache.jasper.servlet.TldScanner(DirectJDKLog.java:173) - At least one JAR was scanned for TLDs yet contained no TLDs. Enable debug logging for this logger for a complete list of JARs that were scanned but no TLDs were found in them. Skipping unneeded JARs during scanning can improve startup time and JSP compilation time.
[2023-04-04 14:55:24] INFO org.apache.catalina.core.ContainerBase.[Tomcat].[localhost].[/app](DirectJDKLog.java:173) - Initializing Spring embedded WebApplicationContext
[2023-04-04 14:55:24] INFO org.springframework.boot.web.servlet.context.ServletWebServerApplicationContext(ServletWebServerApplicationContext.java:292) - Root WebApplicationContext: initialization completed in 388 ms
[2023-04-04 14:55:25] INFO org.springframework.boot.devtools.autoconfigure.OptionalLiveReloadServer(OptionalLiveReloadServer.java:59) - LiveReload server is running on port 35729
[2023-04-04 14:55:25] INFO org.apache.coyote.http11.Http11NioProtocol(DirectJDKLog.java:173) - Starting ProtocolHandler ["http-nio-8093"]
[2023-04-04 14:55:25] INFO org.springframework.boot.web.embedded.tomcat.TomcatWebServer(TomcatWebServer.java:220) - Tomcat started on port(s): 8093 (http) with context path '/app'
[2023-04-04 14:55:25] INFO com.example.PetprojectApplication(StartupInfoLogger.java:61) - Started PetprojectApplication in 0.651 seconds (JVM running for 153.909)
[2023-04-04 14:55:25] INFO org.springframework.boot.devtools.autoconfigure.ConditionEvaluationDeltaLoggingListener(ConditionEvaluationDeltaLoggingListener.java:63) - Condition evaluation unchanged
[2023-04-04 14:55:26] INFO org.springframework.boot.devtools.autoconfigure.LocalDevToolsAutoConfiguration$RestartingClassPathChangeChangedEventListener(LocalDevToolsAutoConfiguration.java:211) - Restarting due to 2 class path changes (1 addition, 1 deletion, 0 modifications)
[2023-04-04 14:55:26] INFO org.apache.coyote.http11.Http11NioProtocol(DirectJDKLog.java:173) - Pausing ProtocolHandler ["http-nio-8093"]
[2023-04-04 14:55:26] INFO org.apache.catalina.core.StandardService(DirectJDKLog.java:173) - Stopping service [Tomcat]
[2023-04-04 14:55:26] INFO org.apache.coyote.http11.Http11NioProtocol(DirectJDKLog.java:173) - Stopping ProtocolHandler ["http-nio-8093"]
[2023-04-04 14:55:26] INFO org.apache.coyote.http11.Http11NioProtocol(DirectJDKLog.java:173) - Destroying ProtocolHandler ["http-nio-8093"]
[2023-04-04 14:55:26] INFO com.example.PetprojectApplication(StartupInfoLogger.java:55) - Starting PetprojectApplication using Java 1.8.0_333 on BOOK-KCHKG0HGU1 with PID 47892 (C:\Users\gjyal\git\petproject_boot\target\classes started by gjyal in C:\Users\gjyal\git\petproject_boot)
[2023-04-04 14:55:26] INFO com.example.PetprojectApplication(SpringApplication.java:631) - No active profile set, falling back to 1 default profile: "default"
[2023-04-04 14:55:27] INFO org.springframework.boot.web.embedded.tomcat.TomcatWebServer(TomcatWebServer.java:108) - Tomcat initialized with port(s): 8093 (http)
[2023-04-04 14:55:27] INFO org.apache.coyote.http11.Http11NioProtocol(DirectJDKLog.java:173) - Initializing ProtocolHandler ["http-nio-8093"]
[2023-04-04 14:55:27] INFO org.apache.catalina.core.StandardService(DirectJDKLog.java:173) - Starting service [Tomcat]
[2023-04-04 14:55:27] INFO org.apache.catalina.core.StandardEngine(DirectJDKLog.java:173) - Starting Servlet engine: [Apache Tomcat/9.0.71]
[2023-04-04 14:55:27] INFO org.apache.jasper.servlet.TldScanner(DirectJDKLog.java:173) - At least one JAR was scanned for TLDs yet contained no TLDs. Enable debug logging for this logger for a complete list of JARs that were scanned but no TLDs were found in them. Skipping unneeded JARs during scanning can improve startup time and JSP compilation time.
[2023-04-04 14:55:27] INFO org.apache.catalina.core.ContainerBase.[Tomcat].[localhost].[/app](DirectJDKLog.java:173) - Initializing Spring embedded WebApplicationContext
[2023-04-04 14:55:27] INFO org.springframework.boot.web.servlet.context.ServletWebServerApplicationContext(ServletWebServerApplicationContext.java:292) - Root WebApplicationContext: initialization completed in 394 ms
[2023-04-04 14:55:27] INFO org.springframework.boot.devtools.autoconfigure.OptionalLiveReloadServer(OptionalLiveReloadServer.java:59) - LiveReload server is running on port 35729
[2023-04-04 14:55:27] INFO org.apache.coyote.http11.Http11NioProtocol(DirectJDKLog.java:173) - Starting ProtocolHandler ["http-nio-8093"]
[2023-04-04 14:55:27] INFO org.springframework.boot.web.embedded.tomcat.TomcatWebServer(TomcatWebServer.java:220) - Tomcat started on port(s): 8093 (http) with context path '/app'
[2023-04-04 14:55:27] INFO com.example.PetprojectApplication(StartupInfoLogger.java:61) - Started PetprojectApplication in 0.626 seconds (JVM running for 156.239)
[2023-04-04 14:55:27] INFO org.springframework.boot.devtools.autoconfigure.ConditionEvaluationDeltaLoggingListener(ConditionEvaluationDeltaLoggingListener.java:63) - Condition evaluation unchanged
[2023-04-04 14:55:28] INFO org.springframework.boot.devtools.autoconfigure.LocalDevToolsAutoConfiguration$RestartingClassPathChangeChangedEventListener(LocalDevToolsAutoConfiguration.java:211) - Restarting due to 2 class path changes (1 addition, 1 deletion, 0 modifications)
[2023-04-04 14:55:29] INFO org.apache.coyote.http11.Http11NioProtocol(DirectJDKLog.java:173) - Pausing ProtocolHandler ["http-nio-8093"]
[2023-04-04 14:55:29] INFO org.apache.catalina.core.StandardService(DirectJDKLog.java:173) - Stopping service [Tomcat]
[2023-04-04 14:55:29] INFO org.apache.coyote.http11.Http11NioProtocol(DirectJDKLog.java:173) - Stopping ProtocolHandler ["http-nio-8093"]
[2023-04-04 14:55:29] INFO org.apache.coyote.http11.Http11NioProtocol(DirectJDKLog.java:173) - Destroying ProtocolHandler ["http-nio-8093"]
[2023-04-04 14:55:29] INFO com.example.PetprojectApplication(StartupInfoLogger.java:55) - Starting PetprojectApplication using Java 1.8.0_333 on BOOK-KCHKG0HGU1 with PID 47892 (C:\Users\gjyal\git\petproject_boot\target\classes started by gjyal in C:\Users\gjyal\git\petproject_boot)
[2023-04-04 14:55:29] INFO com.example.PetprojectApplication(SpringApplication.java:631) - No active profile set, falling back to 1 default profile: "default"
[2023-04-04 14:55:29] INFO org.springframework.boot.web.embedded.tomcat.TomcatWebServer(TomcatWebServer.java:108) - Tomcat initialized with port(s): 8093 (http)
[2023-04-04 14:55:29] INFO org.apache.coyote.http11.Http11NioProtocol(DirectJDKLog.java:173) - Initializing ProtocolHandler ["http-nio-8093"]
[2023-04-04 14:55:29] INFO org.apache.catalina.core.StandardService(DirectJDKLog.java:173) - Starting service [Tomcat]
[2023-04-04 14:55:29] INFO org.apache.catalina.core.StandardEngine(DirectJDKLog.java:173) - Starting Servlet engine: [Apache Tomcat/9.0.71]
[2023-04-04 14:55:29] INFO org.apache.jasper.servlet.TldScanner(DirectJDKLog.java:173) - At least one JAR was scanned for TLDs yet contained no TLDs. Enable debug logging for this logger for a complete list of JARs that were scanned but no TLDs were found in them. Skipping unneeded JARs during scanning can improve startup time and JSP compilation time.
[2023-04-04 14:55:29] INFO org.apache.catalina.core.ContainerBase.[Tomcat].[localhost].[/app](DirectJDKLog.java:173) - Initializing Spring embedded WebApplicationContext
[2023-04-04 14:55:29] INFO org.springframework.boot.web.servlet.context.ServletWebServerApplicationContext(ServletWebServerApplicationContext.java:292) - Root WebApplicationContext: initialization completed in 368 ms
[2023-04-04 14:55:29] INFO org.springframework.boot.devtools.autoconfigure.OptionalLiveReloadServer(OptionalLiveReloadServer.java:59) - LiveReload server is running on port 35729
[2023-04-04 14:55:29] INFO org.apache.coyote.http11.Http11NioProtocol(DirectJDKLog.java:173) - Starting ProtocolHandler ["http-nio-8093"]
[2023-04-04 14:55:29] INFO org.springframework.boot.web.embedded.tomcat.TomcatWebServer(TomcatWebServer.java:220) - Tomcat started on port(s): 8093 (http) with context path '/app'
[2023-04-04 14:55:29] INFO com.example.PetprojectApplication(StartupInfoLogger.java:61) - Started PetprojectApplication in 0.591 seconds (JVM running for 158.505)
[2023-04-04 14:55:29] INFO org.springframework.boot.devtools.autoconfigure.ConditionEvaluationDeltaLoggingListener(ConditionEvaluationDeltaLoggingListener.java:63) - Condition evaluation unchanged
[2023-04-04 14:55:31] INFO org.springframework.boot.devtools.autoconfigure.LocalDevToolsAutoConfiguration$RestartingClassPathChangeChangedEventListener(LocalDevToolsAutoConfiguration.java:211) - Restarting due to 2 class path changes (1 addition, 1 deletion, 0 modifications)
[2023-04-04 14:55:31] INFO org.apache.coyote.http11.Http11NioProtocol(DirectJDKLog.java:173) - Pausing ProtocolHandler ["http-nio-8093"]
[2023-04-04 14:55:31] INFO org.apache.catalina.core.StandardService(DirectJDKLog.java:173) - Stopping service [Tomcat]
[2023-04-04 14:55:31] INFO org.apache.coyote.http11.Http11NioProtocol(DirectJDKLog.java:173) - Stopping ProtocolHandler ["http-nio-8093"]
[2023-04-04 14:55:31] INFO org.apache.coyote.http11.Http11NioProtocol(DirectJDKLog.java:173) - Destroying ProtocolHandler ["http-nio-8093"]
[2023-04-04 14:55:31] INFO com.example.PetprojectApplication(StartupInfoLogger.java:55) - Starting PetprojectApplication using Java 1.8.0_333 on BOOK-KCHKG0HGU1 with PID 47892 (C:\Users\gjyal\git\petproject_boot\target\classes started by gjyal in C:\Users\gjyal\git\petproject_boot)
[2023-04-04 14:55:31] INFO com.example.PetprojectApplication(SpringApplication.java:631) - No active profile set, falling back to 1 default profile: "default"
[2023-04-04 14:55:31] INFO org.springframework.boot.web.embedded.tomcat.TomcatWebServer(TomcatWebServer.java:108) - Tomcat initialized with port(s): 8093 (http)
[2023-04-04 14:55:31] INFO org.apache.coyote.http11.Http11NioProtocol(DirectJDKLog.java:173) - Initializing ProtocolHandler ["http-nio-8093"]
[2023-04-04 14:55:31] INFO org.apache.catalina.core.StandardService(DirectJDKLog.java:173) - Starting service [Tomcat]
[2023-04-04 14:55:31] INFO org.apache.catalina.core.StandardEngine(DirectJDKLog.java:173) - Starting Servlet engine: [Apache Tomcat/9.0.71]
[2023-04-04 14:55:31] INFO org.apache.jasper.servlet.TldScanner(DirectJDKLog.java:173) - At least one JAR was scanned for TLDs yet contained no TLDs. Enable debug logging for this logger for a complete list of JARs that were scanned but no TLDs were found in them. Skipping unneeded JARs during scanning can improve startup time and JSP compilation time.
[2023-04-04 14:55:31] INFO org.apache.catalina.core.ContainerBase.[Tomcat].[localhost].[/app](DirectJDKLog.java:173) - Initializing Spring embedded WebApplicationContext
[2023-04-04 14:55:31] INFO org.springframework.boot.web.servlet.context.ServletWebServerApplicationContext(ServletWebServerApplicationContext.java:292) - Root WebApplicationContext: initialization completed in 352 ms
[2023-04-04 14:55:31] INFO org.springframework.boot.devtools.autoconfigure.OptionalLiveReloadServer(OptionalLiveReloadServer.java:59) - LiveReload server is running on port 35729
[2023-04-04 14:55:31] INFO org.apache.coyote.http11.Http11NioProtocol(DirectJDKLog.java:173) - Starting ProtocolHandler ["http-nio-8093"]
[2023-04-04 14:55:31] INFO org.springframework.boot.web.embedded.tomcat.TomcatWebServer(TomcatWebServer.java:220) - Tomcat started on port(s): 8093 (http) with context path '/app'
[2023-04-04 14:55:32] INFO com.example.PetprojectApplication(StartupInfoLogger.java:61) - Started PetprojectApplication in 0.581 seconds (JVM running for 160.774)
[2023-04-04 14:55:32] INFO org.springframework.boot.devtools.autoconfigure.ConditionEvaluationDeltaLoggingListener(ConditionEvaluationDeltaLoggingListener.java:63) - Condition evaluation unchanged
[2023-04-04 14:55:33] INFO org.springframework.boot.devtools.autoconfigure.LocalDevToolsAutoConfiguration$RestartingClassPathChangeChangedEventListener(LocalDevToolsAutoConfiguration.java:211) - Restarting due to 2 class path changes (1 addition, 1 deletion, 0 modifications)
[2023-04-04 14:55:33] INFO org.apache.coyote.http11.Http11NioProtocol(DirectJDKLog.java:173) - Pausing ProtocolHandler ["http-nio-8093"]
[2023-04-04 14:55:33] INFO org.apache.catalina.core.StandardService(DirectJDKLog.java:173) - Stopping service [Tomcat]
[2023-04-04 14:55:33] INFO org.apache.coyote.http11.Http11NioProtocol(DirectJDKLog.java:173) - Stopping ProtocolHandler ["http-nio-8093"]
[2023-04-04 14:55:33] INFO org.apache.coyote.http11.Http11NioProtocol(DirectJDKLog.java:173) - Destroying ProtocolHandler ["http-nio-8093"]
[2023-04-04 14:55:33] INFO com.example.PetprojectApplication(StartupInfoLogger.java:55) - Starting PetprojectApplication using Java 1.8.0_333 on BOOK-KCHKG0HGU1 with PID 47892 (C:\Users\gjyal\git\petproject_boot\target\classes started by gjyal in C:\Users\gjyal\git\petproject_boot)
[2023-04-04 14:55:33] INFO com.example.PetprojectApplication(SpringApplication.java:631) - No active profile set, falling back to 1 default profile: "default"
[2023-04-04 14:55:34] INFO org.springframework.boot.web.embedded.tomcat.TomcatWebServer(TomcatWebServer.java:108) - Tomcat initialized with port(s): 8093 (http)
[2023-04-04 14:55:34] INFO org.apache.coyote.http11.Http11NioProtocol(DirectJDKLog.java:173) - Initializing ProtocolHandler ["http-nio-8093"]
[2023-04-04 14:55:34] INFO org.apache.catalina.core.StandardService(DirectJDKLog.java:173) - Starting service [Tomcat]
[2023-04-04 14:55:34] INFO org.apache.catalina.core.StandardEngine(DirectJDKLog.java:173) - Starting Servlet engine: [Apache Tomcat/9.0.71]
[2023-04-04 14:55:34] INFO org.apache.jasper.servlet.TldScanner(DirectJDKLog.java:173) - At least one JAR was scanned for TLDs yet contained no TLDs. Enable debug logging for this logger for a complete list of JARs that were scanned but no TLDs were found in them. Skipping unneeded JARs during scanning can improve startup time and JSP compilation time.
[2023-04-04 14:55:34] INFO org.apache.catalina.core.ContainerBase.[Tomcat].[localhost].[/app](DirectJDKLog.java:173) - Initializing Spring embedded WebApplicationContext
[2023-04-04 14:55:34] INFO org.springframework.boot.web.servlet.context.ServletWebServerApplicationContext(ServletWebServerApplicationContext.java:292) - Root WebApplicationContext: initialization completed in 359 ms
[2023-04-04 14:55:34] INFO org.springframework.boot.devtools.autoconfigure.OptionalLiveReloadServer(OptionalLiveReloadServer.java:59) - LiveReload server is running on port 35729
[2023-04-04 14:55:34] INFO org.apache.coyote.http11.Http11NioProtocol(DirectJDKLog.java:173) - Starting ProtocolHandler ["http-nio-8093"]
[2023-04-04 14:55:34] INFO org.springframework.boot.web.embedded.tomcat.TomcatWebServer(TomcatWebServer.java:220) - Tomcat started on port(s): 8093 (http) with context path '/app'
[2023-04-04 14:55:34] INFO com.example.PetprojectApplication(StartupInfoLogger.java:61) - Started PetprojectApplication in 0.588 seconds (JVM running for 163.053)
[2023-04-04 14:55:34] INFO org.springframework.boot.devtools.autoconfigure.ConditionEvaluationDeltaLoggingListener(ConditionEvaluationDeltaLoggingListener.java:63) - Condition evaluation unchanged
[2023-04-04 14:55:35] INFO org.springframework.boot.devtools.autoconfigure.LocalDevToolsAutoConfiguration$RestartingClassPathChangeChangedEventListener(LocalDevToolsAutoConfiguration.java:211) - Restarting due to 2 class path changes (1 addition, 1 deletion, 0 modifications)
[2023-04-04 14:55:35] INFO org.apache.coyote.http11.Http11NioProtocol(DirectJDKLog.java:173) - Pausing ProtocolHandler ["http-nio-8093"]
[2023-04-04 14:55:35] INFO org.apache.catalina.core.StandardService(DirectJDKLog.java:173) - Stopping service [Tomcat]
[2023-04-04 14:55:35] INFO org.apache.coyote.http11.Http11NioProtocol(DirectJDKLog.java:173) - Stopping ProtocolHandler ["http-nio-8093"]
[2023-04-04 14:55:35] INFO org.apache.coyote.http11.Http11NioProtocol(DirectJDKLog.java:173) - Destroying ProtocolHandler ["http-nio-8093"]
[2023-04-04 14:55:36] INFO com.example.PetprojectApplication(StartupInfoLogger.java:55) - Starting PetprojectApplication using Java 1.8.0_333 on BOOK-KCHKG0HGU1 with PID 47892 (C:\Users\gjyal\git\petproject_boot\target\classes started by gjyal in C:\Users\gjyal\git\petproject_boot)
[2023-04-04 14:55:36] INFO com.example.PetprojectApplication(SpringApplication.java:631) - No active profile set, falling back to 1 default profile: "default"
[2023-04-04 14:55:36] INFO org.springframework.boot.web.embedded.tomcat.TomcatWebServer(TomcatWebServer.java:108) - Tomcat initialized with port(s): 8093 (http)
[2023-04-04 14:55:36] INFO org.apache.coyote.http11.Http11NioProtocol(DirectJDKLog.java:173) - Initializing ProtocolHandler ["http-nio-8093"]
[2023-04-04 14:55:36] INFO org.apache.catalina.core.StandardService(DirectJDKLog.java:173) - Starting service [Tomcat]
[2023-04-04 14:55:36] INFO org.apache.catalina.core.StandardEngine(DirectJDKLog.java:173) - Starting Servlet engine: [Apache Tomcat/9.0.71]
[2023-04-04 14:55:36] INFO org.apache.jasper.servlet.TldScanner(DirectJDKLog.java:173) - At least one JAR was scanned for TLDs yet contained no TLDs. Enable debug logging for this logger for a complete list of JARs that were scanned but no TLDs were found in them. Skipping unneeded JARs during scanning can improve startup time and JSP compilation time.
[2023-04-04 14:55:36] INFO org.apache.catalina.core.ContainerBase.[Tomcat].[localhost].[/app](DirectJDKLog.java:173) - Initializing Spring embedded WebApplicationContext
[2023-04-04 14:55:36] INFO org.springframework.boot.web.servlet.context.ServletWebServerApplicationContext(ServletWebServerApplicationContext.java:292) - Root WebApplicationContext: initialization completed in 368 ms
[2023-04-04 14:55:36] INFO org.springframework.boot.devtools.autoconfigure.OptionalLiveReloadServer(OptionalLiveReloadServer.java:59) - LiveReload server is running on port 35729
[2023-04-04 14:55:36] INFO org.apache.coyote.http11.Http11NioProtocol(DirectJDKLog.java:173) - Starting ProtocolHandler ["http-nio-8093"]
[2023-04-04 14:55:36] INFO org.springframework.boot.web.embedded.tomcat.TomcatWebServer(TomcatWebServer.java:220) - Tomcat started on port(s): 8093 (http) with context path '/app'
[2023-04-04 14:55:36] INFO com.example.PetprojectApplication(StartupInfoLogger.java:61) - Started PetprojectApplication in 0.597 seconds (JVM running for 165.322)
[2023-04-04 14:55:36] INFO org.springframework.boot.devtools.autoconfigure.ConditionEvaluationDeltaLoggingListener(ConditionEvaluationDeltaLoggingListener.java:63) - Condition evaluation unchanged
[2023-04-04 15:05:32] INFO org.springframework.boot.devtools.autoconfigure.LocalDevToolsAutoConfiguration$RestartingClassPathChangeChangedEventListener(LocalDevToolsAutoConfiguration.java:211) - Restarting due to 1 class path change (0 additions, 0 deletions, 1 modification)
[2023-04-04 15:05:32] INFO org.apache.coyote.http11.Http11NioProtocol(DirectJDKLog.java:173) - Pausing ProtocolHandler ["http-nio-8093"]
[2023-04-04 15:05:32] INFO org.apache.catalina.core.StandardService(DirectJDKLog.java:173) - Stopping service [Tomcat]
[2023-04-04 15:05:32] INFO org.apache.coyote.http11.Http11NioProtocol(DirectJDKLog.java:173) - Stopping ProtocolHandler ["http-nio-8093"]
[2023-04-04 15:05:32] INFO org.apache.coyote.http11.Http11NioProtocol(DirectJDKLog.java:173) - Destroying ProtocolHandler ["http-nio-8093"]
[2023-04-04 15:05:32] INFO com.example.PetprojectApplication(StartupInfoLogger.java:55) - Starting PetprojectApplication using Java 1.8.0_333 on BOOK-KCHKG0HGU1 with PID 47892 (C:\Users\gjyal\git\petproject_boot\target\classes started by gjyal in C:\Users\gjyal\git\petproject_boot)
[2023-04-04 15:05:32] INFO com.example.PetprojectApplication(SpringApplication.java:631) - No active profile set, falling back to 1 default profile: "default"
[2023-04-04 15:05:33] INFO org.springframework.boot.web.embedded.tomcat.TomcatWebServer(TomcatWebServer.java:108) - Tomcat initialized with port(s): 8093 (http)
[2023-04-04 15:05:33] INFO org.apache.coyote.http11.Http11NioProtocol(DirectJDKLog.java:173) - Initializing ProtocolHandler ["http-nio-8093"]
[2023-04-04 15:05:33] INFO org.apache.catalina.core.StandardService(DirectJDKLog.java:173) - Starting service [Tomcat]
[2023-04-04 15:05:33] INFO org.apache.catalina.core.StandardEngine(DirectJDKLog.java:173) - Starting Servlet engine: [Apache Tomcat/9.0.71]
[2023-04-04 15:05:33] INFO org.apache.jasper.servlet.TldScanner(DirectJDKLog.java:173) - At least one JAR was scanned for TLDs yet contained no TLDs. Enable debug logging for this logger for a complete list of JARs that were scanned but no TLDs were found in them. Skipping unneeded JARs during scanning can improve startup time and JSP compilation time.
[2023-04-04 15:05:33] INFO org.apache.catalina.core.ContainerBase.[Tomcat].[localhost].[/app](DirectJDKLog.java:173) - Initializing Spring embedded WebApplicationContext
[2023-04-04 15:05:33] INFO org.springframework.boot.web.servlet.context.ServletWebServerApplicationContext(ServletWebServerApplicationContext.java:292) - Root WebApplicationContext: initialization completed in 319 ms
[2023-04-04 15:05:33] INFO org.springframework.boot.devtools.autoconfigure.OptionalLiveReloadServer(OptionalLiveReloadServer.java:59) - LiveReload server is running on port 35729
[2023-04-04 15:05:33] INFO org.apache.coyote.http11.Http11NioProtocol(DirectJDKLog.java:173) - Starting ProtocolHandler ["http-nio-8093"]
[2023-04-04 15:05:33] INFO org.springframework.boot.web.embedded.tomcat.TomcatWebServer(TomcatWebServer.java:220) - Tomcat started on port(s): 8093 (http) with context path '/app'
[2023-04-04 15:05:33] INFO com.example.PetprojectApplication(StartupInfoLogger.java:61) - Started PetprojectApplication in 0.491 seconds (JVM running for 762.174)
[2023-04-04 15:05:33] INFO org.springframework.boot.devtools.autoconfigure.ConditionEvaluationDeltaLoggingListener(ConditionEvaluationDeltaLoggingListener.java:63) - Condition evaluation unchanged
[2023-04-04 15:05:52] INFO org.springframework.boot.devtools.autoconfigure.LocalDevToolsAutoConfiguration$RestartingClassPathChangeChangedEventListener(LocalDevToolsAutoConfiguration.java:211) - Restarting due to 1 class path change (0 additions, 0 deletions, 1 modification)
[2023-04-04 15:05:52] INFO org.apache.coyote.http11.Http11NioProtocol(DirectJDKLog.java:173) - Pausing ProtocolHandler ["http-nio-8093"]
[2023-04-04 15:05:52] INFO org.apache.catalina.core.StandardService(DirectJDKLog.java:173) - Stopping service [Tomcat]
[2023-04-04 15:05:52] INFO org.apache.coyote.http11.Http11NioProtocol(DirectJDKLog.java:173) - Stopping ProtocolHandler ["http-nio-8093"]
[2023-04-04 15:05:52] INFO org.apache.coyote.http11.Http11NioProtocol(DirectJDKLog.java:173) - Destroying ProtocolHandler ["http-nio-8093"]
[2023-04-04 15:05:52] INFO com.example.PetprojectApplication(StartupInfoLogger.java:55) - Starting PetprojectApplication using Java 1.8.0_333 on BOOK-KCHKG0HGU1 with PID 47892 (C:\Users\gjyal\git\petproject_boot\target\classes started by gjyal in C:\Users\gjyal\git\petproject_boot)
[2023-04-04 15:05:52] INFO com.example.PetprojectApplication(SpringApplication.java:631) - No active profile set, falling back to 1 default profile: "default"
[2023-04-04 15:05:52] INFO org.springframework.boot.web.embedded.tomcat.TomcatWebServer(TomcatWebServer.java:108) - Tomcat initialized with port(s): 8093 (http)
[2023-04-04 15:05:52] INFO org.apache.coyote.http11.Http11NioProtocol(DirectJDKLog.java:173) - Initializing ProtocolHandler ["http-nio-8093"]
[2023-04-04 15:05:52] INFO org.apache.catalina.core.StandardService(DirectJDKLog.java:173) - Starting service [Tomcat]
[2023-04-04 15:05:52] INFO org.apache.catalina.core.StandardEngine(DirectJDKLog.java:173) - Starting Servlet engine: [Apache Tomcat/9.0.71]
[2023-04-04 15:05:52] INFO org.apache.jasper.servlet.TldScanner(DirectJDKLog.java:173) - At least one JAR was scanned for TLDs yet contained no TLDs. Enable debug logging for this logger for a complete list of JARs that were scanned but no TLDs were found in them. Skipping unneeded JARs during scanning can improve startup time and JSP compilation time.
[2023-04-04 15:05:52] INFO org.apache.catalina.core.ContainerBase.[Tomcat].[localhost].[/app](DirectJDKLog.java:173) - Initializing Spring embedded WebApplicationContext
[2023-04-04 15:05:52] INFO org.springframework.boot.web.servlet.context.ServletWebServerApplicationContext(ServletWebServerApplicationContext.java:292) - Root WebApplicationContext: initialization completed in 256 ms
[2023-04-04 15:05:52] INFO org.springframework.boot.devtools.autoconfigure.OptionalLiveReloadServer(OptionalLiveReloadServer.java:59) - LiveReload server is running on port 35729
[2023-04-04 15:05:52] INFO org.apache.coyote.http11.Http11NioProtocol(DirectJDKLog.java:173) - Starting ProtocolHandler ["http-nio-8093"]
[2023-04-04 15:05:52] INFO org.springframework.boot.web.embedded.tomcat.TomcatWebServer(TomcatWebServer.java:220) - Tomcat started on port(s): 8093 (http) with context path '/app'
[2023-04-04 15:05:53] INFO com.example.PetprojectApplication(StartupInfoLogger.java:61) - Started PetprojectApplication in 0.418 seconds (JVM running for 781.756)
[2023-04-04 15:05:53] INFO org.springframework.boot.devtools.autoconfigure.ConditionEvaluationDeltaLoggingListener(ConditionEvaluationDeltaLoggingListener.java:63) - Condition evaluation unchanged
[2023-04-04 15:06:16] INFO org.springframework.boot.devtools.autoconfigure.LocalDevToolsAutoConfiguration$RestartingClassPathChangeChangedEventListener(LocalDevToolsAutoConfiguration.java:211) - Restarting due to 1 class path change (0 additions, 0 deletions, 1 modification)
[2023-04-04 15:06:16] INFO org.apache.coyote.http11.Http11NioProtocol(DirectJDKLog.java:173) - Pausing ProtocolHandler ["http-nio-8093"]
[2023-04-04 15:06:16] INFO org.apache.catalina.core.StandardService(DirectJDKLog.java:173) - Stopping service [Tomcat]
[2023-04-04 15:06:16] INFO org.apache.coyote.http11.Http11NioProtocol(DirectJDKLog.java:173) - Stopping ProtocolHandler ["http-nio-8093"]
[2023-04-04 15:06:16] INFO org.apache.coyote.http11.Http11NioProtocol(DirectJDKLog.java:173) - Destroying ProtocolHandler ["http-nio-8093"]
[2023-04-04 15:06:16] INFO com.example.PetprojectApplication(StartupInfoLogger.java:55) - Starting PetprojectApplication using Java 1.8.0_333 on BOOK-KCHKG0HGU1 with PID 47892 (C:\Users\gjyal\git\petproject_boot\target\classes started by gjyal in C:\Users\gjyal\git\petproject_boot)
[2023-04-04 15:06:16] INFO com.example.PetprojectApplication(SpringApplication.java:631) - No active profile set, falling back to 1 default profile: "default"
[2023-04-04 15:06:16] INFO org.springframework.boot.web.embedded.tomcat.TomcatWebServer(TomcatWebServer.java:108) - Tomcat initialized with port(s): 8093 (http)
[2023-04-04 15:06:16] INFO org.apache.coyote.http11.Http11NioProtocol(DirectJDKLog.java:173) - Initializing ProtocolHandler ["http-nio-8093"]
[2023-04-04 15:06:16] INFO org.apache.catalina.core.StandardService(DirectJDKLog.java:173) - Starting service [Tomcat]
[2023-04-04 15:06:16] INFO org.apache.catalina.core.StandardEngine(DirectJDKLog.java:173) - Starting Servlet engine: [Apache Tomcat/9.0.71]
[2023-04-04 15:06:16] INFO org.apache.jasper.servlet.TldScanner(DirectJDKLog.java:173) - At least one JAR was scanned for TLDs yet contained no TLDs. Enable debug logging for this logger for a complete list of JARs that were scanned but no TLDs were found in them. Skipping unneeded JARs during scanning can improve startup time and JSP compilation time.
[2023-04-04 15:06:16] INFO org.apache.catalina.core.ContainerBase.[Tomcat].[localhost].[/app](DirectJDKLog.java:173) - Initializing Spring embedded WebApplicationContext
[2023-04-04 15:06:16] INFO org.springframework.boot.web.servlet.context.ServletWebServerApplicationContext(ServletWebServerApplicationContext.java:292) - Root WebApplicationContext: initialization completed in 320 ms
[2023-04-04 15:06:16] INFO org.springframework.boot.devtools.autoconfigure.OptionalLiveReloadServer(OptionalLiveReloadServer.java:59) - LiveReload server is running on port 35729
[2023-04-04 15:06:16] INFO org.apache.coyote.http11.Http11NioProtocol(DirectJDKLog.java:173) - Starting ProtocolHandler ["http-nio-8093"]
[2023-04-04 15:06:16] INFO org.springframework.boot.web.embedded.tomcat.TomcatWebServer(TomcatWebServer.java:220) - Tomcat started on port(s): 8093 (http) with context path '/app'
[2023-04-04 15:06:16] INFO com.example.PetprojectApplication(StartupInfoLogger.java:61) - Started PetprojectApplication in 0.517 seconds (JVM running for 805.669)
[2023-04-04 15:06:16] INFO org.springframework.boot.devtools.autoconfigure.ConditionEvaluationDeltaLoggingListener(ConditionEvaluationDeltaLoggingListener.java:63) - Condition evaluation unchanged
[2023-04-04 15:06:23] INFO org.springframework.boot.devtools.autoconfigure.LocalDevToolsAutoConfiguration$RestartingClassPathChangeChangedEventListener(LocalDevToolsAutoConfiguration.java:211) - Restarting due to 1 class path change (0 additions, 0 deletions, 1 modification)
[2023-04-04 15:06:23] INFO org.apache.coyote.http11.Http11NioProtocol(DirectJDKLog.java:173) - Pausing ProtocolHandler ["http-nio-8093"]
[2023-04-04 15:06:23] INFO org.apache.catalina.core.StandardService(DirectJDKLog.java:173) - Stopping service [Tomcat]
[2023-04-04 15:06:23] INFO org.apache.coyote.http11.Http11NioProtocol(DirectJDKLog.java:173) - Stopping ProtocolHandler ["http-nio-8093"]
[2023-04-04 15:06:23] INFO org.apache.coyote.http11.Http11NioProtocol(DirectJDKLog.java:173) - Destroying ProtocolHandler ["http-nio-8093"]
[2023-04-04 15:06:23] INFO com.example.PetprojectApplication(StartupInfoLogger.java:55) - Starting PetprojectApplication using Java 1.8.0_333 on BOOK-KCHKG0HGU1 with PID 47892 (C:\Users\gjyal\git\petproject_boot\target\classes started by gjyal in C:\Users\gjyal\git\petproject_boot)
[2023-04-04 15:06:23] INFO com.example.PetprojectApplication(SpringApplication.java:631) - No active profile set, falling back to 1 default profile: "default"
[2023-04-04 15:06:23] INFO org.springframework.boot.web.embedded.tomcat.TomcatWebServer(TomcatWebServer.java:108) - Tomcat initialized with port(s): 8093 (http)
[2023-04-04 15:06:23] INFO org.apache.coyote.http11.Http11NioProtocol(DirectJDKLog.java:173) - Initializing ProtocolHandler ["http-nio-8093"]
[2023-04-04 15:06:23] INFO org.apache.catalina.core.StandardService(DirectJDKLog.java:173) - Starting service [Tomcat]
[2023-04-04 15:06:23] INFO org.apache.catalina.core.StandardEngine(DirectJDKLog.java:173) - Starting Servlet engine: [Apache Tomcat/9.0.71]
[2023-04-04 15:06:24] INFO org.apache.jasper.servlet.TldScanner(DirectJDKLog.java:173) - At least one JAR was scanned for TLDs yet contained no TLDs. Enable debug logging for this logger for a complete list of JARs that were scanned but no TLDs were found in them. Skipping unneeded JARs during scanning can improve startup time and JSP compilation time.
[2023-04-04 15:06:24] INFO org.apache.catalina.core.ContainerBase.[Tomcat].[localhost].[/app](DirectJDKLog.java:173) - Initializing Spring embedded WebApplicationContext
[2023-04-04 15:06:24] INFO org.springframework.boot.web.servlet.context.ServletWebServerApplicationContext(ServletWebServerApplicationContext.java:292) - Root WebApplicationContext: initialization completed in 241 ms
[2023-04-04 15:06:24] INFO org.springframework.boot.devtools.autoconfigure.OptionalLiveReloadServer(OptionalLiveReloadServer.java:59) - LiveReload server is running on port 35729
[2023-04-04 15:06:24] INFO org.apache.coyote.http11.Http11NioProtocol(DirectJDKLog.java:173) - Starting ProtocolHandler ["http-nio-8093"]
[2023-04-04 15:06:24] INFO org.springframework.boot.web.embedded.tomcat.TomcatWebServer(TomcatWebServer.java:220) - Tomcat started on port(s): 8093 (http) with context path '/app'
[2023-04-04 15:06:24] INFO com.example.PetprojectApplication(StartupInfoLogger.java:61) - Started PetprojectApplication in 0.4 seconds (JVM running for 812.89)
[2023-04-04 15:06:24] INFO org.springframework.boot.devtools.autoconfigure.ConditionEvaluationDeltaLoggingListener(ConditionEvaluationDeltaLoggingListener.java:63) - Condition evaluation unchanged
[2023-04-04 15:11:56] INFO org.springframework.boot.devtools.autoconfigure.LocalDevToolsAutoConfiguration$RestartingClassPathChangeChangedEventListener(LocalDevToolsAutoConfiguration.java:211) - Restarting due to 1 class path change (0 additions, 0 deletions, 1 modification)
[2023-04-04 15:11:56] INFO org.apache.coyote.http11.Http11NioProtocol(DirectJDKLog.java:173) - Pausing ProtocolHandler ["http-nio-8093"]
[2023-04-04 15:11:56] INFO org.apache.catalina.core.StandardService(DirectJDKLog.java:173) - Stopping service [Tomcat]
[2023-04-04 15:11:56] INFO org.apache.coyote.http11.Http11NioProtocol(DirectJDKLog.java:173) - Stopping ProtocolHandler ["http-nio-8093"]
[2023-04-04 15:11:56] INFO org.apache.coyote.http11.Http11NioProtocol(DirectJDKLog.java:173) - Destroying ProtocolHandler ["http-nio-8093"]
[2023-04-04 15:11:56] INFO com.example.PetprojectApplication(StartupInfoLogger.java:55) - Starting PetprojectApplication using Java 1.8.0_333 on BOOK-KCHKG0HGU1 with PID 47892 (C:\Users\gjyal\git\petproject_boot\target\classes started by gjyal in C:\Users\gjyal\git\petproject_boot)
[2023-04-04 15:11:56] INFO com.example.PetprojectApplication(SpringApplication.java:631) - No active profile set, falling back to 1 default profile: "default"
[2023-04-04 15:11:56] INFO org.springframework.boot.web.embedded.tomcat.TomcatWebServer(TomcatWebServer.java:108) - Tomcat initialized with port(s): 8093 (http)
[2023-04-04 15:11:56] INFO org.apache.coyote.http11.Http11NioProtocol(DirectJDKLog.java:173) - Initializing ProtocolHandler ["http-nio-8093"]
[2023-04-04 15:11:56] INFO org.apache.catalina.core.StandardService(DirectJDKLog.java:173) - Starting service [Tomcat]
[2023-04-04 15:11:56] INFO org.apache.catalina.core.StandardEngine(DirectJDKLog.java:173) - Starting Servlet engine: [Apache Tomcat/9.0.71]
[2023-04-04 15:11:56] INFO org.apache.jasper.servlet.TldScanner(DirectJDKLog.java:173) - At least one JAR was scanned for TLDs yet contained no TLDs. Enable debug logging for this logger for a complete list of JARs that were scanned but no TLDs were found in them. Skipping unneeded JARs during scanning can improve startup time and JSP compilation time.
[2023-04-04 15:11:56] INFO org.apache.catalina.core.ContainerBase.[Tomcat].[localhost].[/app](DirectJDKLog.java:173) - Initializing Spring embedded WebApplicationContext
[2023-04-04 15:11:56] INFO org.springframework.boot.web.servlet.context.ServletWebServerApplicationContext(ServletWebServerApplicationContext.java:292) - Root WebApplicationContext: initialization completed in 311 ms
[2023-04-04 15:11:57] INFO org.springframework.boot.devtools.autoconfigure.OptionalLiveReloadServer(OptionalLiveReloadServer.java:59) - LiveReload server is running on port 35729
[2023-04-04 15:11:57] INFO org.apache.coyote.http11.Http11NioProtocol(DirectJDKLog.java:173) - Starting ProtocolHandler ["http-nio-8093"]
[2023-04-04 15:11:57] INFO org.springframework.boot.web.embedded.tomcat.TomcatWebServer(TomcatWebServer.java:220) - Tomcat started on port(s): 8093 (http) with context path '/app'
[2023-04-04 15:11:57] INFO com.example.PetprojectApplication(StartupInfoLogger.java:61) - Started PetprojectApplication in 0.475 seconds (JVM running for 1145.822)
[2023-04-04 15:11:57] INFO org.springframework.boot.devtools.autoconfigure.ConditionEvaluationDeltaLoggingListener(ConditionEvaluationDeltaLoggingListener.java:63) - Condition evaluation unchanged
